2108
0 L 0 383 1
0 D 409 383 1
1 L 0 216 1
1 L 0 122 1
1 L 0 35 1
1 L 0 179 1
1 D 800 216 1
1 D 800 122 1
1 D 800 35 1
1 D 800 179 1
2 L 0 225 1
2 D 425 225 1
2 L 5 299 1
2 D 464 299 1
3 L 0 204 1
3 L 0 122 1
3 L 0 168 1
3 L 0 278 1
3 D 870 204 1
3 D 870 122 1
3 D 870 168 1
3 D 870 278 1
2 L 5 81 1
2 D 663 81 1
4 L 0 172 1
4 L 0 129 1
4 L 0 398 1
4 D 1176 172 1
4 D 1176 129 1
4 D 1176 398 1
5 L 0 100 1
5 D 594 100 1
6 L 0 242 1
6 L 0 50 1
6 D 43 242 1
6 D 43 50 1
2 L 3 83 1
2 L 3 210 1
2 L 3 154 1
2 D 635 83 1
2 D 635 210 1
2 D 635 154 1
7 L 0 272 1
2 L 3 118 1
7 D 287 272 1
2 D 287 118 1
8 L 0 168 1
8 L 0 322 1
8 D 768 168 1
8 D 768 322 1
2 L 3 299 1
2 L 3 119 1
2 L 3 361 1
2 D 925 299 1
2 D 925 119 1
2 D 925 361 1
5 L 2 205 1
5 D 664 205 1
2 L 3 164 1
2 L 3 21 1
2 D 463 164 1
2 D 463 21 1
9 L 0 17 1
9 D 1072 17 1
5 L 7 111 1
5 D 275 111 1
10 L 0 348 1
10 L 0 310 1
10 D 46 348 1
10 D 46 310 1
7 L 3 163 1
7 D 913 163 1
11 L 0 288 1
11 L 0 255 1
11 L 0 247 1
11 D 529 288 1
11 D 529 255 1
11 D 529 247 1
7 L 3 110 1
7 D 919 110 1
12 L 0 241 1
12 D 775 241 1
7 L 3 96 1
7 L 3 17 1
7 D 144 96 1
7 D 144 17 1
5 L 3 285 1
5 D 1242 285 1
7 L 4 163 1
7 D 1 163 1
5 L 3 375 1
5 L 3 218 1
5 D 377 375 1
5 D 377 218 1
7 L 4 104 1
7 D 79 104 1
5 L 3 263 1
7 L 4 299 1
5 D 789 263 1
7 D 789 299 1
0 L 5 184 1
0 D 683 184 1
13 L 0 263 1
5 L 4 262 1
13 D 1186 263 1
5 D 1186 262 1
14 L 0 168 1
0 L 3 47 1
0 L 3 210 1
14 D 1219 168 1
0 D 1219 47 1
0 D 1219 210 1
5 L 4 154 1
5 L 4 2 1
5 D 1191 154 1
5 D 1191 2 1
13 L 4 52 1
13 L 4 26 1
13 D 1134 52 1
13 D 1134 26 1
1 L 5 344 1
1 L 5 200 1
1 L 5 196 1
1 L 5 172 1
1 L 5 62 1
1 D 936 344 1
1 D 936 200 1
1 D 936 196 1
1 D 936 172 1
1 D 936 62 1
13 L 4 154 1
13 D 1103 154 1
15 L 0 272 1
13 L 4 126 1
15 D 935 272 1
13 D 935 126 1
1 L 3 255 1
1 D 889 255 1
13 L 4 230 1
13 D 11 230 1
16 L 0 272 1
13 L 4 122 1
13 L 4 288 1
16 D 951 272 1
13 D 951 122 1
13 D 951 288 1
17 L 0 129 1
17 L 0 270 1
17 L 0 227 1
18 L 0 194 1
17 D 573 129 1
17 D 573 270 1
17 D 573 227 1
18 D 573 194 1
19 L 0 387 1
15 L 4 81 1
15 L 4 129 1
19 D 1046 387 1
15 D 1046 81 1
15 D 1046 129 1
20 L 0 15 1
20 L 0 33 1
20 L 0 8 1
21 L 0 95 1
20 L 0 88 1
20 D 83 15 1
20 D 83 33 1
20 D 83 8 1
20 D 83 88 1
21 D 83 95 1
15 L 4 345 1
15 L 4 360 1
15 D 787 345 1
15 D 787 360 1
19 L 4 43 1
19 D 50 43 1
7 L 4 181 1
7 L 4 50 1
7 L 4 201 1
7 D 212 181 1
7 D 212 50 1
7 D 212 201 1
0 L 3 293 1
0 L 3 398 1
0 D 780 293 1
0 D 780 398 1
14 L 3 110 1
17 L 7 359 1
14 D 465 110 1
17 D 465 359 1
22 L 0 31 1
19 L 6 214 1
22 D 1147 31 1
19 D 1147 214 1
19 L 6 191 1
19 D 776 191 1
2 L 4 149 1
2 L 4 243 1
2 L 4 210 1
2 L 4 52 1
2 D 156 149 1
2 D 156 243 1
2 D 156 210 1
2 D 156 52 1
23 L 0 140 1
22 L 6 398 1
22 L 6 129 1
23 D 953 140 1
22 D 953 398 1
22 D 953 129 1
5 L 3 126 1
5 L 3 350 1
2 L 4 236 1
5 D 1100 126 1
5 D 1100 350 1
2 D 1100 236 1
9 L 4 172 1
9 D 861 172 1
19 L 6 223 1
19 L 6 126 1
19 D 543 223 1
19 D 543 126 1
24 L 0 168 1
9 L 4 227 1
9 L 4 278 1
9 L 4 96 1
24 D 802 168 1
9 D 802 227 1
9 D 802 278 1
9 D 802 96 1
9 L 4 149 1
9 L 4 10 1
9 L 4 287 1
9 D 1199 149 1
9 D 1199 10 1
9 D 1199 287 1
1 L 3 225 1
1 L 3 290 1
3 L 3 76 1
1 D 349 225 1
1 D 349 290 1
3 D 349 76 1
9 L 4 378 1
9 L 4 122 1
9 D 1053 378 1
9 D 1053 122 1
24 L 4 288 1
24 D 363 288 1
1 L 3 194 1
1 L 3 17 1
1 D 369 194 1
1 D 369 17 1
25 L 0 269 1
19 L 6 255 1
25 D 318 269 1
19 D 318 255 1
24 L 4 26 1
24 L 4 126 1
24 D 146 26 1
24 D 146 126 1
18 L 2 384 1
18 L 2 166 1
18 D 180 384 1
18 D 180 166 1
26 L 0 361 1
26 L 0 123 1
26 L 0 35 1
27 L 0 266 1
27 L 0 85 1
26 D 525 361 1
26 D 525 123 1
26 D 525 35 1
27 D 525 266 1
27 D 525 85 1
24 L 4 15 1
24 L 4 283 1
24 D 738 15 1
24 D 738 283 1
24 L 4 214 1
24 D 688 214 1
19 L 6 104 1
19 D 852 104 1
18 L 7 289 1
18 D 816 289 1
24 L 4 382 1
24 D 980 382 1
7 L 4 162 1
7 D 829 162 1
3 L 3 112 1
3 L 3 283 1
3 L 3 268 1
18 L 8 21 1
3 D 179 112 1
3 D 179 283 1
3 D 179 268 1
18 D 179 21 1
28 L 0 182 1
14 L 3 224 1
28 D 392 182 1
14 D 392 224 1
7 L 4 304 1
25 L 6 47 1
25 L 6 115 1
25 L 6 216 1
25 L 6 126 1
25 L 6 136 1
7 D 220 304 1
25 D 220 47 1
25 D 220 115 1
25 D 220 216 1
25 D 220 126 1
25 D 220 136 1
29 L 0 241 1
29 L 0 172 1
29 L 0 221 1
29 L 0 278 1
14 L 0 242 1
29 D 754 241 1
29 D 754 172 1
29 D 754 221 1
29 D 754 278 1
14 D 754 242 1
28 L 3 121 1
28 L 5 15 1
28 D 193 121 1
28 D 193 15 1
7 L 6 396 1
7 D 303 396 1
28 L 0 396 1
17 L 3 27 1
28 D 678 396 1
17 D 678 27 1
24 L 4 360 1
24 L 4 227 1
24 L 4 35 1
24 L 4 270 1
24 D 356 360 1
24 D 356 227 1
24 D 356 35 1
24 D 356 270 1
24 L 4 200 1
24 D 843 200 1
17 L 0 92 1
0 L 3 282 1
0 L 3 360 1
2 L 3 10 1
0 L 3 342 1
17 D 1018 92 1
0 D 1018 282 1
0 D 1018 360 1
0 D 1018 342 1
2 D 1018 10 1
0 L 3 63 1
0 L 3 328 1
0 L 3 127 1
2 L 5 21 1
0 D 930 63 1
0 D 930 328 1
0 D 930 127 1
2 D 930 21 1
25 L 6 111 1
24 L 9 304 1
25 D 227 111 1
24 D 227 304 1
17 L 7 97 1
17 D 260 97 1
0 L 3 234 1
0 D 167 234 1
0 L 4 327 1
0 L 4 129 1
0 L 4 246 1
0 D 309 327 1
0 D 309 129 1
0 D 309 246 1
2 L 3 228 1
2 L 3 201 1
2 D 804 228 1
2 D 804 201 1
0 L 4 375 1
0 D 152 375 1
28 L 0 294 1
28 L 0 373 1
2 L 3 136 1
2 L 3 253 1
28 D 716 294 1
28 D 716 373 1
2 D 716 136 1
2 D 716 253 1
20 L 0 73 1
20 L 0 157 1
21 L 0 182 1
2 L 3 149 1
20 D 143 73 1
20 D 143 157 1
21 D 143 182 1
2 D 143 149 1
0 L 9 35 1
0 L 9 300 1
0 L 9 348 1
0 D 551 35 1
0 D 551 300 1
0 D 551 348 1
14 L 2 166 1
28 L 5 350 1
14 D 1119 166 1
28 D 1119 350 1
14 L 5 201 1
14 L 5 300 1
14 L 5 52 1
14 L 5 196 1
28 L 5 244 1
14 D 1034 201 1
14 D 1034 300 1
14 D 1034 52 1
14 D 1034 196 1
28 D 1034 244 1
24 L 6 104 1
24 D 1234 104 1
25 L 6 317 1
25 D 939 317 1
29 L 2 323 1
29 L 2 46 1
3 L 2 164 1
3 L 2 137 1
29 D 1124 323 1
29 D 1124 46 1
3 D 1124 164 1
3 D 1124 137 1
9 L 6 290 1
9 L 6 375 1
9 D 989 290 1
9 D 989 375 1
9 L 6 81 1
9 L 6 181 1
9 D 286 81 1
9 D 286 181 1
2 L 3 397 1
2 L 5 344 1
2 D 18 397 1
2 D 18 344 1
2 L 3 326 1
2 L 3 126 1
20 L 3 221 1
2 D 979 326 1
2 D 979 126 1
20 D 979 221 1
2 L 3 208 1
2 L 3 239 1
17 L 5 286 1
2 D 1151 208 1
2 D 1151 239 1
17 D 1151 286 1
21 L 4 78 1
21 L 4 213 1
21 D 970 78 1
21 D 970 213 1
20 L 3 151 1
20 L 3 270 1
2 L 3 233 1
2 L 3 398 1
2 L 3 181 1
20 D 961 151 1
20 D 961 270 1
2 D 961 233 1
2 D 961 398 1
2 D 961 181 1
2 L 3 34 1
2 L 3 153 1
2 D 257 34 1
2 D 257 153 1
20 L 3 396 1
20 L 3 136 1
17 L 3 214 1
17 L 3 8 1
20 D 878 396 1
20 D 878 136 1
17 D 878 214 1
17 D 878 8 1
17 L 3 153 1
17 L 3 85 1
17 L 3 114 1
20 L 3 50 1
20 L 5 210 1
17 D 1215 153 1
17 D 1215 85 1
17 D 1215 114 1
20 D 1215 50 1
20 D 1215 210 1
3 L 2 388 1
3 L 7 237 1
17 L 7 259 1
3 D 1203 388 1
3 D 1203 237 1
17 D 1203 259 1
20 L 3 64 1
20 L 3 283 1
20 L 3 278 1
2 L 5 376 1
20 D 1024 64 1
20 D 1024 283 1
20 D 1024 278 1
2 D 1024 376 1
2 L 3 278 1
2 L 3 282 1
2 D 218 278 1
2 D 218 282 1
4 L 0 296 1
3 L 7 111 1
3 L 7 243 1
3 L 7 77 1
17 L 7 133 1
3 L 7 210 1
17 L 7 126 1
4 D 393 296 1
3 D 393 111 1
3 D 393 243 1
3 D 393 77 1
3 D 393 210 1
17 D 393 133 1
17 D 393 126 1
20 L 3 224 1
20 L 3 330 1
20 L 3 278 1
14 L 5 357 1
20 D 731 224 1
20 D 731 330 1
20 D 731 278 1
14 D 731 357 1
3 L 2 384 1
3 L 2 76 1
3 L 2 290 1
3 D 1055 384 1
3 D 1055 76 1
3 D 1055 290 1
14 L 3 233 1
20 L 5 348 1
20 L 5 119 1
20 L 5 104 1
14 D 384 233 1
20 D 384 348 1
20 D 384 119 1
20 D 384 104 1
5 L 3 378 1
5 L 5 244 1
5 D 177 378 1
5 D 177 244 1
3 L 2 222 1
5 L 3 26 1
3 D 903 222 1
5 D 903 26 1
3 L 3 192 1
3 L 3 153 1
3 L 3 136 1
3 D 1195 192 1
3 D 1195 153 1
3 D 1195 136 1
5 L 3 121 1
5 L 5 223 1
5 D 302 121 1
5 D 302 223 1
14 L 0 371 1
14 L 0 35 1
14 L 0 150 1
20 L 0 35 1
4 L 7 392 1
14 D 345 371 1
14 D 345 35 1
14 D 345 150 1
20 D 345 35 1
4 D 345 392 1
4 L 0 168 1
3 L 3 380 1
17 L 7 150 1
17 L 7 81 1
4 D 973 168 1
3 D 973 380 1
17 D 973 150 1
17 D 973 81 1
3 L 3 225 1
4 L 3 64 1
3 L 3 397 1
4 L 3 120 1
3 D 974 225 1
3 D 974 397 1
4 D 974 64 1
4 D 974 120 1
14 L 0 168 1
0 L 4 129 1
0 L 4 204 1
5 L 4 270 1
0 L 4 299 1
14 D 798 168 1
0 D 798 129 1
0 D 798 204 1
0 D 798 299 1
5 D 798 270 1
20 L 0 31 1
0 L 4 350 1
21 L 9 391 1
20 D 761 31 1
0 D 761 350 1
21 D 761 391 1
17 L 0 73 1
1 L 7 81 1
1 L 7 283 1
1 L 7 52 1
18 L 7 100 1
17 D 960 73 1
1 D 960 81 1
1 D 960 283 1
1 D 960 52 1
18 D 960 100 1
0 L 4 348 1
0 L 4 172 1
0 D 657 348 1
0 D 657 172 1
29 L 2 358 1
29 D 82 358 1
6 L 0 144 1
20 L 4 86 1
20 L 4 139 1
6 D 31 144 1
20 D 31 86 1
20 D 31 139 1
3 L 3 80 1
21 L 4 149 1
21 L 4 190 1
3 D 487 80 1
21 D 487 149 1
21 D 487 190 1
5 L 4 192 1
5 L 4 81 1
5 D 2 192 1
5 D 2 81 1
6 L 5 266 1
6 L 5 109 1
6 L 5 113 1
6 D 1206 266 1
6 D 1206 109 1
6 D 1206 113 1
20 L 0 70 1
20 L 5 98 1
20 L 7 145 1
20 D 501 70 1
20 D 501 98 1
20 D 501 145 1
20 L 2 56 1
5 L 4 396 1
20 D 912 56 1
5 D 912 396 1
1 L 7 219 1
1 L 7 289 1
1 L 7 398 1
17 L 7 326 1
1 D 1128 219 1
1 D 1128 289 1
1 D 1128 398 1
17 D 1128 326 1
1 L 3 64 1
17 L 7 392 1
1 D 1222 64 1
17 D 1222 392 1
1 L 3 214 1
1 L 7 332 1
1 D 203 214 1
1 D 203 332 1
14 L 4 306 1
14 L 4 78 1
14 L 4 149 1
14 L 4 63 1
14 L 4 259 1
14 L 4 35 1
6 L 4 60 1
14 D 462 306 1
14 D 462 78 1
14 D 462 149 1
14 D 462 63 1
14 D 462 259 1
14 D 462 35 1
6 D 462 60 1
6 L 0 385 1
6 L 0 243 1
6 L 0 83 1
5 L 5 184 1
5 L 7 289 1
6 D 9 385 1
6 D 9 243 1
6 D 9 83 1
5 D 9 184 1
5 D 9 289 1
17 L 3 252 1
17 L 3 172 1
17 L 3 375 1
17 L 3 360 1
17 L 3 382 1
4 L 3 18 1
4 L 5 317 1
4 L 5 152 1
17 D 477 252 1
17 D 477 172 1
17 D 477 375 1
17 D 477 360 1
17 D 477 382 1
4 D 477 18 1
4 D 477 317 1
4 D 477 152 1
20 L 4 262 1
5 L 5 196 1
20 D 560 262 1
5 D 560 196 1
5 L 4 76 1
18 L 7 320 1
5 D 1182 76 1
18 D 1182 320 1
4 L 7 287 1
4 L 7 397 1
4 L 7 64 1
17 L 7 340 1
17 L 7 230 1
4 D 751 287 1
4 D 751 397 1
4 D 751 64 1
17 D 751 340 1
17 D 751 230 1
6 L 0 276 1
1 L 3 106 1
1 L 5 286 1
6 D 580 276 1
1 D 580 106 1
1 D 580 286 1
0 L 1 175 1
0 L 1 83 1
0 D 908 175 1
0 D 908 83 1
4 L 2 254 1
20 L 4 46 1
20 L 4 45 1
4 D 315 254 1
20 D 315 46 1
20 D 315 45 1
14 L 0 291 1
19 L 6 189 1
19 L 6 172 1
22 L 6 377 1
22 L 6 398 1
19 L 6 347 1
14 D 556 291 1
19 D 556 189 1
19 D 556 172 1
19 D 556 347 1
22 D 556 377 1
22 D 556 398 1
3 L 3 65 1
3 L 5 376 1
23 L 6 188 1
3 D 1087 65 1
3 D 1087 376 1
23 D 1087 188 1
4 L 0 133 1
3 L 4 86 1
4 D 895 133 1
3 D 895 86 1
23 L 4 397 1
23 L 4 371 1
17 L 7 220 1
17 L 7 220 1
23 D 634 397 1
23 D 634 371 1
17 D 634 220 1
17 D 634 220 1
17 L 4 162 1
17 L 4 361 1
17 D 727 162 1
17 D 727 361 1
21 L 7 220 1
21 L 7 270 1
21 D 929 220 1
21 D 929 270 1
3 L 0 269 1
23 L 3 228 1
1 L 4 45 1
3 D 756 269 1
23 D 756 228 1
1 D 756 45 1
21 L 2 254 1
28 L 5 364 1
21 D 840 254 1
28 D 840 364 1
4 L 0 31 1
4 L 5 113 1
4 L 7 221 1
21 L 7 16 1
4 D 312 31 1
4 D 312 113 1
4 D 312 221 1
21 D 312 16 1
28 L 3 242 1
28 L 3 136 1
5 L 5 71 1
4 L 7 97 1
28 D 853 242 1
28 D 853 136 1
5 D 853 71 1
4 D 853 97 1
4 L 7 287 1
4 L 7 260 1
5 L 7 242 1
5 L 7 210 1
28 L 7 151 1
4 D 883 287 1
4 D 883 260 1
5 D 883 242 1
5 D 883 210 1
28 D 883 151 1
20 L 0 247 1
21 L 2 45 1
21 L 2 76 1
21 L 2 215 1
21 L 2 203 1
20 L 5 212 1
4 L 7 145 1
20 D 1064 247 1
20 D 1064 212 1
21 D 1064 45 1
21 D 1064 76 1
21 D 1064 215 1
21 D 1064 203 1
4 D 1064 145 1
4 L 0 168 1
6 L 4 162 1
20 L 5 149 1
20 L 5 164 1
21 L 5 390 1
4 D 453 168 1
6 D 453 162 1
20 D 453 149 1
20 D 453 164 1
21 D 453 390 1
13 L 6 142 1
13 D 1022 142 1
18 L 4 151 1
18 L 4 239 1
17 L 4 343 1
18 D 239 151 1
18 D 239 239 1
17 D 239 343 1
4 L 0 157 1
4 L 0 296 1
13 L 3 57 1
5 L 7 68 1
4 D 84 157 1
4 D 84 296 1
13 D 84 57 1
5 D 84 68 1
17 L 4 208 1
17 L 4 270 1
18 L 4 57 1
7 L 4 167 1
17 L 4 122 1
17 L 4 360 1
17 D 382 208 1
17 D 382 270 1
17 D 382 122 1
17 D 382 360 1
18 D 382 57 1
7 D 382 167 1
6 L 3 159 1
28 L 7 15 1
28 L 7 106 1
28 L 7 96 1
6 L 7 208 1
6 D 972 159 1
6 D 972 208 1
28 D 972 15 1
28 D 972 106 1
28 D 972 96 1
7 L 4 17 1
7 L 4 111 1
17 L 4 396 1
7 L 4 241 1
7 D 150 17 1
7 D 150 111 1
7 D 150 241 1
17 D 150 396 1
18 L 4 360 1
18 L 4 173 1
7 L 4 340 1
18 L 4 297 1
7 L 4 132 1
17 L 4 361 1
15 L 4 323 1
18 D 77 360 1
18 D 77 173 1
18 D 77 297 1
7 D 77 340 1
7 D 77 132 1
17 D 77 361 1
15 D 77 323 1
2 L 4 189 1
20 L 5 113 1
24 L 9 310 1
2 D 558 189 1
20 D 558 113 1
24 D 558 310 1
21 L 0 276 1
21 L 0 272 1
2 L 4 352 1
21 L 5 347 1
6 L 5 32 1
21 D 53 276 1
21 D 53 272 1
21 D 53 347 1
2 D 53 352 1
6 D 53 32 1
28 L 3 282 1
2 L 7 332 1
2 L 7 88 1
2 L 7 223 1
28 D 1233 282 1
2 D 1233 332 1
2 D 1233 88 1
2 D 1233 223 1
6 L 3 346 1
16 L 6 300 1
6 D 652 346 1
16 D 652 300 1
20 L 4 78 1
2 L 7 97 1
20 D 591 78 1
2 D 591 97 1
21 L 0 168 1
21 L 0 92 1
28 L 2 49 1
21 L 5 183 1
21 D 1021 168 1
21 D 1021 92 1
21 D 1021 183 1
28 D 1021 49 1
21 L 0 219 1
6 L 6 362 1
21 D 390 219 1
6 D 390 362 1
6 L 0 296 1
6 L 7 97 1
6 L 7 392 1
6 D 742 296 1
6 D 742 97 1
6 D 742 392 1
21 L 7 119 1
21 L 8 41 1
21 D 555 119 1
21 D 555 41 1
28 L 0 64 1
28 L 0 73 1
4 L 0 225 1
28 L 0 360 1
4 L 0 350 1
21 L 3 282 1
28 D 255 64 1
28 D 255 73 1
28 D 255 360 1
4 D 255 225 1
4 D 255 350 1
21 D 255 282 1
4 L 2 384 1
1 L 3 106 1
2 L 4 214 1
2 L 4 26 1
4 D 323 384 1
1 D 323 106 1
2 D 323 214 1
2 D 323 26 1
20 L 4 375 1
20 L 4 154 1
20 L 4 287 1
6 L 4 104 1
24 L 9 98 1
20 D 990 375 1
20 D 990 154 1
20 D 990 287 1
6 D 990 104 1
24 D 990 98 1
6 L 4 32 1
6 L 4 104 1
20 L 4 326 1
6 L 4 123 1
20 L 4 278 1
1 L 7 108 1
6 D 1066 32 1
6 D 1066 104 1
6 D 1066 123 1
20 D 1066 326 1
20 D 1066 278 1
1 D 1066 108 1
21 L 0 168 1
2 L 3 397 1
2 L 3 372 1
2 L 3 112 1
2 L 3 27 1
21 D 636 168 1
2 D 636 397 1
2 D 636 372 1
2 D 636 112 1
2 D 636 27 1
28 L 0 276 1
28 L 0 114 1
2 L 8 22 1
28 D 547 276 1
28 D 547 114 1
2 D 547 22 1
4 L 3 266 1
16 L 6 107 1
4 D 171 266 1
16 D 171 107 1
2 L 0 272 1
24 L 4 36 1
4 L 4 32 1
24 L 4 16 1
2 D 1162 272 1
24 D 1162 36 1
24 D 1162 16 1
4 D 1162 32 1
28 L 0 385 1
28 L 0 15 1
5 L 0 40 1
21 L 8 258 1
28 D 1249 385 1
28 D 1249 15 1
5 D 1249 40 1
21 D 1249 258 1
5 L 0 70 1
5 L 0 375 1
5 L 0 104 1
21 L 8 41 1
5 D 32 70 1
5 D 32 375 1
5 D 32 104 1
21 D 32 41 1
28 L 5 184 1
28 L 8 41 1
28 D 1229 184 1
28 D 1229 41 1
1 L 3 390 1
1 L 3 132 1
6 L 3 178 1
20 L 3 154 1
28 L 3 326 1
6 L 3 398 1
28 L 5 113 1
20 L 7 343 1
1 D 823 390 1
1 D 823 132 1
6 D 823 178 1
6 D 823 398 1
20 D 823 154 1
20 D 823 343 1
28 D 823 326 1
28 D 823 113 1
1 L 3 104 1
1 L 3 81 1
1 L 3 80 1
1 L 3 375 1
1 L 3 149 1
6 L 5 71 1
6 L 5 137 1
1 D 808 104 1
1 D 808 81 1
1 D 808 80 1
1 D 808 375 1
1 D 808 149 1
6 D 808 71 1
6 D 808 137 1
20 L 2 384 1
28 L 3 225 1
1 L 3 225 1
6 L 3 36 1
20 D 439 384 1
28 D 439 225 1
1 D 439 225 1
6 D 439 36 1
5 L 2 384 1
16 L 4 216 1
9 L 6 391 1
5 D 461 384 1
16 D 461 216 1
9 D 461 391 1
21 L 0 72 1
2 L 4 16 1
2 L 4 268 1
2 L 4 26 1
21 L 7 108 1
21 D 374 72 1
21 D 374 108 1
2 D 374 16 1
2 D 374 268 1
2 D 374 26 1
4 L 4 394 1
2 L 6 219 1
4 D 745 394 1
2 D 745 219 1
1 L 0 227 1
1 L 0 191 1
1 L 0 246 1
6 L 0 385 1
6 L 0 350 1
24 L 4 248 1
6 L 5 71 1
1 D 834 227 1
1 D 834 191 1
1 D 834 246 1
6 D 834 385 1
6 D 834 350 1
6 D 834 71 1
24 D 834 248 1
3 L 3 18 1
3 L 3 372 1
5 L 4 10 1
3 D 154 18 1
3 D 154 372 1
5 D 154 10 1
0 L 1 54 1
0 D 760 54 1
3 L 3 153 1
5 L 4 394 1
2 L 6 123 1
3 D 956 153 1
5 D 956 394 1
2 D 956 123 1
1 L 0 26 1
1 L 0 16 1
29 L 8 41 1
1 D 8 26 1
1 D 8 16 1
29 D 8 41 1
1 L 0 287 1
1 L 0 178 1
23 L 8 267 1
23 L 8 66 1
1 D 175 287 1
1 D 175 178 1
23 D 175 267 1
23 D 175 66 1
1 L 2 384 1
23 L 3 372 1
23 L 5 283 1
1 D 194 384 1
23 D 194 372 1
23 D 194 283 1
1 L 3 127 1
23 L 3 308 1
2 L 3 127 1
1 L 5 21 1
23 L 5 286 1
1 D 249 127 1
1 D 249 21 1
23 D 249 308 1
23 D 249 286 1
2 D 249 127 1
29 L 0 157 1
4 L 6 142 1
29 D 352 157 1
4 D 352 142 1
3 L 4 226 1
21 L 6 51 1
3 D 950 226 1
21 D 950 51 1
1 L 2 30 1
2 L 3 70 1
2 L 3 371 1
2 L 3 287 1
2 L 3 138 1
1 D 911 30 1
2 D 911 70 1
2 D 911 371 1
2 D 911 287 1
2 D 911 138 1
1 L 3 191 1
1 L 3 245 1
5 L 4 306 1
23 L 7 145 1
1 D 1133 191 1
1 D 1133 245 1
5 D 1133 306 1
23 D 1133 145 1
1 L 2 309 1
5 L 3 173 1
5 L 3 287 1
1 D 1059 309 1
5 D 1059 173 1
5 D 1059 287 1
23 L 3 35 1
23 L 8 131 1
23 D 381 35 1
23 D 381 131 1
6 L 0 247 1
0 L 9 95 1
0 L 9 52 1
0 L 9 348 1
6 D 357 247 1
0 D 357 95 1
0 D 357 52 1
0 D 357 348 1
3 L 6 362 1
3 D 1088 362 1
23 L 5 184 1
21 L 6 61 1
23 D 572 184 1
21 D 572 61 1
24 L 0 73 1
2 L 3 189 1
2 L 3 360 1
2 L 3 60 1
1 L 3 141 1
1 L 3 100 1
24 D 632 73 1
2 D 632 189 1
2 D 632 360 1
2 D 632 60 1
1 D 632 141 1
1 D 632 100 1
20 L 0 277 1
1 L 3 221 1
0 L 9 235 1
0 L 9 369 1
20 D 1184 277 1
1 D 1184 221 1
0 D 1184 235 1
0 D 1184 369 1
2 L 3 75 1
24 L 3 150 1
2 L 3 398 1
24 L 3 133 1
2 L 5 184 1
2 D 506 75 1
2 D 506 398 1
2 D 506 184 1
24 D 506 150 1
24 D 506 133 1
2 L 3 285 1
3 L 8 355 1
2 D 992 285 1
3 D 992 355 1
2 L 3 375 1
2 L 3 375 1
2 L 3 202 1
6 L 9 14 1
2 D 116 375 1
2 D 116 375 1
2 D 116 202 1
6 D 116 14 1
2 L 3 36 1
2 L 5 21 1
2 L 7 105 1
2 D 26 36 1
2 D 26 21 1
2 D 26 105 1
0 L 2 49 1
6 L 3 380 1
6 L 5 8 1
6 L 5 297 1
1 L 5 242 1
6 L 5 149 1
0 D 489 49 1
6 D 489 380 1
6 D 489 8 1
6 D 489 297 1
6 D 489 149 1
1 D 489 242 1
3 L 3 241 1
3 L 3 111 1
3 L 8 125 1
3 D 707 241 1
3 D 707 111 1
3 D 707 125 1
20 L 5 85 1
21 L 6 365 1
20 D 892 85 1
21 D 892 365 1
24 L 3 96 1
24 L 3 50 1
24 L 3 245 1
24 L 3 299 1
4 L 4 273 1
24 D 639 96 1
24 D 639 50 1
24 D 639 245 1
24 D 639 299 1
4 D 639 273 1
0 L 0 373 1
20 L 2 309 1
5 L 3 372 1
21 L 7 237 1
0 D 238 373 1
20 D 238 309 1
5 D 238 372 1
21 D 238 237 1
1 L 0 133 1
1 L 0 38 1
6 L 0 297 1
0 L 2 384 1
4 L 3 372 1
4 L 5 113 1
1 D 661 133 1
1 D 661 38 1
6 D 661 297 1
0 D 661 384 1
4 D 661 372 1
4 D 661 113 1
0 L 0 201 1
25 L 9 235 1
0 D 305 201 1
25 D 305 235 1
1 L 0 73 1
29 L 4 201 1
29 L 4 96 1
4 L 5 1 1
1 D 868 73 1
29 D 868 201 1
29 D 868 96 1
4 D 868 1 1
24 L 3 228 1
24 L 5 376 1
24 D 887 228 1
24 D 887 376 1
9 L 4 352 1
1 L 9 223 1
9 D 729 352 1
1 D 729 223 1
16 L 4 270 1
16 L 4 317 1
24 L 6 51 1
16 D 1071 270 1
16 D 1071 317 1
24 D 1071 51 1
5 L 8 125 1
5 D 325 125 1
2 L 3 153 1
2 L 3 6 1
20 L 7 239 1
20 L 7 300 1
21 L 7 177 1
2 L 7 242 1
2 D 338 153 1
2 D 338 6 1
2 D 338 242 1
20 D 338 239 1
20 D 338 300 1
21 D 338 177 1
2 L 3 159 1
2 L 3 159 1
16 L 4 127 1
16 L 4 398 1
24 L 4 81 1
2 D 617 159 1
2 D 617 159 1
16 D 617 127 1
16 D 617 398 1
24 D 617 81 1
1 L 9 25 1
1 L 9 283 1
1 L 9 115 1
1 L 9 167 1
1 D 1009 25 1
1 D 1009 283 1
1 D 1009 115 1
1 D 1009 167 1
6 L 0 262 1
9 L 9 251 1
6 D 121 262 1
9 D 121 251 1
0 L 0 276 1
2 L 4 218 1
2 L 4 181 1
2 L 4 17 1
20 L 7 93 1
0 D 1051 276 1
2 D 1051 218 1
2 D 1051 181 1
2 D 1051 17 1
20 D 1051 93 1
21 L 3 136 1
21 L 3 371 1
21 L 3 129 1
0 L 9 12 1
21 D 806 136 1
21 D 806 371 1
21 D 806 129 1
0 D 806 12 1
0 L 3 293 1
0 L 3 156 1
3 L 8 41 1
0 D 90 293 1
0 D 90 156 1
3 D 90 41 1
0 L 7 216 1
0 L 7 48 1
3 L 7 320 1
21 L 8 161 1
0 D 1097 216 1
0 D 1097 48 1
3 D 1097 320 1
21 D 1097 161 1
16 L 4 155 1
5 L 6 287 1
5 L 6 40 1
16 D 206 155 1
5 D 206 287 1
5 D 206 40 1
25 L 0 249 1
0 L 2 74 1
3 L 7 115 1
3 L 7 287 1
3 L 7 220 1
25 D 534 249 1
0 D 534 74 1
3 D 534 115 1
3 D 534 287 1
3 D 534 220 1
21 L 3 233 1
5 L 6 85 1
16 L 6 323 1
21 D 371 233 1
5 D 371 85 1
16 D 371 323 1
28 L 0 276 1
28 L 0 92 1
2 L 9 32 1
2 L 9 191 1
28 D 261 276 1
28 D 261 92 1
2 D 261 32 1
2 D 261 191 1
13 L 0 40 1
0 L 2 166 1
24 L 4 273 1
13 D 865 40 1
0 D 865 166 1
24 D 865 273 1
0 L 0 277 1
1 L 4 278 1
1 L 4 99 1
3 L 7 97 1
0 D 1003 277 1
1 D 1003 278 1
1 D 1003 99 1
3 D 1003 97 1
25 L 2 49 1
13 L 2 222 1
24 L 3 328 1
25 D 131 49 1
13 D 131 222 1
24 D 131 328 1
13 L 3 330 1
13 L 3 63 1
13 L 3 241 1
13 L 3 372 1
24 L 5 376 1
13 L 7 68 1
13 D 1058 330 1
13 D 1058 63 1
13 D 1058 241 1
13 D 1058 372 1
13 D 1058 68 1
24 D 1058 376 1
25 L 3 32 1
13 L 8 130 1
25 D 838 32 1
13 D 838 130 1
26 L 0 182 1
24 L 2 7 1
24 L 7 188 1
24 L 8 22 1
26 D 359 182 1
24 D 359 7 1
24 D 359 188 1
24 D 359 22 1
24 L 5 16 1
24 L 5 120 1
24 L 5 278 1
26 L 5 167 1
26 L 5 146 1
24 L 5 383 1
27 L 5 163 1
27 L 5 173 1
5 L 6 399 1
24 D 181 16 1
24 D 181 120 1
24 D 181 278 1
24 D 181 383 1
26 D 181 167 1
26 D 181 146 1
27 D 181 163 1
27 D 181 173 1
5 D 181 399 1
5 L 0 276 1
13 L 3 214 1
13 L 3 219 1
13 L 3 245 1
25 L 8 267 1
25 L 8 41 1
5 D 772 276 1
13 D 772 214 1
13 D 772 219 1
13 D 772 245 1
25 D 772 267 1
25 D 772 41 1
5 L 3 114 1
5 L 3 398 1
5 L 3 360 1
16 L 6 90 1
5 D 993 114 1
5 D 993 398 1
5 D 993 360 1
16 D 993 90 1
13 L 3 346 1
13 L 3 126 1
25 L 8 161 1
13 D 999 346 1
13 D 999 126 1
25 D 999 161 1
21 L 6 107 1
2 L 9 100 1
2 L 9 397 1
21 D 964 107 1
2 D 964 100 1
2 D 964 397 1
23 L 6 327 1
23 L 6 90 1
12 L 6 328 1
23 D 938 327 1
23 D 938 90 1
12 D 938 328 1
13 L 7 68 1
2 L 9 48 1
2 L 9 278 1
13 D 666 68 1
2 D 666 48 1
2 D 666 278 1
24 L 0 143 1
24 L 0 52 1
24 L 0 168 1
21 L 9 353 1
24 D 1037 143 1
24 D 1037 52 1
24 D 1037 168 1
21 D 1037 353 1
25 L 3 27 1
5 L 4 35 1
28 L 9 132 1
25 D 209 27 1
5 D 209 35 1
28 D 209 132 1
16 L 4 192 1
16 L 4 239 1
5 L 4 186 1
25 L 9 106 1
16 D 516 192 1
16 D 516 239 1
5 D 516 186 1
25 D 516 106 1
0 L 3 121 1
28 L 4 280 1
28 L 4 350 1
28 L 4 17 1
5 L 4 262 1
0 D 561 121 1
28 D 561 280 1
28 D 561 350 1
28 D 561 17 1
5 D 561 262 1
12 L 6 163 1
16 L 9 337 1
12 D 127 163 1
16 D 127 337 1
1 L 3 18 1
1 L 5 297 1
26 L 5 281 1
12 L 6 399 1
1 D 313 18 1
1 D 313 297 1
26 D 313 281 1
12 D 313 399 1
1 L 3 380 1
0 L 4 78 1
12 L 5 371 1
12 L 5 136 1
1 D 120 380 1
0 D 120 78 1
12 D 120 371 1
12 D 120 136 1
16 L 6 263 1
25 L 9 303 1
16 D 1098 263 1
25 D 1098 303 1
0 L 2 334 1
5 L 4 350 1
5 L 4 278 1
5 L 4 397 1
28 L 4 314 1
0 D 60 334 1
5 D 60 350 1
5 D 60 278 1
5 D 60 397 1
28 D 60 314 1
26 L 5 260 1
1 L 5 205 1
12 L 8 355 1
26 D 625 260 1
1 D 625 205 1
12 D 625 355 1
27 L 0 272 1
27 L 0 179 1
0 L 4 96 1
0 L 4 81 1
0 L 4 270 1
5 L 4 114 1
20 L 9 303 1
27 D 770 272 1
27 D 770 179 1
0 D 770 96 1
0 D 770 81 1
0 D 770 270 1
5 D 770 114 1
20 D 770 303 1
1 L 3 328 1
1 L 3 181 1
1 L 3 290 1
28 L 4 86 1
1 L 5 339 1
1 D 520 328 1
1 D 520 181 1
1 D 520 290 1
1 D 520 339 1
28 D 520 86 1
23 L 6 243 1
23 L 6 199 1
1 L 8 312 1
23 D 619 243 1
23 D 619 199 1
1 D 619 312 1
28 L 3 167 1
16 L 6 90 1
28 L 7 246 1
28 D 968 167 1
28 D 968 246 1
16 D 968 90 1
2 L 9 25 1
2 L 9 386 1
2 D 1001 25 1
2 D 1001 386 1
16 L 2 44 1
12 L 3 380 1
28 L 8 67 1
16 D 30 44 1
12 D 30 380 1
28 D 30 67 1
0 L 4 2 1
0 L 4 236 1
12 L 7 19 1
0 D 1077 2 1
0 D 1077 236 1
12 D 1077 19 1
0 L 4 189 1
0 L 4 96 1
0 L 4 57 1
12 L 4 2 1
12 L 4 172 1
12 L 4 35 1
26 L 5 286 1
25 L 6 151 1
0 D 1168 189 1
0 D 1168 96 1
0 D 1168 57 1
12 D 1168 2 1
12 D 1168 172 1
12 D 1168 35 1
26 D 1168 286 1
25 D 1168 151 1
0 L 4 374 1
0 L 4 361 1
0 L 4 35 1
12 L 4 141 1
16 L 8 257 1
0 D 267 374 1
0 D 267 361 1
0 D 267 35 1
12 D 267 141 1
16 D 267 257 1
21 L 0 215 1
21 L 0 32 1
0 L 3 233 1
13 L 6 399 1
21 D 926 215 1
21 D 926 32 1
0 D 926 233 1
13 D 926 399 1
25 L 4 237 1
25 L 4 100 1
26 L 4 8 1
26 L 4 127 1
5 L 4 60 1
5 L 4 300 1
25 D 995 237 1
25 D 995 100 1
26 D 995 8 1
26 D 995 127 1
5 D 995 60 1
5 D 995 300 1
0 L 0 247 1
0 L 0 168 1
12 L 3 80 1
12 L 3 153 1
5 L 4 283 1
5 L 4 201 1
5 L 4 239 1
5 L 4 63 1
20 L 4 210 1
0 D 78 247 1
0 D 78 168 1
12 D 78 80 1
12 D 78 153 1
5 D 78 283 1
5 D 78 201 1
5 D 78 239 1
5 D 78 63 1
20 D 78 210 1
13 L 0 146 1
28 L 2 49 1
13 L 8 165 1
13 D 486 146 1
13 D 486 165 1
28 D 486 49 1
13 L 5 390 1
13 L 5 10 1
25 L 9 58 1
13 D 1115 390 1
13 D 1115 10 1
25 D 1115 58 1
0 L 4 162 1
28 L 5 216 1
28 L 5 208 1
28 L 5 117 1
28 L 5 120 1
0 D 527 162 1
28 D 527 216 1
28 D 527 208 1
28 D 527 117 1
28 D 527 120 1
13 L 3 0 1
13 L 5 186 1
13 L 5 268 1
16 L 5 136 1
26 L 9 25 1
26 L 9 160 1
13 D 187 0 1
13 D 187 186 1
13 D 187 268 1
16 D 187 136 1
26 D 187 25 1
26 D 187 160 1
5 L 4 360 1
5 L 4 242 1
5 L 4 70 1
13 L 5 286 1
13 L 5 184 1
13 L 5 65 1
5 D 708 360 1
5 D 708 242 1
5 D 708 70 1
13 D 708 286 1
13 D 708 184 1
13 D 708 65 1
21 L 0 269 1
16 L 2 49 1
26 L 3 233 1
26 L 5 278 1
25 L 5 75 1
21 D 1226 269 1
16 D 1226 49 1
26 D 1226 233 1
26 D 1226 278 1
25 D 1226 75 1
16 L 2 222 1
14 L 6 53 1
16 D 274 222 1
14 D 274 53 1
14 L 3 76 1
14 L 3 278 1
14 L 3 65 1
21 L 8 66 1
14 D 324 76 1
14 D 324 278 1
14 D 324 65 1
21 D 324 66 1
5 L 4 86 1
19 L 6 107 1
5 D 379 86 1
19 D 379 107 1
16 L 3 80 1
13 L 4 35 1
13 L 4 43 1
12 L 4 270 1
12 L 4 189 1
22 L 6 238 1
16 D 1084 80 1
13 D 1084 35 1
13 D 1084 43 1
12 D 1084 270 1
12 D 1084 189 1
22 D 1084 238 1
25 L 2 291 1
25 L 2 375 1
26 L 2 146 1
25 L 2 63 1
5 L 9 386 1
25 D 881 291 1
25 D 881 375 1
25 D 881 63 1
26 D 881 146 1
5 D 881 386 1
12 L 0 73 1
14 L 3 164 1
19 L 9 303 1
12 D 49 73 1
14 D 49 164 1
19 D 49 303 1
5 L 2 384 1
25 L 5 136 1
25 L 5 45 1
25 L 5 16 1
26 L 5 314 1
5 L 8 125 1
5 D 342 384 1
5 D 342 125 1
25 D 342 136 1
25 D 342 45 1
25 D 342 16 1
26 D 342 314 1
12 L 3 83 1
12 L 3 218 1
11 L 6 90 1
5 L 7 19 1
12 D 795 83 1
12 D 795 218 1
11 D 795 90 1
5 D 795 19 1
20 L 4 278 1
20 L 4 322 1
20 L 4 76 1
7 L 6 335 1
20 D 1201 278 1
20 D 1201 322 1
20 D 1201 76 1
7 D 1201 335 1
25 L 5 215 1
25 L 5 43 1
26 L 5 15 1
26 L 5 275 1
26 L 5 112 1
5 L 8 130 1
25 D 292 215 1
25 D 292 43 1
26 D 292 15 1
26 D 292 275 1
26 D 292 112 1
5 D 292 130 1
7 L 4 221 1
7 L 4 138 1
11 L 5 286 1
4 L 9 353 1
7 D 283 221 1
7 D 283 138 1
11 D 283 286 1
4 D 283 353 1
12 L 5 183 1
21 L 8 130 1
12 D 900 183 1
21 D 900 130 1
14 L 3 264 1
14 L 3 13 1
12 L 9 12 1
14 D 794 264 1
14 D 794 13 1
12 D 794 12 1
19 L 3 242 1
12 L 6 362 1
19 L 7 97 1
19 D 1235 242 1
19 D 1235 97 1
12 D 1235 362 1
5 L 0 272 1
5 L 2 222 1
12 L 3 282 1
20 L 4 297 1
5 D 825 272 1
5 D 825 222 1
12 D 825 282 1
20 D 825 297 1
25 L 0 285 1
25 L 0 138 1
25 L 0 375 1
25 L 0 63 1
21 L 4 394 1
19 L 5 395 1
25 D 47 285 1
25 D 47 138 1
25 D 47 375 1
25 D 47 63 1
21 D 47 394 1
19 D 47 395 1
13 L 5 71 1
5 L 6 375 1
5 L 6 301 1
12 L 6 167 1
13 D 328 71 1
5 D 328 375 1
5 D 328 301 1
12 D 328 167 1
16 L 5 345 1
16 L 5 184 1
16 L 5 396 1
22 L 5 48 1
5 L 6 142 1
16 D 620 345 1
16 D 620 184 1
16 D 620 396 1
22 D 620 48 1
5 D 620 142 1
26 L 0 276 1
27 L 4 162 1
12 L 6 60 1
12 L 6 382 1
26 D 1216 276 1
27 D 1216 162 1
12 D 1216 60 1
12 D 1216 382 1
5 L 3 233 1
3 L 4 352 1
12 L 6 114 1
5 D 885 233 1
3 D 885 352 1
12 D 885 114 1
16 L 3 288 1
16 L 5 196 1
29 L 9 116 1
16 D 916 288 1
16 D 916 196 1
29 D 916 116 1
16 L 2 358 1
16 L 2 158 1
29 L 3 253 1
29 L 3 138 1
29 L 5 266 1
16 D 445 358 1
16 D 445 158 1
29 D 445 253 1
29 D 445 138 1
29 D 445 266 1
16 L 4 114 1
16 L 4 245 1
16 L 4 299 1
16 L 4 253 1
16 L 9 386 1
16 D 1230 114 1
16 D 1230 245 1
16 D 1230 299 1
16 D 1230 253 1
16 D 1230 386 1
29 L 3 282 1
16 L 4 150 1
4 L 4 46 1
7 L 4 127 1
7 L 4 227 1
29 D 366 282 1
16 D 366 150 1
4 D 366 46 1
7 D 366 127 1
7 D 366 227 1
22 L 3 346 1
22 L 5 154 1
3 L 6 362 1
22 D 276 346 1
22 D 276 154 1
3 D 276 362 1
4 L 4 75 1
7 L 4 15 1
7 L 4 10 1
5 L 6 195 1
4 D 17 75 1
7 D 17 15 1
7 D 17 10 1
5 D 17 195 1
3 L 3 221 1
3 L 3 199 1
3 L 3 126 1
13 L 9 251 1
3 D 1225 221 1
3 D 1225 199 1
3 D 1225 126 1
13 D 1225 251 1
24 L 0 373 1
4 L 4 117 1
4 L 4 99 1
5 L 4 64 1
24 D 1170 373 1
4 D 1170 117 1
4 D 1170 99 1
5 D 1170 64 1
22 L 3 230 1
22 L 3 380 1
4 L 9 369 1
22 D 1007 230 1
22 D 1007 380 1
4 D 1007 369 1
4 L 3 264 1
7 L 4 26 1
12 L 6 106 1
4 D 1183 264 1
7 D 1183 26 1
12 D 1183 106 1
22 L 2 87 1
3 L 2 30 1
4 L 4 243 1
22 D 676 87 1
3 D 676 30 1
4 D 676 243 1
13 L 3 173 1
3 L 3 239 1
4 L 4 46 1
4 L 4 201 1
4 L 4 283 1
13 L 7 68 1
13 D 1136 173 1
13 D 1136 68 1
3 D 1136 239 1
4 D 1136 46 1
4 D 1136 201 1
4 D 1136 283 1
2 L 2 87 1
3 L 4 382 1
3 L 4 154 1
11 L 5 364 1
26 L 6 239 1
2 D 923 87 1
3 D 923 382 1
3 D 923 154 1
11 D 923 364 1
26 D 923 239 1
0 L 0 149 1
0 L 5 232 1
0 L 5 376 1
0 L 8 5 1
0 D 1011 149 1
0 D 1011 232 1
0 D 1011 376 1
0 D 1011 5 1
22 L 3 233 1
22 L 5 376 1
7 L 9 14 1
22 D 888 233 1
22 D 888 376 1
7 D 888 14 1
0 L 0 109 1
0 L 0 276 1
7 L 3 233 1
4 L 4 164 1
4 L 4 300 1
4 L 4 278 1
12 L 9 337 1
0 D 19 109 1
0 D 19 276 1
7 D 19 233 1
4 D 19 164 1
4 D 19 300 1
4 D 19 278 1
12 D 19 337 1
27 L 6 175 1
5 L 9 386 1
27 D 245 175 1
5 D 245 386 1
28 L 0 140 1
13 L 4 127 1
28 L 5 184 1
24 L 9 173 1
28 D 1049 140 1
28 D 1049 184 1
13 D 1049 127 1
24 D 1049 173 1
22 L 2 158 1
13 L 9 386 1
22 D 1116 158 1
13 D 1116 386 1
0 L 3 380 1
24 L 4 229 1
24 L 4 278 1
0 L 5 286 1
0 D 1157 380 1
0 D 1157 286 1
24 D 1157 229 1
24 D 1157 278 1
13 L 2 388 1
0 L 4 273 1
0 L 4 139 1
24 L 4 78 1
13 D 75 388 1
0 D 75 273 1
0 D 75 139 1
24 D 75 78 1