4122
0 L 0 293 1
0 L 0 614 1
0 L 0 594 1
0 D 659 293 1
0 D 659 614 1
0 D 659 594 1
1 L 0 940 1
1 L 0 736 1
1 L 0 724 1
1 D 428 940 1
1 D 428 736 1
1 D 428 724 1
2 L 0 862 1
2 L 0 970 1
2 D 514 862 1
2 D 514 970 1
3 L 0 628 1
3 L 0 385 1
3 D 653 628 1
3 D 653 385 1
4 L 0 163 1
4 L 0 362 1
4 D 17 163 1
4 D 17 362 1
5 L 0 730 1
5 L 0 720 1
5 D 449 730 1
5 D 449 720 1
6 L 0 855 1
6 L 0 539 1
6 L 0 931 1
6 D 52 855 1
6 D 52 539 1
6 D 52 931 1
7 L 0 168 1
7 L 0 360 1
7 L 0 382 1
7 D 259 168 1
7 D 259 360 1
7 D 259 382 1
8 L 0 270 1
8 L 0 37 1
8 D 365 270 1
8 D 365 37 1
9 L 0 432 1
9 L 0 158 1
9 D 149 432 1
9 D 149 158 1
10 L 0 548 1
10 D 338 548 1
11 L 0 372 1
11 L 0 486 1
11 D 134 372 1
11 D 134 486 1
12 L 0 820 1
12 L 0 837 1
12 D 462 820 1
12 D 462 837 1
13 L 0 953 1
13 L 0 672 1
13 D 356 953 1
13 D 356 672 1
14 L 0 982 1
14 L 0 653 1
15 L 0 133 1
14 L 0 856 1
14 D 11 982 1
14 D 11 653 1
14 D 11 856 1
15 D 11 133 1
16 L 0 623 1
16 L 0 918 1
16 L 0 109 1
16 D 634 623 1
16 D 634 918 1
16 D 634 109 1
17 L 0 70 1
17 L 0 935 1
17 L 0 659 1
17 D 775 70 1
17 D 775 935 1
17 D 775 659 1
18 L 0 41 1
18 L 0 906 1
19 L 0 301 1
19 L 0 543 1
18 D 782 41 1
18 D 782 906 1
19 D 782 301 1
19 D 782 543 1
0 L 0 301 1
0 L 0 627 1
1 L 0 743 1
0 D 332 301 1
0 D 332 627 1
1 D 332 743 1
14 L 0 237 1
14 L 0 622 1
14 L 0 966 1
14 L 0 181 1
14 D 691 237 1
14 D 691 622 1
14 D 691 966 1
14 D 691 181 1
15 L 0 789 1
15 L 0 384 1
15 D 681 789 1
15 D 681 384 1
18 L 0 983 1
18 L 0 931 1
18 L 0 142 1
18 D 298 983 1
18 D 298 931 1
18 D 298 142 1
19 L 0 86 1
19 L 0 587 1
19 L 0 141 1
19 D 211 86 1
19 D 211 587 1
19 D 211 141 1
0 L 0 452 1
0 D 216 452 1
1 L 0 522 1
1 L 0 649 1
1 D 348 522 1
1 D 348 649 1
2 L 0 954 1
2 L 0 741 1
2 D 677 954 1
2 D 677 741 1
3 L 0 484 1
3 L 0 88 1
3 L 0 894 1
4 L 0 896 1
4 L 0 320 1
3 D 159 484 1
3 D 159 88 1
3 D 159 894 1
4 D 159 896 1
4 D 159 320 1
3 L 0 558 1
3 D 175 558 1
4 L 0 594 1
4 L 0 81 1
4 L 0 375 1
4 L 0 870 1
4 D 244 594 1
4 D 244 81 1
4 D 244 375 1
4 D 244 870 1
5 L 0 261 1
5 L 0 453 1
5 D 621 261 1
5 D 621 453 1
6 L 0 734 1
6 L 0 112 1
6 L 0 189 1
6 D 110 734 1
6 D 110 112 1
6 D 110 189 1
7 L 0 870 1
7 L 0 372 1
7 D 631 870 1
7 D 631 372 1
8 L 0 68 1
8 L 0 151 1
8 D 228 68 1
8 D 228 151 1
9 L 0 401 1
9 L 0 751 1
9 L 0 444 1
10 L 0 917 1
9 D 422 401 1
9 D 422 751 1
9 D 422 444 1
10 D 422 917 1
9 L 0 575 1
9 L 0 466 1
9 D 139 575 1
9 D 139 466 1
10 L 0 671 1
10 L 0 835 1
10 L 0 255 1
11 L 0 781 1
10 L 0 981 1
10 D 668 671 1
10 D 668 835 1
10 D 668 255 1
10 D 668 981 1
11 D 668 781 1
10 L 0 404 1
10 D 124 404 1
11 L 0 293 1
11 L 0 104 1
12 L 0 442 1
12 L 0 587 1
12 L 0 797 1
11 D 619 293 1
11 D 619 104 1
12 D 619 442 1
12 D 619 587 1
12 D 619 797 1
11 L 0 434 1
11 L 0 227 1
11 D 273 434 1
11 D 273 227 1
12 L 0 889 1
12 D 465 889 1
13 L 0 962 1
13 L 0 727 1
13 L 0 875 1
13 L 0 852 1
13 D 547 962 1
13 D 547 727 1
13 D 547 875 1
13 D 547 852 1
16 L 0 773 1
16 L 0 616 1
16 D 276 773 1
16 D 276 616 1
17 L 0 642 1
17 L 0 961 1
17 D 3 642 1
17 D 3 961 1
14 L 0 129 1
14 L 0 997 1
14 D 128 129 1
14 D 128 997 1
15 L 0 8 1
15 L 0 691 1
15 D 552 8 1
15 D 552 691 1
18 L 0 323 1
18 L 0 139 1
18 D 53 323 1
18 D 53 139 1
19 L 0 303 1
19 L 0 904 1
19 L 0 645 1
0 L 0 76 1
19 L 0 992 1
0 L 0 755 1
0 L 0 550 1
1 L 0 415 1
1 L 0 8 1
1 L 0 614 1
2 L 0 435 1
19 D 339 303 1
19 D 339 904 1
19 D 339 645 1
19 D 339 992 1
0 D 339 76 1
0 D 339 755 1
0 D 339 550 1
1 D 339 415 1
1 D 339 8 1
1 D 339 614 1
2 D 339 435 1
0 L 0 620 1
0 L 0 429 1
0 L 0 551 1
0 L 0 947 1
0 D 432 620 1
0 D 432 429 1
0 D 432 551 1
0 D 432 947 1
1 L 0 162 1
1 L 0 268 1
1 L 0 508 1
1 L 0 427 1
2 L 0 230 1
2 L 0 452 1
1 D 436 162 1
1 D 436 268 1
1 D 436 508 1
1 D 436 427 1
2 D 436 230 1
2 D 436 452 1
19 L 0 326 1
1 L 0 552 1
19 L 0 793 1
1 L 0 819 1
2 L 0 87 1
19 D 249 326 1
19 D 249 793 1
1 D 249 552 1
1 D 249 819 1
2 D 249 87 1
1 L 0 753 1
1 L 0 935 1
1 L 0 350 1
2 L 0 424 1
2 L 0 914 1
19 L 0 722 1
19 L 0 717 1
19 L 0 115 1
3 L 0 286 1
3 L 0 910 1
1 D 450 753 1
1 D 450 935 1
1 D 450 350 1
2 D 450 424 1
2 D 450 914 1
19 D 450 722 1
19 D 450 717 1
19 D 450 115 1
3 D 450 286 1
3 D 450 910 1
1 L 0 209 1
2 L 0 593 1
2 L 0 200 1
1 L 0 275 1
3 L 0 315 1
2 L 0 488 1
3 L 0 344 1
19 L 0 5 1
19 L 0 562 1
19 L 0 348 1
1 D 591 209 1
1 D 591 275 1
2 D 591 593 1
2 D 591 200 1
2 D 591 488 1
3 D 591 315 1
3 D 591 344 1
19 D 591 5 1
19 D 591 562 1
19 D 591 348 1
1 L 0 526 1
1 L 0 119 1
1 L 0 635 1
2 L 0 289 1
1 D 596 526 1
1 D 596 119 1
1 D 596 635 1
2 D 596 289 1
3 L 0 338 1
3 D 297 338 1
19 L 0 657 1
19 L 0 275 1
19 D 156 657 1
19 D 156 275 1
1 L 0 777 1
1 L 0 643 1
1 D 587 777 1
1 D 587 643 1
2 L 0 94 1
2 L 0 615 1
2 L 0 411 1
4 L 0 401 1
2 L 0 215 1
4 L 0 212 1
4 L 0 372 1
2 D 220 94 1
2 D 220 615 1
2 D 220 411 1
2 D 220 215 1
4 D 220 401 1
4 D 220 212 1
4 D 220 372 1
2 L 0 789 1
2 L 0 303 1
2 L 0 355 1
2 D 419 789 1
2 D 419 303 1
2 D 419 355 1
4 L 0 644 1
4 L 0 47 1
4 L 0 823 1
4 L 0 615 1
4 D 519 644 1
4 D 519 47 1
4 D 519 823 1
4 D 519 615 1
5 L 0 16 1
5 L 0 106 1
5 L 0 183 1
6 L 0 834 1
5 L 0 623 1
6 L 0 86 1
5 D 743 16 1
5 D 743 106 1
5 D 743 183 1
5 D 743 623 1
6 D 743 834 1
6 D 743 86 1
5 L 0 517 1
5 L 0 979 1
5 L 0 583 1
5 L 0 397 1
5 D 346 517 1
5 D 346 979 1
5 D 346 583 1
5 D 346 397 1
6 L 0 794 1
6 L 0 218 1
6 L 0 247 1
6 L 0 500 1
7 L 0 963 1
8 L 0 782 1
6 D 1 794 1
6 D 1 218 1
6 D 1 247 1
6 D 1 500 1
7 D 1 963 1
8 D 1 782 1
6 L 0 499 1
7 L 0 332 1
6 D 525 499 1
7 D 525 332 1
8 L 0 380 1
8 L 0 896 1
8 D 747 380 1
8 D 747 896 1
6 L 0 843 1
6 L 0 820 1
7 L 0 139 1
7 L 0 198 1
7 L 0 730 1
6 D 370 843 1
6 D 370 820 1
7 D 370 139 1
7 D 370 198 1
7 D 370 730 1
6 L 0 404 1
6 L 0 616 1
6 D 470 404 1
6 D 470 616 1
7 L 0 270 1
7 L 0 862 1
7 D 268 270 1
7 D 268 862 1
9 L 0 759 1
9 L 0 937 1
9 L 0 149 1
9 L 0 874 1
13 L 0 560 1
9 L 0 74 1
9 D 652 759 1
9 D 652 937 1
9 D 652 149 1
9 D 652 874 1
9 D 652 74 1
13 D 652 560 1
9 L 0 727 1
9 L 0 791 1
9 L 0 486 1
9 D 785 727 1
9 D 785 791 1
9 D 785 486 1
13 L 0 872 1
13 L 0 616 1
10 L 0 111 1
10 L 0 360 1
13 L 0 937 1
13 D 25 872 1
13 D 25 616 1
13 D 25 937 1
10 D 25 111 1
10 D 25 360 1
10 L 0 350 1
10 D 73 350 1
13 L 0 372 1
13 L 0 401 1
13 D 328 372 1
13 D 328 401 1
11 L 0 615 1
11 D 706 615 1
12 L 0 287 1
12 L 0 279 1
12 L 0 41 1
16 L 0 480 1
12 D 97 287 1
12 D 97 279 1
12 D 97 41 1
16 D 97 480 1
12 L 0 883 1
12 L 0 256 1
12 L 0 335 1
16 L 0 739 1
12 D 362 883 1
12 D 362 256 1
12 D 362 335 1
16 D 362 739 1
12 L 0 739 1
12 L 0 859 1
16 L 0 239 1
12 D 411 739 1
12 D 411 859 1
16 D 411 239 1
12 L 0 159 1
12 L 0 538 1
12 L 0 832 1
16 L 0 238 1
16 L 0 727 1
12 D 794 159 1
12 D 794 538 1
12 D 794 832 1
16 D 794 238 1
16 D 794 727 1
12 L 0 455 1
12 L 0 10 1
12 D 499 455 1
12 D 499 10 1
16 L 0 522 1
16 L 0 52 1
16 L 0 276 1
16 L 0 105 1
16 D 61 522 1
16 D 61 52 1
16 D 61 276 1
16 D 61 105 1
14 L 0 764 1
14 L 0 135 1
14 L 0 123 1
14 D 173 764 1
14 D 173 135 1
14 D 173 123 1
17 L 0 28 1
17 L 0 237 1
17 L 0 239 1
17 L 0 162 1
15 L 0 883 1
17 D 209 28 1
17 D 209 237 1
17 D 209 239 1
17 D 209 162 1
15 D 209 883 1
15 L 0 738 1
15 L 0 591 1
15 L 0 571 1
17 L 0 467 1
15 L 0 978 1
15 D 458 738 1
15 D 458 591 1
15 D 458 571 1
15 D 458 978 1
17 D 458 467 1
15 L 0 967 1
15 L 0 512 1
15 D 455 967 1
15 D 455 512 1
17 L 0 992 1
17 D 504 992 1
18 L 0 890 1
18 L 0 159 1
18 D 185 890 1
18 D 185 159 1
0 L 0 382 1
0 D 559 382 1
1 L 0 565 1
1 L 0 528 1
3 L 0 60 1
1 D 90 565 1
1 D 90 528 1
3 D 90 60 1
1 L 0 769 1
1 L 0 439 1
1 D 213 769 1
1 D 213 439 1
3 L 0 910 1
3 D 799 910 1
4 L 0 266 1
4 L 0 931 1
4 D 16 266 1
4 D 16 931 1
19 L 0 388 1
19 L 0 247 1
19 D 80 388 1
19 D 80 247 1
2 L 0 953 1
2 L 0 532 1
2 L 0 34 1
2 L 0 931 1
2 L 0 381 1
2 D 489 953 1
2 D 489 532 1
2 D 489 34 1
2 D 489 931 1
2 D 489 381 1
5 L 0 371 1
5 L 0 560 1
8 L 0 424 1
5 L 0 251 1
8 L 0 971 1
6 L 0 239 1
5 D 70 371 1
5 D 70 560 1
5 D 70 251 1
8 D 70 424 1
8 D 70 971 1
6 D 70 239 1
5 L 0 468 1
5 L 0 455 1
5 L 0 465 1
5 L 0 789 1
6 L 0 520 1
6 L 0 511 1
8 L 0 468 1
8 L 0 534 1
8 L 0 791 1
9 L 0 160 1
5 D 71 468 1
5 D 71 455 1
5 D 71 465 1
5 D 71 789 1
6 D 71 520 1
6 D 71 511 1
8 D 71 468 1
8 D 71 534 1
8 D 71 791 1
9 D 71 160 1
5 L 0 684 1
5 D 231 684 1
6 L 0 388 1
6 D 731 388 1
8 L 0 219 1
8 L 0 207 1
8 L 0 154 1
8 D 222 219 1
8 D 222 207 1
8 D 222 154 1
9 L 0 28 1
9 L 0 220 1
9 L 0 857 1
7 L 0 933 1
9 L 0 296 1
7 L 0 310 1
7 L 0 419 1
7 L 0 375 1
9 D 717 28 1
9 D 717 220 1
9 D 717 857 1
9 D 717 296 1
7 D 717 933 1
7 D 717 310 1
7 D 717 419 1
7 D 717 375 1
7 L 0 840 1
7 L 0 35 1
7 L 0 918 1
7 D 121 840 1
7 D 121 35 1
7 D 121 918 1
9 L 0 750 1
9 L 0 680 1
9 L 0 796 1
9 D 379 750 1
9 D 379 680 1
9 D 379 796 1
13 L 0 557 1
13 L 0 334 1
13 L 0 214 1
13 L 0 80 1
10 L 0 809 1
10 L 0 732 1
10 L 0 622 1
13 D 767 557 1
13 D 767 334 1
13 D 767 214 1
13 D 767 80 1
10 D 767 809 1
10 D 767 732 1
10 D 767 622 1
10 L 0 100 1
10 D 735 100 1
13 L 0 750 1
13 L 0 80 1
13 L 0 151 1
11 L 0 775 1
11 L 0 716 1
13 D 508 750 1
13 D 508 80 1
13 D 508 151 1
11 D 508 775 1
11 D 508 716 1
11 L 0 950 1
11 L 0 168 1
11 D 646 950 1
11 D 646 168 1
13 L 0 48 1
13 D 20 48 1
12 L 0 81 1
12 L 0 210 1
12 D 367 81 1
12 D 367 210 1
16 L 0 989 1
16 L 0 455 1
16 L 0 563 1
14 L 0 290 1
14 L 0 41 1
14 L 0 53 1
14 L 0 258 1
16 D 308 989 1
16 D 308 455 1
16 D 308 563 1
14 D 308 290 1
14 D 308 41 1
14 D 308 53 1
14 D 308 258 1
14 L 0 189 1
14 L 0 761 1
14 L 0 416 1
16 L 0 576 1
16 L 0 707 1
14 D 674 189 1
14 D 674 761 1
14 D 674 416 1
16 D 674 576 1
16 D 674 707 1
14 L 0 295 1
14 L 0 882 1
14 D 323 295 1
14 D 323 882 1
16 L 0 22 1
16 L 0 583 1
16 L 0 991 1
16 L 0 392 1
16 D 170 22 1
16 D 170 583 1
16 D 170 991 1
16 D 170 392 1
15 L 0 210 1
15 L 0 133 1
17 L 0 553 1
15 L 0 359 1
15 D 444 210 1
15 D 444 133 1
15 D 444 359 1
17 D 444 553 1
15 L 0 914 1
15 L 0 262 1
15 D 487 914 1
15 D 487 262 1
17 L 0 751 1
17 L 0 456 1
17 D 262 751 1
17 D 262 456 1
18 L 0 971 1
18 L 0 783 1
18 D 589 971 1
18 D 589 783 1
2 L 0 862 1
2 L 0 832 1
2 D 600 862 1
2 D 600 832 1
0 L 0 350 1
0 L 0 749 1
1 L 0 242 1
1 L 0 345 1
0 D 50 350 1
0 D 50 749 1
1 D 50 242 1
1 D 50 345 1
0 L 0 242 1
1 L 0 681 1
3 L 0 277 1
0 L 0 604 1
0 L 0 586 1
1 L 0 688 1
3 L 0 535 1
4 L 0 904 1
0 L 0 658 1
0 D 400 242 1
0 D 400 604 1
0 D 400 586 1
0 D 400 658 1
1 D 400 681 1
1 D 400 688 1
3 D 400 277 1
3 D 400 535 1
4 D 400 904 1
0 L 0 389 1
0 L 0 411 1
0 D 703 389 1
0 D 703 411 1
1 L 0 414 1
1 L 0 160 1
1 D 415 414 1
1 D 415 160 1
3 L 0 482 1
3 L 0 492 1
3 L 0 468 1
4 L 0 794 1
3 D 162 482 1
3 D 162 492 1
3 D 162 468 1
4 D 162 794 1
3 L 0 685 1
3 L 0 727 1
3 L 0 936 1
3 L 0 765 1
4 L 0 755 1
4 L 0 2 1
19 L 0 801 1
3 D 452 685 1
3 D 452 727 1
3 D 452 936 1
3 D 452 765 1
4 D 452 755 1
4 D 452 2 1
19 D 452 801 1
3 L 0 237 1
3 L 0 157 1
4 L 0 921 1
4 L 0 803 1
3 D 456 237 1
3 D 456 157 1
4 D 456 921 1
4 D 456 803 1
19 L 0 862 1
19 D 191 862 1
3 L 0 488 1
3 L 0 123 1
3 L 0 940 1
3 D 639 488 1
3 D 639 123 1
3 D 639 940 1
4 L 0 601 1
4 L 0 149 1
4 L 0 459 1
4 D 712 601 1
4 D 712 149 1
4 D 712 459 1
8 L 0 967 1
8 L 0 870 1
8 L 0 193 1
8 L 0 654 1
8 L 0 435 1
8 D 263 967 1
8 D 263 870 1
8 D 263 193 1
8 D 263 654 1
8 D 263 435 1
5 L 0 673 1
5 L 0 875 1
5 D 664 673 1
5 D 664 875 1
6 L 0 66 1
7 L 0 107 1
7 L 0 780 1
6 L 0 779 1
6 D 21 66 1
6 D 21 779 1
7 D 21 107 1
7 D 21 780 1
6 L 0 321 1
6 L 0 701 1
7 L 0 653 1
6 L 0 823 1
7 L 0 644 1
6 D 164 321 1
6 D 164 701 1
6 D 164 823 1
7 D 164 653 1
7 D 164 644 1
6 L 0 154 1
6 L 0 529 1
7 L 0 302 1
7 L 0 121 1
9 L 0 116 1
9 L 0 347 1
6 L 0 478 1
6 D 207 154 1
6 D 207 529 1
6 D 207 478 1
7 D 207 302 1
7 D 207 121 1
9 D 207 116 1
9 D 207 347 1
6 L 0 907 1
6 L 0 284 1
6 D 200 907 1
6 D 200 284 1
7 L 0 50 1
7 L 0 473 1
7 L 0 467 1
7 D 581 50 1
7 D 581 473 1
7 D 581 467 1
9 L 0 129 1
9 L 0 225 1
9 D 758 129 1
9 D 758 225 1
10 L 0 105 1
10 L 0 773 1
11 L 0 653 1
10 L 0 875 1
11 L 0 302 1
12 L 0 66 1
10 D 153 105 1
10 D 153 773 1
10 D 153 875 1
11 D 153 653 1
11 D 153 302 1
12 D 153 66 1
10 L 0 419 1
10 L 0 384 1
10 D 352 419 1
10 D 352 384 1
11 L 0 653 1
11 D 531 653 1
12 L 0 481 1
12 L 0 113 1
12 D 320 481 1
12 D 320 113 1
13 L 0 817 1
13 L 0 490 1
13 D 550 817 1
13 D 550 490 1
16 L 0 316 1
16 L 0 709 1
14 L 0 451 1
14 L 0 702 1
16 D 788 316 1
16 D 788 709 1
14 D 788 451 1
14 D 788 702 1
14 L 0 233 1
14 D 233 233 1
16 L 0 862 1
15 L 0 150 1
16 D 305 862 1
15 D 305 150 1
17 L 0 827 1
17 L 0 400 1
17 L 0 448 1
17 D 746 827 1
17 D 746 400 1
17 D 746 448 1
2 L 0 857 1
2 L 0 441 1
2 L 0 773 1
2 D 46 857 1
2 D 46 441 1
2 D 46 773 1
18 L 0 375 1
18 L 0 999 1
18 D 545 375 1
18 D 545 999 1
0 L 0 534 1
0 L 0 500 1
0 L 0 967 1
0 D 571 534 1
0 D 571 500 1
0 D 571 967 1
1 L 0 906 1
1 L 0 28 1
8 L 0 459 1
1 D 783 906 1
1 D 783 28 1
8 D 783 459 1
1 L 0 262 1
1 L 0 513 1
1 L 0 238 1
1 L 0 328 1
1 D 59 262 1
1 D 59 513 1
1 D 59 238 1
1 D 59 328 1
8 L 0 554 1
8 L 0 228 1
8 D 194 554 1
8 D 194 228 1
3 L 0 296 1
3 L 0 275 1
3 L 0 902 1
4 L 0 809 1
3 D 314 296 1
3 D 314 275 1
3 D 314 902 1
4 D 314 809 1
3 L 0 167 1
3 L 0 344 1
3 L 0 926 1
3 D 155 167 1
3 D 155 344 1
3 D 155 926 1
4 L 0 811 1
4 L 0 953 1
4 D 188 811 1
4 D 188 953 1
5 L 0 518 1
5 L 0 636 1
5 L 0 772 1
5 L 0 149 1
19 L 0 673 1
19 L 0 710 1
7 L 0 872 1
7 L 0 217 1
6 L 0 370 1
5 L 0 241 1
5 D 534 518 1
5 D 534 636 1
5 D 534 772 1
5 D 534 149 1
5 D 534 241 1
19 D 534 673 1
19 D 534 710 1
7 D 534 872 1
7 D 534 217 1
6 D 534 370 1
5 L 0 923 1
5 L 0 616 1
6 L 0 612 1
5 L 0 236 1
6 L 0 283 1
6 L 0 652 1
7 L 0 802 1
5 D 593 923 1
5 D 593 616 1
5 D 593 236 1
6 D 593 612 1
6 D 593 283 1
6 D 593 652 1
7 D 593 802 1
19 L 0 284 1
19 L 0 193 1
19 L 0 521 1
19 D 495 284 1
19 D 495 193 1
19 D 495 521 1
5 L 0 419 1
5 L 0 376 1
5 L 0 268 1
5 D 439 419 1
5 D 439 376 1
5 D 439 268 1
6 L 0 277 1
6 D 503 277 1
7 L 0 407 1
7 L 0 785 1
9 L 0 832 1
7 D 549 407 1
7 D 549 785 1
9 D 549 832 1
7 L 0 512 1
7 L 0 790 1
7 D 742 512 1
7 D 742 790 1
9 L 0 967 1
9 L 0 996 1
9 L 0 614 1
9 D 74 967 1
9 D 74 996 1
9 D 74 614 1
10 L 0 995 1
10 L 0 51 1
10 L 0 452 1
10 L 0 622 1
10 D 197 995 1
10 D 197 51 1
10 D 197 452 1
10 D 197 622 1
11 L 0 228 1
11 D 568 228 1
12 L 0 433 1
12 L 0 247 1
12 L 0 983 1
12 D 184 433 1
12 D 184 247 1
12 D 184 983 1
13 L 0 308 1
13 L 0 358 1
13 L 0 62 1
13 D 427 308 1
13 D 427 358 1
13 D 427 62 1
17 L 0 531 1
17 L 0 427 1
17 L 0 686 1
0 L 0 170 1
0 L 0 664 1
1 L 0 336 1
17 D 313 531 1
17 D 313 427 1
17 D 313 686 1
0 D 313 170 1
0 D 313 664 1
1 D 313 336 1
0 L 0 905 1
0 L 0 380 1
0 L 0 730 1
1 L 0 819 1
1 L 0 765 1
17 L 0 817 1
0 D 696 905 1
0 D 696 380 1
0 D 696 730 1
1 D 696 819 1
1 D 696 765 1
17 D 696 817 1
0 L 0 86 1
0 L 0 406 1
0 L 0 641 1
1 L 0 795 1
1 L 0 216 1
1 L 0 89 1
17 L 0 31 1
17 L 0 196 1
0 D 321 86 1
0 D 321 406 1
0 D 321 641 1
1 D 321 795 1
1 D 321 216 1
1 D 321 89 1
17 D 321 31 1
17 D 321 196 1
0 L 0 229 1
1 L 0 175 1
1 L 0 235 1
1 L 0 478 1
0 L 0 904 1
0 L 0 97 1
0 D 396 229 1
0 D 396 904 1
0 D 396 97 1
1 D 396 175 1
1 D 396 235 1
1 D 396 478 1
17 L 0 979 1
17 L 0 809 1
17 L 0 561 1
0 L 0 741 1
17 D 42 979 1
17 D 42 809 1
17 D 42 561 1
0 D 42 741 1
1 L 0 649 1
1 L 0 460 1
0 L 0 867 1
1 L 0 252 1
0 L 0 601 1
1 L 0 719 1
17 L 0 75 1
1 D 700 649 1
1 D 700 460 1
1 D 700 252 1
1 D 700 719 1
0 D 700 867 1
0 D 700 601 1
17 D 700 75 1
0 L 0 918 1
0 L 0 169 1
0 L 0 358 1
0 L 0 383 1
1 L 0 275 1
0 L 0 623 1
1 L 0 948 1
1 L 0 416 1
17 L 0 181 1
17 L 0 759 1
2 L 0 929 1
0 D 157 918 1
0 D 157 169 1
0 D 157 358 1
0 D 157 383 1
0 D 157 623 1
1 D 157 275 1
1 D 157 948 1
1 D 157 416 1
17 D 157 181 1
17 D 157 759 1
2 D 157 929 1
0 L 0 5 1
0 L 0 467 1
0 D 441 5 1
0 D 441 467 1
1 L 0 58 1
1 L 0 359 1
1 L 0 68 1
1 D 136 58 1
1 D 136 359 1
1 D 136 68 1
2 L 0 508 1
2 L 0 606 1
17 L 0 133 1
2 L 0 706 1
17 L 0 801 1
17 L 0 50 1
17 L 0 597 1
14 L 0 582 1
14 L 0 535 1
2 D 543 508 1
2 D 543 606 1
2 D 543 706 1
17 D 543 133 1
17 D 543 801 1
17 D 543 50 1
17 D 543 597 1
14 D 543 582 1
14 D 543 535 1
2 L 0 125 1
2 L 0 772 1
2 L 0 17 1
14 L 0 186 1
2 D 279 125 1
2 D 279 772 1
2 D 279 17 1
14 D 279 186 1
17 L 0 406 1
17 L 0 301 1
17 L 0 793 1
2 L 0 195 1
17 L 0 874 1
2 L 0 994 1
17 L 0 184 1
14 L 0 845 1
17 D 471 406 1
17 D 471 301 1
17 D 471 793 1
17 D 471 874 1
17 D 471 184 1
2 D 471 195 1
2 D 471 994 1
14 D 471 845 1
2 L 0 478 1
2 L 0 78 1
2 L 0 71 1
2 L 0 239 1
2 D 716 478 1
2 D 716 78 1
2 D 716 71 1
2 D 716 239 1
14 L 0 601 1
14 L 0 288 1
14 L 0 208 1
17 L 0 552 1
17 L 0 270 1
15 L 0 534 1
14 D 294 601 1
14 D 294 288 1
14 D 294 208 1
17 D 294 552 1
17 D 294 270 1
15 D 294 534 1
14 L 0 443 1
14 L 0 618 1
14 L 0 121 1
14 L 0 283 1
15 L 0 295 1
14 D 641 443 1
14 D 641 618 1
14 D 641 121 1
14 D 641 283 1
15 D 641 295 1
17 L 0 918 1
17 L 0 974 1
17 L 0 168 1
17 D 636 918 1
17 D 636 974 1
17 D 636 168 1
14 L 0 384 1
14 L 0 735 1
14 D 680 384 1
14 D 680 735 1
15 L 0 884 1
15 L 0 994 1
15 D 137 884 1
15 D 137 994 1
16 L 0 541 1
16 L 0 837 1
16 L 0 878 1
16 L 0 89 1
16 D 764 541 1
16 D 764 837 1
16 D 764 878 1
16 D 764 89 1
18 L 0 964 1
18 L 0 824 1
18 L 0 675 1
18 D 490 964 1
18 D 490 824 1
18 D 490 675 1
8 L 0 593 1
8 L 0 489 1
8 L 0 372 1
3 L 0 431 1
8 D 374 593 1
8 D 374 489 1
8 D 374 372 1
3 D 374 431 1
3 L 0 76 1
3 L 0 370 1
3 D 466 76 1
3 D 466 370 1
8 L 0 299 1
8 L 0 253 1
8 L 0 549 1
8 L 0 824 1
8 L 0 512 1
8 D 304 299 1
8 D 304 253 1
8 D 304 549 1
8 D 304 824 1
8 D 304 512 1
4 L 0 887 1
4 L 0 772 1
4 D 387 887 1
4 D 387 772 1
19 L 0 924 1
19 L 0 513 1
19 L 0 443 1
19 L 0 666 1
19 L 0 753 1
19 L 0 543 1
5 L 0 622 1
5 L 0 470 1
19 D 627 924 1
19 D 627 513 1
19 D 627 443 1
19 D 627 666 1
19 D 627 753 1
19 D 627 543 1
5 D 627 622 1
5 D 627 470 1
5 L 0 790 1
5 L 0 407 1
5 L 0 67 1
5 L 0 534 1
19 L 0 961 1
5 D 258 790 1
5 D 258 407 1
5 D 258 67 1
5 D 258 534 1
19 D 258 961 1
5 L 0 916 1
5 L 0 431 1
19 L 0 590 1
19 L 0 162 1
7 L 0 773 1
10 L 0 263 1
10 L 0 915 1
19 L 0 398 1
19 L 0 926 1
5 D 312 916 1
5 D 312 431 1
19 D 312 590 1
19 D 312 162 1
19 D 312 398 1
19 D 312 926 1
7 D 312 773 1
10 D 312 263 1
10 D 312 915 1
5 L 0 626 1
5 L 0 649 1
7 L 0 396 1
5 D 429 626 1
5 D 429 649 1
7 D 429 396 1
10 L 0 690 1
10 L 0 90 1
19 L 0 647 1
19 L 0 348 1
19 L 0 382 1
5 L 0 89 1
10 D 561 690 1
10 D 561 90 1
19 D 561 647 1
19 D 561 348 1
19 D 561 382 1
5 D 561 89 1
5 L 0 525 1
5 L 0 307 1
5 D 289 525 1
5 D 289 307 1
10 L 0 787 1
10 L 0 793 1
10 L 0 764 1
19 L 0 257 1
10 D 603 787 1
10 D 603 793 1
10 D 603 764 1
19 D 603 257 1
7 L 0 230 1
7 L 0 801 1
7 L 0 283 1
7 L 0 219 1
10 L 0 26 1
7 D 271 230 1
7 D 271 801 1
7 D 271 283 1
7 D 271 219 1
10 D 271 26 1
7 L 0 759 1
7 D 371 759 1
10 L 0 427 1
10 L 0 83 1
19 L 0 964 1
10 L 0 304 1
10 L 0 364 1
19 L 0 163 1
19 L 0 575 1
10 D 556 427 1
10 D 556 83 1
10 D 556 304 1
10 D 556 364 1
19 D 556 964 1
19 D 556 163 1
19 D 556 575 1
10 L 0 283 1
10 L 0 16 1
10 L 0 861 1
10 L 0 310 1
10 D 407 283 1
10 D 407 16 1
10 D 407 861 1
10 D 407 310 1
19 L 0 312 1
19 L 0 887 1
6 L 0 455 1
6 L 0 44 1
6 L 0 515 1
6 L 0 925 1
9 L 0 994 1
9 L 0 558 1
19 L 0 145 1
19 D 464 312 1
19 D 464 887 1
19 D 464 145 1
6 D 464 455 1
6 D 464 44 1
6 D 464 515 1
6 D 464 925 1
9 D 464 994 1
9 D 464 558 1
6 L 0 848 1
6 L 0 121 1
6 L 0 548 1
9 L 0 216 1
9 L 0 448 1
6 D 86 848 1
6 D 86 121 1
6 D 86 548 1
9 D 86 216 1
9 D 86 448 1
19 L 0 46 1
19 L 0 296 1
19 L 0 477 1
19 L 0 618 1
6 L 0 641 1
6 L 0 132 1
9 L 0 854 1
19 D 115 46 1
19 D 115 296 1
19 D 115 477 1
19 D 115 618 1
6 D 115 641 1
6 D 115 132 1
9 D 115 854 1
6 L 0 127 1
9 L 0 277 1
9 L 0 573 1
6 D 129 127 1
9 D 129 277 1
9 D 129 573 1
19 L 0 397 1
19 L 0 598 1
6 L 0 922 1
19 D 644 397 1
19 D 644 598 1
6 D 644 922 1
6 L 0 327 1
9 L 0 362 1
9 L 0 883 1
6 L 0 787 1
19 L 0 691 1
19 L 0 911 1
9 L 0 162 1
6 L 0 819 1
6 D 89 327 1
6 D 89 787 1
6 D 89 819 1
9 D 89 362 1
9 D 89 883 1
9 D 89 162 1
19 D 89 691 1
19 D 89 911 1
6 L 0 808 1
6 L 0 862 1
9 L 0 161 1
9 L 0 391 1
6 D 234 808 1
6 D 234 862 1
9 D 234 161 1
9 D 234 391 1
19 L 0 431 1
19 L 0 52 1
19 L 0 335 1
19 D 205 431 1
19 D 205 52 1
19 D 205 335 1
6 L 0 502 1
6 L 0 532 1
6 L 0 431 1
6 D 12 502 1
6 D 12 532 1
6 D 12 431 1
9 L 0 658 1
9 L 0 989 1
9 L 0 877 1
9 L 0 876 1
9 L 0 936 1
12 L 0 401 1
9 D 68 658 1
9 D 68 989 1
9 D 68 877 1
9 D 68 876 1
9 D 68 936 1
12 D 68 401 1
9 L 0 819 1
9 L 0 883 1
9 D 190 819 1
9 D 190 883 1
12 L 0 463 1
12 L 0 427 1
11 L 0 452 1
11 L 0 116 1
12 D 288 463 1
12 D 288 427 1
11 D 288 452 1
11 D 288 116 1
11 L 0 16 1
11 L 0 614 1
11 L 0 654 1
11 D 597 16 1
11 D 597 614 1
11 D 597 654 1
12 L 0 716 1
12 L 0 886 1
12 L 0 713 1
13 L 0 960 1
12 D 94 716 1
12 D 94 886 1
12 D 94 713 1
13 D 94 960 1
12 L 0 63 1
12 L 0 67 1
12 L 0 277 1
12 L 0 645 1
13 L 0 375 1
13 L 0 929 1
12 L 0 149 1
13 L 0 689 1
0 L 0 954 1
0 L 0 764 1
12 D 152 63 1
12 D 152 67 1
12 D 152 277 1
12 D 152 645 1
12 D 152 149 1
13 D 152 375 1
13 D 152 929 1
13 D 152 689 1
0 D 152 954 1
0 D 152 764 1
0 L 0 683 1
0 D 326 683 1
12 L 0 899 1
12 L 0 971 1
12 L 0 961 1
13 L 0 52 1
13 L 0 688 1
12 D 24 899 1
12 D 24 971 1
12 D 24 961 1
13 D 24 52 1
13 D 24 688 1
12 L 0 659 1
12 D 172 659 1
13 L 0 939 1
13 L 0 75 1
1 L 0 319 1
13 D 238 939 1
13 D 238 75 1
1 D 238 319 1
1 L 0 981 1
1 L 0 876 1
1 L 0 688 1
1 L 0 8 1
1 L 0 597 1
13 L 0 476 1
1 D 5 981 1
1 D 5 876 1
1 D 5 688 1
1 D 5 8 1
1 D 5 597 1
13 D 5 476 1
1 L 0 218 1
1 L 0 423 1
1 L 0 794 1
1 L 0 871 1
13 L 0 402 1
13 L 0 131 1
13 L 0 762 1
13 L 0 753 1
2 L 0 278 1
1 D 676 218 1
1 D 676 423 1
1 D 676 794 1
1 D 676 871 1
13 D 676 402 1
13 D 676 131 1
13 D 676 762 1
13 D 676 753 1
2 D 676 278 1
1 L 0 794 1
1 L 0 185 1
2 L 0 843 1
1 D 92 794 1
1 D 92 185 1
2 D 92 843 1
13 L 0 600 1
13 L 0 504 1
1 L 0 772 1
1 L 0 426 1
1 L 0 914 1
2 L 0 545 1
2 L 0 786 1
13 D 138 600 1
13 D 138 504 1
1 D 138 772 1
1 D 138 426 1
1 D 138 914 1
2 D 138 545 1
2 D 138 786 1
1 L 0 514 1
1 L 0 50 1
1 L 0 991 1
2 L 0 99 1
1 L 0 213 1
13 L 0 0 1
13 L 0 745 1
1 D 393 514 1
1 D 393 50 1
1 D 393 991 1
1 D 393 213 1
2 D 393 99 1
13 D 393 0 1
13 D 393 745 1
1 L 0 431 1
1 L 0 18 1
2 L 0 465 1
2 L 0 595 1
13 L 0 257 1
13 L 0 157 1
16 L 0 522 1
2 L 0 779 1
2 L 0 278 1
16 L 0 738 1
17 L 0 883 1
1 L 0 112 1
17 L 0 114 1
13 L 0 517 1
1 D 513 431 1
1 D 513 18 1
1 D 513 112 1
2 D 513 465 1
2 D 513 595 1
2 D 513 779 1
2 D 513 278 1
13 D 513 257 1
13 D 513 157 1
13 D 513 517 1
16 D 513 522 1
16 D 513 738 1
17 D 513 883 1
17 D 513 114 1
1 L 0 5 1
1 L 0 770 1
2 L 0 593 1
1 D 537 5 1
1 D 537 770 1
2 D 537 593 1
13 L 0 731 1
13 L 0 888 1
13 L 0 283 1
16 L 0 452 1
16 L 0 727 1
16 L 0 108 1
17 L 0 794 1
17 L 0 721 1
17 L 0 446 1
1 L 0 834 1
17 L 0 158 1
13 L 0 547 1
13 D 698 731 1
13 D 698 888 1
13 D 698 283 1
13 D 698 547 1
16 D 698 452 1
16 D 698 727 1
16 D 698 108 1
17 D 698 794 1
17 D 698 721 1
17 D 698 446 1
17 D 698 158 1
1 D 698 834 1
1 L 0 883 1
1 L 0 777 1
1 L 0 861 1
1 L 0 398 1
1 L 0 252 1
13 L 0 904 1
1 D 720 883 1
1 D 720 777 1
1 D 720 861 1
1 D 720 398 1
1 D 720 252 1
13 D 720 904 1
16 L 0 637 1
16 L 0 296 1
16 L 0 898 1
16 D 330 637 1
16 D 330 296 1
16 D 330 898 1
17 L 0 104 1
17 L 0 905 1
17 L 0 587 1
17 L 0 769 1
17 L 0 619 1
1 L 0 743 1
17 D 564 104 1
17 D 564 905 1
17 D 564 587 1
17 D 564 769 1
17 D 564 619 1
1 D 564 743 1
13 L 0 467 1
13 L 0 807 1
13 L 0 553 1
1 L 0 916 1
1 L 0 384 1
13 D 414 467 1
13 D 414 807 1
13 D 414 553 1
1 D 414 916 1
1 D 414 384 1
2 L 0 898 1
2 L 0 631 1
2 L 0 243 1
2 L 0 940 1
17 L 0 794 1
17 L 0 31 1
17 L 0 4 1
2 D 582 898 1
2 D 582 631 1
2 D 582 243 1
2 D 582 940 1
17 D 582 794 1
17 D 582 31 1
17 D 582 4 1
2 L 0 534 1
2 L 0 420 1
2 L 0 907 1
2 L 0 477 1
17 L 0 970 1
17 L 0 579 1
2 L 0 278 1
17 L 0 846 1
2 D 697 534 1
2 D 697 420 1
2 D 697 907 1
2 D 697 477 1
2 D 697 278 1
17 D 697 970 1
17 D 697 579 1
17 D 697 846 1
2 L 0 478 1
2 L 0 898 1
2 L 0 187 1
17 L 0 829 1
2 L 0 495 1
2 D 113 478 1
2 D 113 898 1
2 D 113 187 1
2 D 113 495 1
17 D 113 829 1
1 L 0 975 1
1 L 0 370 1
1 L 0 918 1
1 L 0 372 1
13 L 0 855 1
1 D 451 975 1
1 D 451 370 1
1 D 451 918 1
1 D 451 372 1
13 D 451 855 1
1 L 0 356 1
1 L 0 730 1
1 D 656 356 1
1 D 656 730 1
2 L 0 621 1
2 L 0 654 1
2 L 0 364 1
2 L 0 934 1
13 L 0 840 1
13 L 0 458 1
2 D 282 621 1
2 D 282 654 1
2 D 282 364 1
2 D 282 934 1
13 D 282 840 1
13 D 282 458 1
2 L 0 795 1
13 L 0 960 1
13 L 0 66 1
2 L 0 719 1
17 L 0 249 1
2 D 292 795 1
2 D 292 719 1
13 D 292 960 1
13 D 292 66 1
17 D 292 249 1
2 L 0 816 1
2 L 0 946 1
13 L 0 822 1
13 L 0 349 1
2 D 515 816 1
2 D 515 946 1
13 D 515 822 1
13 D 515 349 1
17 L 0 626 1
17 L 0 678 1
17 L 0 168 1
17 L 0 964 1
2 L 0 489 1
2 L 0 939 1
2 L 0 100 1
13 L 0 597 1
13 L 0 465 1
13 L 0 283 1
14 L 0 643 1
13 L 0 823 1
17 D 457 626 1
17 D 457 678 1
17 D 457 168 1
17 D 457 964 1
2 D 457 489 1
2 D 457 939 1
2 D 457 100 1
13 D 457 597 1
13 D 457 465 1
13 D 457 283 1
13 D 457 823 1
14 D 457 643 1
2 L 0 365 1
2 L 0 163 1
2 L 0 604 1
2 L 0 219 1
13 L 0 581 1
13 L 0 580 1
14 L 0 136 1
14 L 0 927 1
14 L 0 386 1
17 L 0 391 1
13 L 0 720 1
17 L 0 224 1
15 L 0 533 1
2 D 778 365 1
2 D 778 163 1
2 D 778 604 1
2 D 778 219 1
13 D 778 581 1
13 D 778 580 1
13 D 778 720 1
14 D 778 136 1
14 D 778 927 1
14 D 778 386 1
17 D 778 391 1
17 D 778 224 1
15 D 778 533 1
2 L 0 87 1
2 L 0 360 1
2 L 0 659 1
2 L 0 1 1
13 L 0 897 1
2 D 309 87 1
2 D 309 360 1
2 D 309 659 1
2 D 309 1 1
13 D 309 897 1
14 L 0 159 1
14 L 0 626 1
14 L 0 892 1
14 L 0 153 1
15 L 0 850 1
15 L 0 446 1
15 L 0 41 1
17 L 0 883 1
17 L 0 297 1
15 L 0 230 1
14 D 750 159 1
14 D 750 626 1
14 D 750 892 1
14 D 750 153 1
15 D 750 850 1
15 D 750 446 1
15 D 750 41 1
15 D 750 230 1
17 D 750 883 1
17 D 750 297 1
14 L 0 697 1
14 L 0 855 1
15 L 0 480 1
14 L 0 447 1
15 L 0 964 1
15 L 0 588 1
14 D 376 697 1
14 D 376 855 1
14 D 376 447 1
15 D 376 480 1
15 D 376 964 1
15 D 376 588 1
17 L 0 16 1
17 L 0 185 1
17 L 0 926 1
2 L 0 825 1
17 D 633 16 1
17 D 633 185 1
17 D 633 926 1
2 D 633 825 1
13 L 0 530 1
13 L 0 375 1
13 L 0 80 1
14 L 0 464 1
14 L 0 111 1
15 L 0 332 1
13 L 0 184 1
15 L 0 946 1
14 L 0 852 1
13 D 402 530 1
13 D 402 375 1
13 D 402 80 1
13 D 402 184 1
14 D 402 464 1
14 D 402 111 1
14 D 402 852 1
15 D 402 332 1
15 D 402 946 1
13 L 0 504 1
13 L 0 710 1
14 L 0 690 1
15 L 0 593 1
15 L 0 308 1
14 L 0 534 1
2 L 0 829 1
17 L 0 656 1
13 D 447 504 1
13 D 447 710 1
14 D 447 690 1
14 D 447 534 1
15 D 447 593 1
15 D 447 308 1
2 D 447 829 1
17 D 447 656 1
2 L 0 806 1
2 L 0 879 1
13 L 0 806 1
2 D 751 806 1
2 D 751 879 1
13 D 751 806 1
14 L 0 164 1
14 L 0 879 1
15 L 0 863 1
15 L 0 67 1
15 L 0 168 1
15 L 0 533 1
17 L 0 659 1
17 L 0 121 1
17 L 0 453 1
14 L 0 726 1
14 D 507 164 1
14 D 507 879 1
14 D 507 726 1
15 D 507 863 1
15 D 507 67 1
15 D 507 168 1
15 D 507 533 1
17 D 507 659 1
17 D 507 121 1
17 D 507 453 1
14 L 0 773 1
14 L 0 116 1
15 L 0 891 1
17 L 0 64 1
14 D 693 773 1
14 D 693 116 1
15 D 693 891 1
17 D 693 64 1
14 L 0 290 1
14 L 0 242 1
14 L 0 349 1
15 L 0 296 1
15 L 0 440 1
15 L 0 350 1
15 L 0 384 1
17 L 0 438 1
17 L 0 453 1
17 L 0 985 1
14 D 723 290 1
14 D 723 242 1
14 D 723 349 1
15 D 723 296 1
15 D 723 440 1
15 D 723 350 1
15 D 723 384 1
17 D 723 438 1
17 D 723 453 1
17 D 723 985 1
14 L 0 384 1
14 L 0 736 1
14 L 0 741 1
14 L 0 384 1
15 L 0 484 1
14 L 0 609 1
17 L 0 30 1
15 L 0 51 1
15 L 0 104 1
2 L 0 536 1
2 L 0 600 1
13 L 0 648 1
8 L 0 338 1
17 L 0 139 1
8 L 0 427 1
14 D 36 384 1
14 D 36 736 1
14 D 36 741 1
14 D 36 384 1
14 D 36 609 1
15 D 36 484 1
15 D 36 51 1
15 D 36 104 1
17 D 36 30 1
17 D 36 139 1
2 D 36 536 1
2 D 36 600 1
13 D 36 648 1
8 D 36 338 1
8 D 36 427 1
2 L 0 719 1
2 L 0 920 1
2 L 0 296 1
8 L 0 111 1
8 L 0 460 1
13 L 0 133 1
2 L 0 823 1
13 L 0 7 1
13 L 0 908 1
8 L 0 216 1
14 L 0 814 1
2 D 728 719 1
2 D 728 920 1
2 D 728 296 1
2 D 728 823 1
8 D 728 111 1
8 D 728 460 1
8 D 728 216 1
13 D 728 133 1
13 D 728 7 1
13 D 728 908 1
14 D 728 814 1
15 L 0 2 1
15 L 0 182 1
15 L 0 215 1
15 D 255 2 1
15 D 255 182 1
15 D 255 215 1
17 L 0 270 1
2 L 0 130 1
2 L 0 440 1
2 L 0 68 1
17 L 0 650 1
8 L 0 794 1
8 L 0 671 1
8 L 0 163 1
17 D 123 270 1
17 D 123 650 1
2 D 123 130 1
2 D 123 440 1
2 D 123 68 1
8 D 123 794 1
8 D 123 671 1
8 D 123 163 1
13 L 0 730 1
13 L 0 370 1
14 L 0 672 1
13 D 671 730 1
13 D 671 370 1
14 D 671 672 1
2 L 0 399 1
2 L 0 223 1
8 L 0 73 1
2 L 0 926 1
2 D 721 399 1
2 D 721 223 1
2 D 721 926 1
8 D 721 73 1
17 L 0 501 1
17 L 0 36 1
17 D 192 501 1
17 D 192 36 1
2 L 0 871 1
2 L 0 461 1
2 L 0 889 1
8 L 0 182 1
8 L 0 359 1
2 D 253 871 1
2 D 253 461 1
2 D 253 889 1
8 D 253 182 1
8 D 253 359 1
13 L 0 147 1
13 L 0 783 1
14 L 0 136 1
14 L 0 46 1
14 L 0 981 1
13 D 524 147 1
13 D 524 783 1
14 D 524 136 1
14 D 524 46 1
14 D 524 981 1
2 L 0 235 1
2 L 0 780 1
2 L 0 218 1
2 D 791 235 1
2 D 791 780 1
2 D 791 218 1
8 L 0 705 1
8 L 0 525 1
13 L 0 639 1
8 L 0 16 1
8 D 176 705 1
8 D 176 525 1
8 D 176 16 1
13 D 176 639 1
14 L 0 940 1
14 L 0 293 1
8 L 0 110 1
8 L 0 610 1
14 D 474 940 1
14 D 474 293 1
8 D 474 110 1
8 D 474 610 1
8 L 0 560 1
8 L 0 397 1
13 L 0 904 1
13 L 0 595 1
13 L 0 658 1
8 L 0 540 1
13 L 0 781 1
8 D 780 560 1
8 D 780 397 1
8 D 780 540 1
13 D 780 904 1
13 D 780 595 1
13 D 780 658 1
13 D 780 781 1
8 L 0 508 1
8 L 0 450 1
13 L 0 52 1
13 L 0 662 1
13 L 0 780 1
14 L 0 275 1
14 L 0 730 1
14 L 0 861 1
18 L 0 484 1
18 L 0 199 1
8 D 790 508 1
8 D 790 450 1
13 D 790 52 1
13 D 790 662 1
13 D 790 780 1
14 D 790 275 1
14 D 790 730 1
14 D 790 861 1
18 D 790 484 1
18 D 790 199 1
8 L 0 664 1
8 L 0 220 1
13 L 0 405 1
13 L 0 854 1
13 L 0 871 1
8 D 239 664 1
8 D 239 220 1
13 D 239 405 1
13 D 239 854 1
13 D 239 871 1
14 L 0 114 1
14 L 0 346 1
18 L 0 161 1
14 L 0 538 1
18 L 0 684 1
8 L 0 896 1
8 L 0 142 1
18 L 0 884 1
8 L 0 861 1
13 L 0 219 1
13 L 0 707 1
14 D 284 114 1
14 D 284 346 1
14 D 284 538 1
18 D 284 161 1
18 D 284 684 1
18 D 284 884 1
8 D 284 896 1
8 D 284 142 1
8 D 284 861 1
13 D 284 219 1
13 D 284 707 1
8 L 0 474 1
8 L 0 328 1
13 L 0 261 1
8 D 579 474 1
8 D 579 328 1
13 D 579 261 1
14 L 0 230 1
14 L 0 611 1
14 L 0 671 1
18 L 0 389 1
18 L 0 70 1
14 D 665 230 1
14 D 665 611 1
14 D 665 671 1
18 D 665 389 1
18 D 665 70 1
14 L 0 223 1
14 L 0 801 1
18 L 0 210 1
18 L 0 477 1
14 D 796 223 1
14 D 796 801 1
18 D 796 210 1
18 D 796 477 1
8 L 0 183 1
8 L 0 795 1
13 L 0 86 1
8 L 0 824 1
13 L 0 684 1
14 L 0 130 1
13 L 0 445 1
14 L 0 772 1
14 L 0 215 1
18 L 0 512 1
18 L 0 388 1
3 L 0 305 1
8 L 0 962 1
8 D 40 183 1
8 D 40 795 1
8 D 40 824 1
8 D 40 962 1
13 D 40 86 1
13 D 40 684 1
13 D 40 445 1
14 D 40 130 1
14 D 40 772 1
14 D 40 215 1
18 D 40 512 1
18 D 40 388 1
3 D 40 305 1
3 L 0 588 1
3 L 0 203 1
3 L 0 175 1
8 L 0 323 1
8 L 0 168 1
8 L 0 376 1
13 L 0 679 1
13 L 0 181 1
3 D 787 588 1
3 D 787 203 1
3 D 787 175 1
8 D 787 323 1
8 D 787 168 1
8 D 787 376 1
13 D 787 679 1
13 D 787 181 1
14 L 0 334 1
14 L 0 52 1
14 D 168 334 1
14 D 168 52 1
18 L 0 736 1
18 L 0 862 1
3 L 0 349 1
3 L 0 825 1
18 D 4 736 1
18 D 4 862 1
3 D 4 349 1
3 D 4 825 1
8 L 0 373 1
13 L 0 85 1
13 L 0 142 1
8 L 0 303 1
8 L 0 52 1
3 L 0 458 1
3 L 0 851 1
18 L 0 607 1
8 D 6 373 1
8 D 6 303 1
8 D 6 52 1
13 D 6 85 1
13 D 6 142 1
3 D 6 458 1
3 D 6 851 1
18 D 6 607 1
3 L 0 136 1
3 L 0 314 1
3 L 0 17 1
8 L 0 974 1
8 L 0 926 1
3 L 0 184 1
3 D 399 136 1
3 D 399 314 1
3 D 399 17 1
3 D 399 184 1
8 D 399 974 1
8 D 399 926 1
13 L 0 214 1
13 L 0 486 1
18 L 0 890 1
18 L 0 404 1
3 L 0 615 1
3 L 0 501 1
3 L 0 488 1
13 D 740 214 1
13 D 740 486 1
18 D 740 890 1
18 D 740 404 1
3 D 740 615 1
3 D 740 501 1
3 D 740 488 1
3 L 0 877 1
3 L 0 852 1
3 L 0 946 1
13 L 0 780 1
3 L 0 406 1
13 L 0 282 1
13 L 0 919 1
18 L 0 243 1
3 D 541 877 1
3 D 541 852 1
3 D 541 946 1
3 D 541 406 1
13 D 541 780 1
13 D 541 282 1
13 D 541 919 1
18 D 541 243 1
3 L 0 257 1
3 L 0 516 1
13 L 0 18 1
13 L 0 382 1
3 D 540 257 1
3 D 540 516 1
13 D 540 18 1
13 D 540 382 1
18 L 0 237 1
18 L 0 628 1
8 L 0 486 1
8 L 0 87 1
18 D 699 237 1
18 D 699 628 1
8 D 699 486 1
8 D 699 87 1
3 L 0 352 1
3 L 0 948 1
3 L 0 643 1
8 L 0 719 1
8 L 0 219 1
8 L 0 456 1
3 D 183 352 1
3 D 183 948 1
3 D 183 643 1
8 D 183 719 1
8 D 183 219 1
8 D 183 456 1
3 L 0 298 1
3 L 0 96 1
3 L 0 184 1
8 L 0 186 1
3 L 0 371 1
3 D 557 298 1
3 D 557 96 1
3 D 557 184 1
3 D 557 371 1
8 D 557 186 1
13 L 0 833 1
13 L 0 688 1
13 L 0 807 1
18 L 0 286 1
13 D 322 833 1
13 D 322 688 1
13 D 322 807 1
18 D 322 286 1
3 L 0 771 1
3 L 0 661 1
3 L 0 403 1
8 L 0 431 1
3 L 0 871 1
8 L 0 877 1
3 D 363 771 1
3 D 363 661 1
3 D 363 403 1
3 D 363 871 1
8 D 363 431 1
8 D 363 877 1
3 L 0 312 1
3 L 0 384 1
3 L 0 882 1
8 L 0 157 1
3 D 530 312 1
3 D 530 384 1
3 D 530 882 1
8 D 530 157 1
3 L 0 124 1
3 L 0 422 1
8 L 0 597 1
8 L 0 96 1
8 L 0 235 1
3 D 426 124 1
3 D 426 422 1
8 D 426 597 1
8 D 426 96 1
8 D 426 235 1
3 L 0 862 1
3 L 0 422 1
8 L 0 553 1
8 L 0 490 1
8 L 0 719 1
13 L 0 305 1
13 L 0 562 1
18 L 0 927 1
13 L 0 854 1
3 D 33 862 1
3 D 33 422 1
8 D 33 553 1
8 D 33 490 1
8 D 33 719 1
13 D 33 305 1
13 D 33 562 1
13 D 33 854 1
18 D 33 927 1
3 L 0 104 1
3 L 0 97 1
3 L 0 758 1
3 L 0 620 1
8 L 0 270 1
8 L 0 261 1
13 L 0 355 1
3 D 375 104 1
3 D 375 97 1
3 D 375 758 1
3 D 375 620 1
8 D 375 270 1
8 D 375 261 1
13 D 375 355 1
18 L 0 205 1
18 L 0 707 1
18 L 0 749 1
3 L 0 192 1
3 L 0 779 1
8 L 0 150 1
18 D 102 205 1
18 D 102 707 1
18 D 102 749 1
3 D 102 192 1
3 D 102 779 1
8 D 102 150 1
13 L 0 955 1
13 L 0 375 1
3 L 0 18 1
13 L 0 489 1
3 L 0 641 1
13 L 0 936 1
8 L 0 519 1
8 L 0 740 1
8 L 0 767 1
13 D 510 955 1
13 D 510 375 1
13 D 510 489 1
13 D 510 936 1
3 D 510 18 1
3 D 510 641 1
8 D 510 519 1
8 D 510 740 1
8 D 510 767 1
3 L 0 973 1
3 L 0 937 1
8 L 0 86 1
8 L 0 808 1
8 L 0 607 1
3 D 106 973 1
3 D 106 937 1
8 D 106 86 1
8 D 106 808 1
8 D 106 607 1
13 L 0 235 1
13 L 0 257 1
18 L 0 833 1
18 L 0 492 1
3 L 0 437 1
3 L 0 525 1
13 D 421 235 1
13 D 421 257 1
18 D 421 833 1
18 D 421 492 1
3 D 421 437 1
3 D 421 525 1
3 L 0 788 1
3 L 0 372 1
3 L 0 28 1
13 L 0 275 1
3 L 0 68 1
13 L 0 663 1
3 D 13 788 1
3 D 13 372 1
3 D 13 28 1
3 D 13 68 1
13 D 13 275 1
13 D 13 663 1
18 L 0 477 1
18 L 0 189 1
18 L 0 108 1
18 L 0 488 1
8 L 0 233 1
8 L 0 15 1
18 D 643 477 1
18 D 643 189 1
18 D 643 108 1
18 D 643 488 1
8 D 643 233 1
8 D 643 15 1
3 L 0 816 1
8 L 0 474 1
8 L 0 122 1
3 L 0 537 1
13 L 0 450 1
18 L 0 511 1
4 L 0 127 1
3 D 76 816 1
3 D 76 537 1
8 D 76 474 1
8 D 76 122 1
13 D 76 450 1
18 D 76 511 1
4 D 76 127 1
3 L 0 704 1
3 L 0 808 1
3 L 0 437 1
3 L 0 441 1
3 D 265 704 1
3 D 265 808 1
3 D 265 437 1
3 D 265 441 1
4 L 0 319 1
4 L 0 995 1
8 L 0 48 1
4 L 0 935 1
4 L 0 45 1
8 L 0 967 1
13 L 0 486 1
13 L 0 684 1
18 L 0 262 1
18 L 0 758 1
4 D 37 319 1
4 D 37 995 1
4 D 37 935 1
4 D 37 45 1
8 D 37 48 1
8 D 37 967 1
13 D 37 486 1
13 D 37 684 1
18 D 37 262 1
18 D 37 758 1
4 L 0 575 1
4 L 0 299 1
4 L 0 697 1
8 L 0 593 1
8 L 0 722 1
4 D 318 575 1
4 D 318 299 1
4 D 318 697 1
8 D 318 593 1
8 D 318 722 1
13 L 0 951 1
13 L 0 787 1
13 L 0 189 1
18 L 0 164 1
18 L 0 521 1
4 L 0 34 1
4 L 0 265 1
4 L 0 18 1
4 L 0 488 1
8 L 0 727 1
8 L 0 862 1
5 L 0 739 1
13 D 757 951 1
13 D 757 787 1
13 D 757 189 1
18 D 757 164 1
18 D 757 521 1
4 D 757 34 1
4 D 757 265 1
4 D 757 18 1
4 D 757 488 1
8 D 757 727 1
8 D 757 862 1
5 D 757 739 1
4 L 0 877 1
4 L 0 788 1
4 L 0 919 1
4 L 0 899 1
5 L 0 672 1
5 L 0 124 1
4 D 109 877 1
4 D 109 788 1
4 D 109 919 1
4 D 109 899 1
5 D 109 672 1
5 D 109 124 1
8 L 0 104 1
8 L 0 598 1
8 L 0 406 1
13 L 0 616 1
13 L 0 199 1
8 D 27 104 1
8 D 27 598 1
8 D 27 406 1
13 D 27 616 1
13 D 27 199 1
18 L 0 192 1
18 L 0 160 1
4 L 0 239 1
18 L 0 694 1
18 L 0 517 1
18 D 87 192 1
18 D 87 160 1
18 D 87 694 1
18 D 87 517 1
4 D 87 239 1
5 L 0 569 1
4 L 0 43 1
4 L 0 789 1
5 L 0 777 1
5 D 199 569 1
5 D 199 777 1
4 D 199 43 1
4 D 199 789 1
4 L 0 233 1
4 L 0 900 1
5 L 0 222 1
5 L 0 685 1
4 D 359 233 1
4 D 359 900 1
5 D 359 222 1
5 D 359 685 1
8 L 0 673 1
8 L 0 129 1
13 L 0 129 1
13 L 0 185 1
13 L 0 794 1
18 L 0 600 1
18 L 0 480 1
4 L 0 691 1
8 D 766 673 1
8 D 766 129 1
13 D 766 129 1
13 D 766 185 1
13 D 766 794 1
18 D 766 600 1
18 D 766 480 1
4 D 766 691 1
4 L 0 836 1
4 L 0 365 1
4 L 0 276 1
4 L 0 699 1
8 L 0 590 1
13 L 0 396 1
13 L 0 119 1
8 L 0 794 1
18 L 0 346 1
4 D 438 836 1
4 D 438 365 1
4 D 438 276 1
4 D 438 699 1
8 D 438 590 1
8 D 438 794 1
13 D 438 396 1
13 D 438 119 1
18 D 438 346 1
4 L 0 153 1
4 L 0 835 1
8 L 0 795 1
8 L 0 591 1
4 D 96 153 1
4 D 96 835 1
8 D 96 795 1
8 D 96 591 1
13 L 0 178 1
18 L 0 775 1
13 L 0 803 1
18 L 0 799 1
5 L 0 87 1
13 D 640 178 1
13 D 640 803 1
18 D 640 775 1
18 D 640 799 1
5 D 640 87 1
5 L 0 53 1
5 L 0 936 1
5 L 0 201 1
13 L 0 560 1
5 L 0 122 1
13 L 0 161 1
18 L 0 624 1
5 D 408 53 1
5 D 408 936 1
5 D 408 201 1
5 D 408 122 1
13 D 408 560 1
13 D 408 161 1
18 D 408 624 1
5 L 0 350 1
5 L 0 350 1
13 L 0 289 1
5 L 0 541 1
13 L 0 937 1
5 D 331 350 1
5 D 331 350 1
5 D 331 541 1
13 D 331 289 1
13 D 331 937 1
18 L 0 973 1
4 L 0 388 1
8 L 0 501 1
8 L 0 261 1
5 L 0 186 1
18 D 601 973 1
4 D 601 388 1
8 D 601 501 1
8 D 601 261 1
5 D 601 186 1
4 L 0 475 1
4 L 0 267 1
5 L 0 153 1
5 L 0 431 1
5 L 0 498 1
5 L 0 13 1
4 L 0 50 1
4 D 390 475 1
4 D 390 267 1
4 D 390 50 1
5 D 390 153 1
5 D 390 431 1
5 D 390 498 1
5 D 390 13 1
8 L 0 498 1
8 L 0 112 1
8 L 0 796 1
8 L 0 432 1
8 L 0 625 1
18 L 0 624 1
18 L 0 789 1
18 L 0 765 1
18 L 0 992 1
4 L 0 905 1
4 L 0 723 1
4 L 0 604 1
4 L 0 344 1
5 L 0 481 1
5 L 0 322 1
18 L 0 184 1
13 L 0 698 1
4 L 0 226 1
8 D 425 498 1
8 D 425 112 1
8 D 425 796 1
8 D 425 432 1
8 D 425 625 1
18 D 425 624 1
18 D 425 789 1
18 D 425 765 1
18 D 425 992 1
18 D 425 184 1
4 D 425 905 1
4 D 425 723 1
4 D 425 604 1
4 D 425 344 1
4 D 425 226 1
5 D 425 481 1
5 D 425 322 1
13 D 425 698 1
4 L 0 28 1
4 L 0 26 1
4 L 0 974 1
5 L 0 27 1
5 L 0 916 1
4 L 0 426 1
8 L 0 892 1
8 L 0 622 1
8 L 0 836 1
8 L 0 384 1
13 L 0 261 1
13 L 0 806 1
18 L 0 844 1
13 L 0 440 1
4 D 494 28 1
4 D 494 26 1
4 D 494 974 1
4 D 494 426 1
5 D 494 27 1
5 D 494 916 1
8 D 494 892 1
8 D 494 622 1
8 D 494 836 1
8 D 494 384 1
13 D 494 261 1
13 D 494 806 1
13 D 494 440 1
18 D 494 844 1
4 L 0 500 1
4 L 0 439 1
4 L 0 300 1
4 L 0 809 1
4 L 0 687 1
4 L 0 684 1
5 L 0 287 1
4 L 0 145 1
5 L 0 377 1
8 L 0 887 1
8 L 0 796 1
5 L 0 126 1
13 L 0 205 1
13 L 0 481 1
4 D 770 500 1
4 D 770 439 1
4 D 770 300 1
4 D 770 809 1
4 D 770 687 1
4 D 770 684 1
4 D 770 145 1
5 D 770 287 1
5 D 770 377 1
5 D 770 126 1
8 D 770 887 1
8 D 770 796 1
13 D 770 205 1
13 D 770 481 1
18 L 0 379 1
18 L 0 802 1
18 L 0 264 1
18 L 0 116 1
4 L 0 720 1
4 L 0 670 1
4 L 0 759 1
5 L 0 66 1
5 L 0 399 1
5 L 0 789 1
8 L 0 326 1
18 D 715 379 1
18 D 715 802 1
18 D 715 264 1
18 D 715 116 1
4 D 715 720 1
4 D 715 670 1
4 D 715 759 1
5 D 715 66 1
5 D 715 399 1
5 D 715 789 1
8 D 715 326 1
13 L 0 799 1
13 L 0 92 1
13 L 0 445 1
4 L 0 397 1
13 D 133 799 1
13 D 133 92 1
13 D 133 445 1
4 D 133 397 1
5 L 0 453 1
5 L 0 624 1
8 L 0 85 1
18 L 0 64 1
5 L 0 63 1
5 D 174 453 1
5 D 174 624 1
5 D 174 63 1
8 D 174 85 1
18 D 174 64 1
5 L 0 413 1
5 L 0 221 1
5 L 0 427 1
8 L 0 543 1
5 D 210 413 1
5 D 210 221 1
5 D 210 427 1
8 D 210 543 1
18 L 0 795 1
18 L 0 950 1
4 L 0 845 1
18 L 0 513 1
18 D 392 795 1
18 D 392 950 1
18 D 392 513 1
4 D 392 845 1
4 L 0 995 1
4 L 0 742 1
4 L 0 341 1
4 L 0 296 1
4 L 0 185 1
5 L 0 593 1
5 L 0 480 1
4 D 93 995 1
4 D 93 742 1
4 D 93 341 1
4 D 93 296 1
4 D 93 185 1
5 D 93 593 1
5 D 93 480 1
4 L 0 623 1
4 L 0 158 1
4 L 0 268 1
4 L 0 509 1
4 L 0 287 1
4 L 0 741 1
5 L 0 829 1
4 D 350 623 1
4 D 350 158 1
4 D 350 268 1
4 D 350 509 1
4 D 350 287 1
4 D 350 741 1
5 D 350 829 1
4 L 0 637 1
4 L 0 741 1
5 L 0 388 1
5 L 0 618 1
4 L 0 691 1
8 L 0 422 1
8 L 0 628 1
13 L 0 844 1
13 L 0 73 1
4 D 577 637 1
4 D 577 741 1
4 D 577 691 1
5 D 577 388 1
5 D 577 618 1
8 D 577 422 1
8 D 577 628 1
13 D 577 844 1
13 D 577 73 1
4 L 0 599 1
4 L 0 106 1
5 L 0 144 1
5 L 0 185 1
5 L 0 794 1
4 D 100 599 1
4 D 100 106 1
5 D 100 144 1
5 D 100 185 1
5 D 100 794 1
8 L 0 379 1
8 L 0 444 1
8 L 0 113 1
8 L 0 34 1
13 L 0 486 1
8 D 655 379 1
8 D 655 444 1
8 D 655 113 1
8 D 655 34 1
13 D 655 486 1
18 L 0 806 1
18 L 0 719 1
4 L 0 469 1
4 L 0 390 1
5 L 0 914 1
18 L 0 840 1
5 L 0 283 1
5 L 0 265 1
8 L 0 920 1
8 L 0 453 1
18 D 688 806 1
18 D 688 719 1
18 D 688 840 1
4 D 688 469 1
4 D 688 390 1
5 D 688 914 1
5 D 688 283 1
5 D 688 265 1
8 D 688 920 1
8 D 688 453 1
4 L 0 500 1
4 L 0 276 1
4 L 0 952 1
4 L 0 70 1
4 L 0 35 1
5 L 0 441 1
4 D 316 500 1
4 D 316 276 1
4 D 316 952 1
4 D 316 70 1
4 D 316 35 1
5 D 316 441 1
8 L 0 815 1
8 L 0 761 1
8 L 0 463 1
18 L 0 862 1
18 L 0 15 1
13 L 0 401 1
13 L 0 988 1
13 L 0 434 1
4 L 0 218 1
13 L 0 918 1
4 L 0 151 1
5 L 0 41 1
4 L 0 647 1
5 L 0 945 1
8 D 413 815 1
8 D 413 761 1
8 D 413 463 1
18 D 413 862 1
18 D 413 15 1
13 D 413 401 1
13 D 413 988 1
13 D 413 434 1
13 D 413 918 1
4 D 413 218 1
4 D 413 151 1
4 D 413 647 1
5 D 413 41 1
5 D 413 945 1
4 L 0 92 1
4 L 0 500 1
4 L 0 411 1
5 L 0 858 1
5 L 0 376 1
4 L 0 605 1
8 L 0 123 1
8 L 0 297 1
8 L 0 777 1
8 L 0 290 1
13 L 0 929 1
18 L 0 242 1
8 L 0 372 1
13 L 0 367 1
4 D 506 92 1
4 D 506 500 1
4 D 506 411 1
4 D 506 605 1
5 D 506 858 1
5 D 506 376 1
8 D 506 123 1
8 D 506 297 1
8 D 506 777 1
8 D 506 290 1
8 D 506 372 1
13 D 506 929 1
13 D 506 367 1
18 D 506 242 1
4 L 0 978 1
4 L 0 560 1
4 L 0 825 1
5 L 0 517 1
5 L 0 199 1
5 L 0 261 1
4 D 756 978 1
4 D 756 560 1
4 D 756 825 1
5 D 756 517 1
5 D 756 199 1
5 D 756 261 1
8 L 0 966 1
8 L 0 289 1
13 L 0 782 1
8 D 251 966 1
8 D 251 289 1
13 D 251 782 1
18 L 0 154 1
18 L 0 971 1
4 L 0 353 1
4 L 0 479 1
4 L 0 70 1
18 D 319 154 1
18 D 319 971 1
4 D 319 353 1
4 D 319 479 1
4 D 319 70 1
5 L 0 628 1
5 L 0 390 1
4 L 0 290 1
4 L 0 901 1
4 L 0 922 1
5 D 430 628 1
5 D 430 390 1
4 D 430 290 1
4 D 430 901 1
4 D 430 922 1
4 L 0 63 1
4 L 0 809 1
4 L 0 579 1
5 L 0 167 1
4 L 0 741 1
4 D 536 63 1
4 D 536 809 1
4 D 536 579 1
4 D 536 741 1
5 D 536 167 1
4 L 0 560 1
4 L 0 965 1
5 L 0 694 1
5 L 0 698 1
5 L 0 547 1
5 L 0 105 1
18 L 0 947 1
4 L 0 62 1
4 D 206 560 1
4 D 206 965 1
4 D 206 62 1
5 D 206 694 1
5 D 206 698 1
5 D 206 547 1
5 D 206 105 1
18 D 206 947 1
4 L 0 444 1
4 L 0 896 1
5 L 0 600 1
4 L 0 554 1
5 L 0 440 1
4 D 477 444 1
4 D 477 896 1
4 D 477 554 1
5 D 477 600 1
5 D 477 440 1
18 L 0 919 1
18 L 0 417 1
18 L 0 557 1
4 L 0 286 1
18 L 0 848 1
4 L 0 749 1
5 L 0 136 1
4 L 0 244 1
18 L 0 622 1
5 L 0 757 1
8 L 0 589 1
5 L 0 37 1
18 D 630 919 1
18 D 630 417 1
18 D 630 557 1
18 D 630 848 1
18 D 630 622 1
4 D 630 286 1
4 D 630 749 1
4 D 630 244 1
5 D 630 136 1
5 D 630 757 1
5 D 630 37 1
8 D 630 589 1
4 L 0 424 1
4 L 0 702 1
5 L 0 608 1
4 L 0 584 1
5 L 0 430 1
8 L 0 365 1
8 L 0 113 1
18 L 0 563 1
8 L 0 411 1
13 L 0 178 1
10 L 0 946 1
13 L 0 615 1
8 L 0 50 1
4 L 0 35 1
10 L 0 522 1
4 D 160 424 1
4 D 160 702 1
4 D 160 584 1
4 D 160 35 1
5 D 160 608 1
5 D 160 430 1
8 D 160 365 1
8 D 160 113 1
8 D 160 411 1
8 D 160 50 1
18 D 160 563 1
13 D 160 178 1
13 D 160 615 1
10 D 160 946 1
10 D 160 522 1
4 L 0 549 1
4 L 0 26 1
5 L 0 110 1
5 L 0 463 1
4 L 0 411 1
8 L 0 231 1
8 L 0 847 1
8 L 0 242 1
4 D 711 549 1
4 D 711 26 1
4 D 711 411 1
5 D 711 110 1
5 D 711 463 1
8 D 711 231 1
8 D 711 847 1
8 D 711 242 1
10 L 0 277 1
10 L 0 455 1
13 L 0 185 1
10 L 0 823 1
13 L 0 891 1
18 L 0 189 1
18 L 0 808 1
18 L 0 520 1
4 L 0 691 1
10 D 49 277 1
10 D 49 455 1
10 D 49 823 1
13 D 49 185 1
13 D 49 891 1
18 D 49 189 1
18 D 49 808 1
18 D 49 520 1
4 D 49 691 1
4 L 0 543 1
4 L 0 123 1
4 L 0 574 1
4 D 266 543 1
4 D 266 123 1
4 D 266 574 1
10 L 0 302 1
10 L 0 168 1
13 L 0 879 1
10 L 0 713 1
13 L 0 558 1
18 L 0 693 1
10 D 482 302 1
10 D 482 168 1
10 D 482 713 1
13 D 482 879 1
13 D 482 558 1
18 D 482 693 1
5 L 0 29 1
5 L 0 935 1
8 L 0 775 1
5 L 0 861 1
8 L 0 849 1
10 L 0 719 1
8 L 0 831 1
10 L 0 790 1
10 L 0 312 1
13 L 0 419 1
13 L 0 632 1
13 L 0 296 1
5 D 333 29 1
5 D 333 935 1
5 D 333 861 1
8 D 333 775 1
8 D 333 849 1
8 D 333 831 1
10 D 333 719 1
10 D 333 790 1
10 D 333 312 1
13 D 333 419 1
13 D 333 632 1
13 D 333 296 1
5 L 0 350 1
5 L 0 590 1
8 L 0 504 1
5 L 0 726 1
5 D 448 350 1
5 D 448 590 1
5 D 448 726 1
8 D 448 504 1
10 L 0 653 1
10 L 0 104 1
10 L 0 335 1
13 L 0 955 1
13 L 0 362 1
18 L 0 431 1
18 L 0 786 1
10 D 500 653 1
10 D 500 104 1
10 D 500 335 1
13 D 500 955 1
13 D 500 362 1
18 D 500 431 1
18 D 500 786 1
10 L 0 492 1
10 L 0 121 1
13 L 0 598 1
13 L 0 691 1
10 D 795 492 1
10 D 795 121 1
13 D 795 598 1
13 D 795 691 1
18 L 0 785 1
18 L 0 121 1
5 L 0 634 1
5 L 0 805 1
8 L 0 38 1
18 D 0 785 1
18 D 0 121 1
5 D 0 634 1
5 D 0 805 1
8 D 0 38 1
5 L 0 808 1
5 L 0 541 1
8 L 0 177 1
5 D 562 808 1
5 D 562 541 1
8 D 562 177 1
18 L 0 751 1
18 L 0 889 1
18 L 0 96 1
18 L 0 678 1
10 L 0 322 1
10 L 0 80 1
10 L 0 896 1
13 L 0 157 1
13 L 0 958 1
5 L 0 99 1
18 D 386 751 1
18 D 386 889 1
18 D 386 96 1
18 D 386 678 1
10 D 386 322 1
10 D 386 80 1
10 D 386 896 1
13 D 386 157 1
13 D 386 958 1
5 D 386 99 1
5 L 0 277 1
5 L 0 806 1
10 L 0 476 1
13 L 0 642 1
5 D 306 277 1
5 D 306 806 1
10 D 306 476 1
13 D 306 642 1
18 L 0 83 1
18 L 0 177 1
5 L 0 563 1
5 L 0 551 1
10 L 0 961 1
10 L 0 603 1
10 L 0 863 1
18 D 724 83 1
18 D 724 177 1
5 D 724 563 1
5 D 724 551 1
10 D 724 961 1
10 D 724 603 1
10 D 724 863 1
5 L 0 854 1
5 L 0 132 1
5 L 0 81 1
10 L 0 296 1
10 L 0 549 1
10 L 0 859 1
18 L 0 555 1
18 L 0 857 1
13 L 0 396 1
18 L 0 882 1
13 L 0 382 1
5 D 382 854 1
5 D 382 132 1
5 D 382 81 1
10 D 382 296 1
10 D 382 549 1
10 D 382 859 1
18 D 382 555 1
18 D 382 857 1
18 D 382 882 1
13 D 382 396 1
13 D 382 382 1
5 L 0 764 1
5 L 0 560 1
5 L 0 700 1
10 L 0 607 1
5 D 383 764 1
5 D 383 560 1
5 D 383 700 1
10 D 383 607 1
13 L 0 747 1
18 L 0 563 1
8 L 0 785 1
13 L 0 699 1
5 L 0 646 1
13 L 0 35 1
10 L 0 127 1
18 L 0 911 1
13 D 526 747 1
13 D 526 699 1
13 D 526 35 1
18 D 526 563 1
18 D 526 911 1
8 D 526 785 1
5 D 526 646 1
10 D 526 127 1
5 L 0 361 1
5 L 0 616 1
8 L 0 790 1
8 L 0 857 1
8 L 0 779 1
5 L 0 128 1
5 D 737 361 1
5 D 737 616 1
5 D 737 128 1
8 D 737 790 1
8 D 737 857 1
8 D 737 779 1
10 L 0 215 1
10 L 0 999 1
10 L 0 627 1
13 L 0 816 1
13 L 0 686 1
13 L 0 215 1
18 L 0 157 1
18 L 0 974 1
10 D 389 215 1
10 D 389 999 1
10 D 389 627 1
13 D 389 816 1
13 D 389 686 1
13 D 389 215 1
18 D 389 157 1
18 D 389 974 1
10 L 0 301 1
10 L 0 282 1
13 L 0 948 1
13 L 0 558 1
10 L 0 50 1
13 L 0 802 1
18 L 0 227 1
18 L 0 597 1
13 L 0 490 1
10 D 344 301 1
10 D 344 282 1
10 D 344 50 1
13 D 344 948 1
13 D 344 558 1
13 D 344 802 1
13 D 344 490 1
18 D 344 227 1
18 D 344 597 1
10 L 0 456 1
10 L 0 195 1
13 L 0 964 1
13 L 0 569 1
13 L 0 598 1
18 L 0 624 1
18 L 0 314 1
10 D 196 456 1
10 D 196 195 1
13 D 196 964 1
13 D 196 569 1
13 D 196 598 1
18 D 196 624 1
18 D 196 314 1
10 L 0 876 1
10 L 0 668 1
13 L 0 351 1
10 L 0 959 1
18 L 0 499 1
10 L 0 17 1
18 L 0 875 1
18 L 0 547 1
13 L 0 15 1
5 L 0 715 1
5 L 0 854 1
10 D 412 876 1
10 D 412 668 1
10 D 412 959 1
10 D 412 17 1
13 D 412 351 1
13 D 412 15 1
18 D 412 499 1
18 D 412 875 1
18 D 412 547 1
5 D 412 715 1
5 D 412 854 1
5 L 0 594 1
5 L 0 951 1
10 L 0 268 1
10 L 0 318 1
10 L 0 183 1
10 L 0 297 1
13 L 0 260 1
5 D 692 594 1
5 D 692 951 1
10 D 692 268 1
10 D 692 318 1
10 D 692 183 1
10 D 692 297 1
13 D 692 260 1
18 L 0 182 1
18 L 0 607 1
5 L 0 560 1
5 L 0 977 1
18 D 341 182 1
18 D 341 607 1
5 D 341 560 1
5 D 341 977 1
10 L 0 170 1
10 L 0 816 1
13 L 0 236 1
13 L 0 111 1
13 L 0 168 1
10 L 0 490 1
13 L 0 447 1
13 L 0 162 1
10 D 575 170 1
10 D 575 816 1
10 D 575 490 1
13 D 575 236 1
13 D 575 111 1
13 D 575 168 1
13 D 575 447 1
13 D 575 162 1
10 L 0 128 1
10 L 0 420 1
10 L 0 424 1
13 L 0 504 1
13 L 0 642 1
8 L 0 220 1
10 L 0 753 1
8 L 0 806 1
5 L 0 155 1
5 L 0 739 1
10 L 0 114 1
18 L 0 698 1
10 D 585 128 1
10 D 585 420 1
10 D 585 424 1
10 D 585 753 1
10 D 585 114 1
13 D 585 504 1
13 D 585 642 1
8 D 585 220 1
8 D 585 806 1
5 D 585 155 1
5 D 585 739 1
18 D 585 698 1
5 L 0 483 1
5 L 0 441 1
5 L 0 615 1
5 L 0 182 1
5 L 0 162 1
8 L 0 581 1
8 L 0 963 1
5 D 91 483 1
5 D 91 441 1
5 D 91 615 1
5 D 91 182 1
5 D 91 162 1
8 D 91 581 1
8 D 91 963 1
10 L 0 785 1
10 L 0 964 1
13 L 0 680 1
10 L 0 591 1
13 L 0 11 1
13 L 0 787 1
13 L 0 554 1
18 L 0 338 1
18 L 0 935 1
13 L 0 804 1
18 L 0 777 1
5 L 0 164 1
5 L 0 956 1
10 D 520 785 1
10 D 520 964 1
10 D 520 591 1
13 D 520 680 1
13 D 520 11 1
13 D 520 787 1
13 D 520 554 1
13 D 520 804 1
18 D 520 338 1
18 D 520 935 1
18 D 520 777 1
5 D 520 164 1
5 D 520 956 1
5 L 0 283 1
5 L 0 355 1
5 L 0 586 1
10 L 0 221 1
10 L 0 664 1
10 L 0 299 1
13 L 0 717 1
13 L 0 298 1
5 D 204 283 1
5 D 204 355 1
5 D 204 586 1
10 D 204 221 1
10 D 204 664 1
10 D 204 299 1
13 D 204 717 1
13 D 204 298 1
18 L 0 876 1
18 L 0 136 1
5 L 0 474 1
10 L 0 997 1
13 L 0 887 1
18 D 488 876 1
18 D 488 136 1
5 D 488 474 1
10 D 488 997 1
13 D 488 887 1
5 L 0 242 1
5 L 0 435 1
10 L 0 221 1
10 L 0 669 1
13 L 0 946 1
13 L 0 338 1
5 D 440 242 1
5 D 440 435 1
10 D 440 221 1
10 D 440 669 1
13 D 440 946 1
13 D 440 338 1
5 L 0 20 1
5 L 0 62 1
5 L 0 420 1
10 L 0 643 1
13 L 0 922 1
18 L 0 107 1
5 D 594 20 1
5 D 594 62 1
5 D 594 420 1
10 D 594 643 1
13 D 594 922 1
18 D 594 107 1
5 L 0 869 1
5 L 0 404 1
5 L 0 787 1
5 L 0 404 1
10 L 0 758 1
10 L 0 286 1
10 L 0 572 1
13 L 0 617 1
13 L 0 564 1
13 L 0 589 1
5 D 10 869 1
5 D 10 404 1
5 D 10 787 1
5 D 10 404 1
10 D 10 758 1
10 D 10 286 1
10 D 10 572 1
13 D 10 617 1
13 D 10 564 1
13 D 10 589 1
18 L 0 862 1
18 L 0 852 1
18 L 0 526 1
5 L 0 391 1
5 L 0 402 1
5 L 0 21 1
10 L 0 233 1
10 L 0 241 1
18 D 77 862 1
18 D 77 852 1
18 D 77 526 1
5 D 77 391 1
5 D 77 402 1
5 D 77 21 1
10 D 77 233 1
10 D 77 241 1
13 L 0 793 1
13 L 0 910 1
13 L 0 262 1
5 L 0 419 1
5 L 0 70 1
13 D 182 793 1
13 D 182 910 1
13 D 182 262 1
5 D 182 419 1
5 D 182 70 1
10 L 0 964 1
10 L 0 93 1
18 L 0 350 1
10 L 0 659 1
10 D 64 964 1
10 D 64 93 1
10 D 64 659 1
18 D 64 350 1
8 L 0 348 1
8 L 0 154 1
5 L 0 911 1
8 D 351 348 1
8 D 351 154 1
5 D 351 911 1
13 L 0 602 1
13 L 0 787 1
13 L 0 158 1
10 L 0 242 1
10 L 0 616 1
13 L 0 253 1
18 L 0 759 1
18 L 0 648 1
13 D 406 602 1
13 D 406 787 1
13 D 406 158 1
13 D 406 253 1
10 D 406 242 1
10 D 406 616 1
18 D 406 759 1
18 D 406 648 1
10 L 0 398 1
10 L 0 461 1
10 L 0 460 1
13 L 0 836 1
13 L 0 642 1
18 L 0 381 1
18 L 0 802 1
18 L 0 255 1
10 D 576 398 1
10 D 576 461 1
10 D 576 460 1
13 D 576 836 1
13 D 576 642 1
18 D 576 381 1
18 D 576 802 1
18 D 576 255 1
10 L 0 296 1
10 L 0 476 1
13 L 0 355 1
13 L 0 790 1
18 L 0 590 1
13 L 0 790 1
18 L 0 26 1
10 D 461 296 1
10 D 461 476 1
13 D 461 355 1
13 D 461 790 1
13 D 461 790 1
18 D 461 590 1
18 D 461 26 1
10 L 0 367 1
10 L 0 723 1
10 L 0 73 1
13 L 0 219 1
13 L 0 481 1
13 L 0 317 1
10 L 0 227 1
18 L 0 591 1
18 L 0 463 1
18 L 0 221 1
10 D 608 367 1
10 D 608 723 1
10 D 608 73 1
10 D 608 227 1
13 D 608 219 1
13 D 608 481 1
13 D 608 317 1
18 D 608 591 1
18 D 608 463 1
18 D 608 221 1
10 L 0 637 1
10 L 0 139 1
10 L 0 492 1
13 L 0 172 1
10 L 0 278 1
13 L 0 852 1
13 L 0 51 1
13 L 0 28 1
18 L 0 606 1
10 D 254 637 1
10 D 254 139 1
10 D 254 492 1
10 D 254 278 1
13 D 254 172 1
13 D 254 852 1
13 D 254 51 1
13 D 254 28 1
18 D 254 606 1
10 L 0 355 1
10 L 0 863 1
10 L 0 744 1
13 L 0 1 1
13 L 0 534 1
13 L 0 349 1
13 L 0 707 1
18 L 0 260 1
18 L 0 657 1
10 D 267 355 1
10 D 267 863 1
10 D 267 744 1
13 D 267 1 1
13 D 267 534 1
13 D 267 349 1
13 D 267 707 1
18 D 267 260 1
18 D 267 657 1
10 L 0 835 1
10 L 0 30 1
13 L 0 173 1
13 L 0 241 1
10 L 0 937 1
18 L 0 375 1
10 D 281 835 1
10 D 281 30 1
10 D 281 937 1
13 D 281 173 1
13 D 281 241 1
18 D 281 375 1
10 L 0 525 1
10 L 0 616 1
13 L 0 856 1
10 D 491 525 1
10 D 491 616 1
13 D 491 856 1
18 L 0 548 1
18 L 0 11 1
18 L 0 384 1
5 L 0 189 1
5 L 0 615 1
5 L 0 113 1
8 L 0 446 1
8 L 0 168 1
8 L 0 125 1
10 L 0 256 1
8 L 0 730 1
18 D 554 548 1
18 D 554 11 1
18 D 554 384 1
5 D 554 189 1
5 D 554 615 1
5 D 554 113 1
8 D 554 446 1
8 D 554 168 1
8 D 554 125 1
8 D 554 730 1
10 D 554 256 1
5 L 0 600 1
8 L 0 100 1
8 L 0 931 1
5 L 0 435 1
10 L 0 961 1
10 L 0 727 1
5 D 730 600 1
5 D 730 435 1
8 D 730 100 1
8 D 730 931 1
10 D 730 961 1
10 D 730 727 1
18 L 0 822 1
18 L 0 693 1
5 L 0 767 1
5 L 0 650 1
18 D 107 822 1
18 D 107 693 1
5 D 107 767 1
5 D 107 650 1
8 L 0 78 1
8 L 0 427 1
10 L 0 383 1
10 L 0 489 1
10 L 0 160 1
5 L 0 808 1
8 L 0 483 1
8 D 736 78 1
8 D 736 427 1
8 D 736 483 1
10 D 736 383 1
10 D 736 489 1
10 D 736 160 1
5 D 736 808 1
5 L 0 197 1
5 L 0 449 1
5 L 0 362 1
8 L 0 83 1
8 L 0 953 1
8 L 0 460 1
10 L 0 75 1
10 L 0 297 1
13 L 0 927 1
13 L 0 461 1
18 L 0 977 1
8 L 0 456 1
18 L 0 97 1
18 L 0 840 1
5 D 217 197 1
5 D 217 449 1
5 D 217 362 1
8 D 217 83 1
8 D 217 953 1
8 D 217 460 1
8 D 217 456 1
10 D 217 75 1
10 D 217 297 1
13 D 217 927 1
13 D 217 461 1
18 D 217 977 1
18 D 217 97 1
18 D 217 840 1
5 L 0 370 1
5 L 0 607 1
8 L 0 475 1
8 L 0 121 1
5 D 772 370 1
5 D 772 607 1
8 D 772 475 1
8 D 772 121 1
10 L 0 610 1
10 L 0 428 1
13 L 0 706 1
13 L 0 505 1
18 L 0 987 1
10 L 0 278 1
13 L 0 372 1
10 D 337 610 1
10 D 337 428 1
10 D 337 278 1
13 D 337 706 1
13 D 337 505 1
13 D 337 372 1
18 D 337 987 1
10 L 0 339 1
10 L 0 988 1
10 L 0 604 1
10 L 0 341 1
13 L 0 974 1
13 L 0 688 1
18 L 0 520 1
10 D 752 339 1
10 D 752 988 1
10 D 752 604 1
10 D 752 341 1
13 D 752 974 1
13 D 752 688 1
18 D 752 520 1
10 L 0 195 1
10 L 0 179 1
13 L 0 767 1
10 L 0 252 1
10 D 493 195 1
10 D 493 179 1
10 D 493 252 1
13 D 493 767 1
18 L 0 383 1
18 L 0 821 1
18 L 0 266 1
18 L 0 208 1
5 L 0 132 1
5 L 0 71 1
5 L 0 680 1
5 L 0 748 1
8 L 0 647 1
8 L 0 845 1
10 L 0 780 1
10 L 0 720 1
18 D 684 383 1
18 D 684 821 1
18 D 684 266 1
18 D 684 208 1
5 D 684 132 1
5 D 684 71 1
5 D 684 680 1
5 D 684 748 1
8 D 684 647 1
8 D 684 845 1
10 D 684 780 1
10 D 684 720 1
5 L 0 186 1
5 L 0 961 1
5 L 0 197 1
8 L 0 616 1
5 L 0 937 1
5 L 0 931 1
8 L 0 54 1
10 L 0 782 1
5 L 0 145 1
10 L 0 311 1
5 D 475 186 1
5 D 475 961 1
5 D 475 197 1
5 D 475 937 1
5 D 475 931 1
5 D 475 145 1
8 D 475 616 1
8 D 475 54 1
10 D 475 782 1
10 D 475 311 1
18 L 0 49 1
5 L 0 326 1
18 D 38 49 1
5 D 38 326 1
8 L 0 285 1
8 L 0 224 1
10 L 0 496 1
10 L 0 391 1
8 D 201 285 1
8 D 201 224 1
10 D 201 496 1
10 D 201 391 1
13 L 0 778 1
13 L 0 964 1
13 L 0 66 1
13 L 0 631 1
8 L 0 168 1
8 L 0 439 1
13 D 416 778 1
13 D 416 964 1
13 D 416 66 1
13 D 416 631 1
8 D 416 168 1
8 D 416 439 1
8 L 0 682 1
13 L 0 326 1
13 L 0 278 1
8 D 366 682 1
13 D 366 326 1
13 D 366 278 1
10 L 0 994 1
10 L 0 763 1
10 L 0 559 1
5 L 0 710 1
10 D 242 994 1
10 D 242 763 1
10 D 242 559 1
5 D 242 710 1
5 L 0 421 1
5 L 0 893 1
8 L 0 164 1
8 L 0 60 1
10 L 0 86 1
5 D 683 421 1
5 D 683 893 1
8 D 683 164 1
8 D 683 60 1
10 D 683 86 1
5 L 0 959 1
5 L 0 196 1
5 L 0 638 1
8 L 0 499 1
8 L 0 966 1
8 L 0 268 1
5 D 377 959 1
5 D 377 196 1
5 D 377 638 1
8 D 377 499 1
8 D 377 966 1
8 D 377 268 1
10 L 0 808 1
10 L 0 741 1
10 L 0 197 1
10 L 0 484 1
5 L 0 593 1
8 L 0 624 1
10 D 388 808 1
10 D 388 741 1
10 D 388 197 1
10 D 388 484 1
5 D 388 593 1
8 D 388 624 1
5 L 0 220 1
5 L 0 631 1
5 L 0 584 1
5 L 0 509 1
5 L 0 40 1
8 L 0 827 1
8 L 0 149 1
5 D 229 220 1
5 D 229 631 1
5 D 229 584 1
5 D 229 509 1
5 D 229 40 1
8 D 229 827 1
8 D 229 149 1
10 L 0 911 1
10 L 0 905 1
5 L 0 10 1
5 L 0 866 1
8 L 0 890 1
13 L 0 451 1
18 L 0 353 1
7 L 0 412 1
10 D 302 911 1
10 D 302 905 1
5 D 302 10 1
5 D 302 866 1
8 D 302 890 1
13 D 302 451 1
18 D 302 353 1
7 D 302 412 1
5 L 0 477 1
5 L 0 623 1
5 L 0 475 1
7 L 0 853 1
5 D 232 477 1
5 D 232 623 1
5 D 232 475 1
7 D 232 853 1
8 L 0 968 1
8 L 0 272 1
8 L 0 259 1
10 L 0 594 1
10 L 0 646 1
13 L 0 18 1
13 L 0 819 1
18 L 0 267 1
18 L 0 267 1
5 L 0 626 1
8 L 0 726 1
5 L 0 455 1
13 L 0 247 1
5 L 0 262 1
18 L 0 994 1
7 L 0 95 1
8 D 303 968 1
8 D 303 272 1
8 D 303 259 1
8 D 303 726 1
10 D 303 594 1
10 D 303 646 1
13 D 303 18 1
13 D 303 819 1
13 D 303 247 1
18 D 303 267 1
18 D 303 267 1
18 D 303 994 1
5 D 303 626 1
5 D 303 455 1
5 D 303 262 1
7 D 303 95 1