7028
0 L 8 149 1
0 L 8 719 1
0 D 39 149 1
0 D 39 719 1
0 L 8 121 1
0 L 8 1022 1
0 D 847 121 1
0 D 847 1022 1
0 L 8 998 1
0 L 8 1383 1
0 L 8 837 1
0 D 638 998 1
0 D 638 1383 1
0 D 638 837 1
1 L 5 175 1
2 L 5 951 1
1 L 5 1147 1
1 D 979 175 1
1 D 979 1147 1
2 D 979 951 1
3 L 4 218 1
3 L 4 1945 1
3 L 4 1927 1
4 L 4 210 1
4 L 4 1064 1
5 L 4 1782 1
3 D 185 218 1
3 D 185 1945 1
3 D 185 1927 1
4 D 185 210 1
4 D 185 1064 1
5 D 185 1782 1
0 L 8 632 1
0 L 8 83 1
0 L 8 1562 1
0 D 480 632 1
0 D 480 83 1
0 D 480 1562 1
3 L 11 1052 1
3 D 14 1052 1
1 L 1 672 1
1 L 1 783 1
1 D 253 672 1
1 D 253 783 1
6 L 0 1348 1
6 L 0 647 1
6 D 849 1348 1
6 D 849 647 1
0 L 8 220 1
0 L 8 270 1
1 L 8 153 1
0 D 866 220 1
0 D 866 270 1
1 D 866 153 1
0 L 8 1903 1
0 L 8 1840 1
0 L 8 271 1
0 D 55 1903 1
0 D 55 1840 1
0 D 55 271 1
1 L 8 54 1
1 L 8 1571 1
1 D 975 54 1
1 D 975 1571 1
4 L 7 1230 1
4 L 7 1024 1
4 L 7 918 1
4 L 7 1601 1
4 D 234 1230 1
4 D 234 1024 1
4 D 234 918 1
4 D 234 1601 1
2 L 1 583 1
2 D 386 583 1
3 L 11 850 1
3 L 11 558 1
5 L 11 1496 1
3 D 514 850 1
3 D 514 558 1
5 D 514 1496 1
0 L 15 1854 1
0 D 927 1854 1
1 L 8 417 1
1 L 8 1016 1
0 L 8 289 1
0 L 8 1231 1
0 L 8 520 1
1 L 8 1084 1
1 D 306 417 1
1 D 306 1016 1
1 D 306 1084 1
0 D 306 289 1
0 D 306 1231 1
0 D 306 520 1
4 L 12 1855 1
4 L 12 881 1
4 D 471 1855 1
4 D 471 881 1
3 L 4 471 1
3 L 4 382 1
3 L 4 96 1
3 D 729 471 1
3 D 729 382 1
3 D 729 96 1
5 L 11 1966 1
5 L 11 1056 1
5 L 11 1225 1
5 L 11 1025 1
5 D 329 1966 1
5 D 329 1056 1
5 D 329 1225 1
5 D 329 1025 1
5 L 10 1590 1
5 D 247 1590 1
7 L 0 1345 1
7 L 0 1270 1
7 L 0 552 1
7 D 255 1345 1
7 D 255 1270 1
7 D 255 552 1
0 L 15 1704 1
0 L 15 468 1
0 D 410 1704 1
0 D 410 468 1
1 L 8 919 1
1 L 8 1699 1
1 D 28 919 1
1 D 28 1699 1
6 L 5 1437 1
6 L 5 303 1
6 L 5 1438 1
6 D 103 1437 1
6 D 103 303 1
6 D 103 1438 1
1 L 8 547 1
1 L 8 1143 1
1 L 8 974 1
0 L 8 1903 1
0 L 8 911 1
1 D 743 547 1
1 D 743 1143 1
1 D 743 974 1
0 D 743 1903 1
0 D 743 911 1
3 L 4 971 1
3 D 996 971 1
0 L 8 1003 1
0 L 8 553 1
1 L 8 1313 1
0 D 176 1003 1
0 D 176 553 1
1 D 176 1313 1
2 L 1 1328 1
2 L 1 21 1
2 D 251 1328 1
2 D 251 21 1
2 L 1 1857 1
2 L 1 1022 1
2 L 1 1158 1
2 D 310 1857 1
2 D 310 1022 1
2 D 310 1158 1
8 L 0 1837 1
8 L 0 8 1
8 L 0 899 1
8 L 0 1482 1
9 L 0 454 1
9 L 0 1648 1
9 L 0 459 1
8 D 366 1837 1
8 D 366 8 1
8 D 366 899 1
8 D 366 1482 1
9 D 366 454 1
9 D 366 1648 1
9 D 366 459 1
0 L 9 1479 1
0 L 9 1269 1
0 L 9 1425 1
0 L 9 287 1
0 L 9 704 1
0 D 577 1479 1
0 D 577 1269 1
0 D 577 1425 1
0 D 577 287 1
0 D 577 704 1
3 L 4 281 1
3 L 4 880 1
3 L 4 1751 1
3 D 723 281 1
3 D 723 880 1
3 D 723 1751 1
3 L 4 1789 1
3 L 4 1204 1
3 L 4 1962 1
3 D 940 1789 1
3 D 940 1204 1
3 D 940 1962 1
1 L 8 435 1
1 D 966 435 1
2 L 1 552 1
2 L 1 1759 1
2 L 1 399 1
2 D 998 552 1
2 D 998 1759 1
2 D 998 399 1
2 L 6 157 1
2 L 6 1747 1
2 D 123 157 1
2 D 123 1747 1
6 L 5 1487 1
6 L 5 1246 1
10 L 5 16 1
6 L 5 967 1
6 L 5 789 1
10 L 5 1600 1
10 L 5 823 1
6 D 441 1487 1
6 D 441 1246 1
6 D 441 967 1
6 D 441 789 1
10 D 441 16 1
10 D 441 1600 1
10 D 441 823 1
11 L 0 816 1
11 L 0 455 1
11 L 0 1185 1
12 L 0 1062 1
12 L 0 250 1
13 L 0 788 1
12 L 0 739 1
11 D 526 816 1
11 D 526 455 1
11 D 526 1185 1
12 D 526 1062 1
12 D 526 250 1
12 D 526 739 1
13 D 526 788 1
3 L 4 1013 1
3 L 4 1313 1
3 D 682 1013 1
3 D 682 1313 1
2 L 14 538 1
2 L 14 1309 1
2 L 14 452 1
2 L 14 591 1
6 L 14 1304 1
2 L 14 126 1
2 D 995 538 1
2 D 995 1309 1
2 D 995 452 1
2 D 995 591 1
2 D 995 126 1
6 D 995 1304 1
3 L 4 653 1
3 L 4 1195 1
3 L 4 261 1
4 L 4 1713 1
4 L 4 1416 1
3 D 97 653 1
3 D 97 1195 1
3 D 97 261 1
4 D 97 1713 1
4 D 97 1416 1
0 L 9 372 1
0 L 9 1177 1
0 D 152 372 1
0 D 152 1177 1
14 L 0 45 1
14 L 0 852 1
14 D 446 45 1
14 D 446 852 1
3 L 4 958 1
3 L 4 1945 1
3 L 4 1482 1
3 D 798 958 1
3 D 798 1945 1
3 D 798 1482 1
4 L 12 1765 1
4 L 12 1875 1
4 D 371 1765 1
4 D 371 1875 1
3 L 4 1542 1
3 L 4 586 1
3 L 4 265 1
3 D 482 1542 1
3 D 482 586 1
3 D 482 265 1
3 L 4 296 1
3 D 539 296 1
15 L 0 356 1
15 L 0 454 1
15 L 0 171 1
15 D 797 356 1
15 D 797 454 1
15 D 797 171 1
3 L 11 1285 1
3 D 968 1285 1
1 L 8 476 1
1 L 8 704 1
0 L 8 971 1
1 L 8 723 1
1 D 132 476 1
1 D 132 704 1
1 D 132 723 1
0 D 132 971 1
4 L 7 1230 1
4 L 7 593 1
4 D 296 1230 1
4 D 296 593 1
0 L 8 637 1
0 L 8 991 1
0 D 305 637 1
0 D 305 991 1
3 L 11 812 1
3 L 11 653 1
3 L 11 1981 1
3 L 11 1558 1
3 D 368 812 1
3 D 368 653 1
3 D 368 1981 1
3 D 368 1558 1
1 L 8 764 1
1 L 8 277 1
0 L 8 219 1
0 L 8 639 1
2 L 8 1794 1
1 D 624 764 1
1 D 624 277 1
0 D 624 219 1
0 D 624 639 1
2 D 624 1794 1
0 L 8 287 1
0 L 8 346 1
0 L 8 461 1
0 D 727 287 1
0 D 727 346 1
0 D 727 461 1
4 L 4 1300 1
4 L 4 508 1
4 D 838 1300 1
4 D 838 508 1
4 L 4 992 1
4 D 115 992 1
16 L 0 750 1
16 L 0 362 1
17 L 0 590 1
17 L 0 419 1
17 L 0 789 1
16 D 121 750 1
16 D 121 362 1
17 D 121 590 1
17 D 121 419 1
17 D 121 789 1
4 L 7 1969 1
4 L 7 926 1
4 L 7 629 1
4 D 213 1969 1
4 D 213 926 1
4 D 213 629 1
4 L 4 1596 1
4 L 4 11 1
4 L 4 162 1
4 L 4 996 1
4 D 411 1596 1
4 D 411 11 1
4 D 411 162 1
4 D 411 996 1
4 L 4 1527 1
4 L 4 631 1
4 L 4 834 1
4 D 680 1527 1
4 D 680 631 1
4 D 680 834 1
18 L 0 1529 1
18 L 0 479 1
18 L 0 931 1
18 L 0 837 1
18 D 861 1529 1
18 D 861 479 1
18 D 861 931 1
18 D 861 837 1
3 L 11 1938 1
3 D 217 1938 1
4 L 7 832 1
4 L 7 1159 1
4 L 7 1999 1
3 L 7 946 1
3 L 7 147 1
0 L 7 790 1
0 L 7 64 1
4 D 401 832 1
4 D 401 1159 1
4 D 401 1999 1
3 D 401 946 1
3 D 401 147 1
0 D 401 790 1
0 D 401 64 1
1 L 8 1436 1
1 L 8 743 1
1 D 465 1436 1
1 D 465 743 1
6 L 14 92 1
6 L 14 1950 1
6 L 14 911 1
1 L 14 1220 1
6 D 487 92 1
6 D 487 1950 1
6 D 487 911 1
1 D 487 1220 1
19 L 0 1598 1
19 L 0 1643 1
19 L 0 1738 1
20 L 0 1106 1
19 D 507 1598 1
19 D 507 1643 1
19 D 507 1738 1
20 D 507 1106 1
5 L 11 159 1
5 L 11 1554 1
5 D 846 159 1
5 D 846 1554 1
0 L 7 1106 1
0 L 7 1972 1
0 D 887 1106 1
0 D 887 1972 1
5 L 4 413 1
5 L 4 1547 1
5 L 4 1764 1
5 D 786 413 1
5 D 786 1547 1
5 D 786 1764 1
1 L 14 937 1
1 L 14 907 1
1 L 14 690 1
1 L 14 491 1
6 L 14 26 1
6 L 14 1173 1
6 L 14 1070 1
14 L 14 916 1
6 L 14 334 1
14 L 14 1593 1
14 L 14 375 1
1 D 877 937 1
1 D 877 907 1
1 D 877 690 1
1 D 877 491 1
6 D 877 26 1
6 D 877 1173 1
6 D 877 1070 1
6 D 877 334 1
14 D 877 916 1
14 D 877 1593 1
14 D 877 375 1
5 L 4 1359 1
5 L 4 1864 1
5 D 921 1359 1
5 D 921 1864 1
5 L 4 412 1
5 L 4 1888 1
5 L 4 1638 1
5 D 984 412 1
5 D 984 1888 1
5 D 984 1638 1
1 L 14 790 1
1 L 14 1886 1
1 L 14 290 1
6 L 14 1988 1
1 D 105 790 1
1 D 105 1886 1
1 D 105 290 1
6 D 105 1988 1
10 L 1 643 1
10 L 1 1309 1
10 L 1 822 1
14 L 1 104 1
14 L 1 1538 1
10 D 502 643 1
10 D 502 1309 1
10 D 502 822 1
14 D 502 104 1
14 D 502 1538 1
5 L 4 264 1
5 L 4 142 1
5 L 4 808 1
5 D 7 264 1
5 D 7 142 1
5 D 7 808 1
5 L 4 1606 1
5 L 4 852 1
5 D 216 1606 1
5 D 216 852 1
5 L 4 852 1
5 L 4 1173 1
5 D 745 852 1
5 D 745 1173 1
5 L 11 465 1
5 D 863 465 1
2 L 8 929 1
2 L 8 1011 1
1 L 8 1456 1
2 D 201 929 1
2 D 201 1011 1
1 D 201 1456 1
21 L 0 1667 1
21 L 0 1023 1
21 L 0 1714 1
21 L 0 129 1
21 D 373 1667 1
21 D 373 1023 1
21 D 373 1714 1
21 D 373 129 1
1 L 8 1756 1
1 L 8 1527 1
1 L 8 1441 1
1 L 8 841 1
1 D 472 1756 1
1 D 472 1527 1
1 D 472 1441 1
1 D 472 841 1
2 L 8 1706 1
2 L 8 529 1
1 L 8 1419 1
1 L 8 1527 1
1 L 8 1234 1
2 L 8 1816 1
6 L 8 907 1
6 L 8 823 1
6 L 8 1668 1
6 L 8 1653 1
21 L 8 512 1
2 D 473 1706 1
2 D 473 529 1
2 D 473 1816 1
1 D 473 1419 1
1 D 473 1527 1
1 D 473 1234 1
6 D 473 907 1
6 D 473 823 1
6 D 473 1668 1
6 D 473 1653 1
21 D 473 512 1
10 L 1 1957 1
10 L 1 1860 1
10 L 1 1611 1
14 L 1 755 1
14 L 1 1411 1
10 D 613 1957 1
10 D 613 1860 1
10 D 613 1611 1
14 D 613 755 1
14 D 613 1411 1
5 L 11 43 1
3 L 11 1652 1
4 L 11 320 1
5 D 714 43 1
3 D 714 1652 1
4 D 714 320 1
0 L 4 552 1
0 L 4 477 1
0 L 4 1230 1
3 L 4 713 1
0 D 62 552 1
0 D 62 477 1
0 D 62 1230 1
3 D 62 713 1
22 L 0 437 1
22 L 0 479 1
23 L 0 787 1
23 L 0 996 1
23 L 0 1645 1
22 L 0 1395 1
24 L 0 1803 1
25 L 0 690 1
22 D 344 437 1
22 D 344 479 1
22 D 344 1395 1
23 D 344 787 1
23 D 344 996 1
23 D 344 1645 1
24 D 344 1803 1
25 D 344 690 1
0 L 4 1490 1
0 L 4 481 1
0 L 4 1515 1
0 L 4 413 1
0 D 464 1490 1
0 D 464 481 1
0 D 464 1515 1
0 D 464 413 1
1 L 15 1061 1
1 L 15 989 1
1 D 495 1061 1
1 D 495 989 1
10 L 1 484 1
10 L 1 531 1
10 D 171 484 1
10 D 171 531 1
26 L 0 27 1
26 L 0 907 1
26 L 0 1034 1
26 L 0 235 1
26 D 791 27 1
26 D 791 907 1
26 D 791 1034 1
26 D 791 235 1
3 L 4 757 1
3 L 4 471 1
3 D 450 757 1
3 D 450 471 1
4 L 11 1101 1
4 L 11 841 1
4 L 11 97 1
4 L 11 1075 1
4 D 726 1101 1
4 D 726 841 1
4 D 726 97 1
4 D 726 1075 1
14 L 1 940 1
14 D 923 940 1
27 L 0 901 1
27 L 0 628 1
27 L 0 94 1
27 D 973 901 1
27 D 973 628 1
27 D 973 94 1
2 L 8 1817 1
2 L 8 1924 1
2 L 8 1214 1
6 L 8 601 1
6 L 8 261 1
6 L 8 102 1
21 L 8 634 1
21 L 8 28 1
21 L 8 1669 1
21 L 8 1526 1
2 D 60 1817 1
2 D 60 1924 1
2 D 60 1214 1
6 D 60 601 1
6 D 60 261 1
6 D 60 102 1
21 D 60 634 1
21 D 60 28 1
21 D 60 1669 1
21 D 60 1526 1
0 L 4 853 1
0 L 4 11 1
0 L 4 1023 1
3 L 4 314 1
3 L 4 856 1
0 D 99 853 1
0 D 99 11 1
0 D 99 1023 1
3 D 99 314 1
3 D 99 856 1
14 L 6 1584 1
14 L 6 231 1
2 L 6 904 1
14 L 6 372 1
2 L 6 926 1
14 D 187 1584 1
14 D 187 231 1
14 D 187 372 1
2 D 187 904 1
2 D 187 926 1
2 L 6 18 1
2 L 6 1002 1
2 D 198 18 1
2 D 198 1002 1
0 L 4 1923 1
0 D 312 1923 1
6 L 8 1016 1
6 L 8 1589 1
6 L 8 871 1
6 D 337 1016 1
6 D 337 1589 1
6 D 337 871 1
21 L 8 592 1
21 L 8 1947 1
21 L 8 58 1
21 L 8 1809 1
6 L 8 1964 1
6 L 8 421 1
2 L 8 1734 1
2 L 8 1149 1
2 L 8 540 1
14 L 8 650 1
14 L 9 1653 1
21 D 933 592 1
21 D 933 1947 1
21 D 933 58 1
21 D 933 1809 1
6 D 933 1964 1
6 D 933 421 1
2 D 933 1734 1
2 D 933 1149 1
2 D 933 540 1
14 D 933 650 1
14 D 933 1653 1
28 L 0 1370 1
28 L 0 1199 1
28 L 0 1140 1
29 L 0 849 1
29 L 0 1638 1
29 L 0 835 1
11 L 0 761 1
28 D 974 1370 1
28 D 974 1199 1
28 D 974 1140 1
29 D 974 849 1
29 D 974 1638 1
29 D 974 835 1
11 D 974 761 1
5 L 11 154 1
5 L 11 1189 1
5 D 10 154 1
5 D 10 1189 1
2 L 8 1106 1
2 L 8 1699 1
2 L 8 259 1
6 L 8 1762 1
2 L 8 371 1
6 L 8 563 1
14 L 8 38 1
14 L 8 1800 1
2 D 110 1106 1
2 D 110 1699 1
2 D 110 259 1
2 D 110 371 1
6 D 110 1762 1
6 D 110 563 1
14 D 110 38 1
14 D 110 1800 1
4 L 11 1059 1
4 L 11 626 1
4 L 11 1359 1
4 D 282 1059 1
4 D 282 626 1
4 D 282 1359 1
10 L 1 216 1
10 L 1 563 1
10 D 44 216 1
10 D 44 563 1
3 L 4 1839 1
3 L 4 1771 1
3 L 4 438 1
0 L 4 1106 1
0 L 4 199 1
3 D 137 1839 1
3 D 137 1771 1
3 D 137 438 1
0 D 137 1106 1
0 D 137 199 1
16 L 5 679 1
16 L 5 591 1
16 L 5 468 1
17 L 5 684 1
17 L 5 1137 1
22 L 5 1408 1
23 L 5 238 1
22 L 5 1741 1
23 L 5 157 1
22 L 5 283 1
16 L 5 1602 1
17 L 5 80 1
24 L 5 1334 1
24 L 5 475 1
23 L 5 227 1
16 D 348 679 1
16 D 348 591 1
16 D 348 468 1
16 D 348 1602 1
17 D 348 684 1
17 D 348 1137 1
17 D 348 80 1
22 D 348 1408 1
22 D 348 1741 1
22 D 348 283 1
23 D 348 238 1
23 D 348 157 1
23 D 348 227 1
24 D 348 1334 1
24 D 348 475 1
4 L 11 1441 1
4 L 11 1764 1
4 D 831 1441 1
4 D 831 1764 1
12 L 0 1719 1
12 L 0 1712 1
12 L 0 428 1
13 L 0 650 1
12 L 0 1714 1
13 L 0 1633 1
12 D 828 1719 1
12 D 828 1712 1
12 D 828 428 1
12 D 828 1714 1
13 D 828 650 1
13 D 828 1633 1
0 L 12 841 1
0 L 12 31 1
0 D 186 841 1
0 D 186 31 1
3 L 4 1993 1
3 L 4 1159 1
3 L 4 1305 1
3 D 625 1993 1
3 D 625 1159 1
3 D 625 1305 1
25 L 0 1451 1
25 L 0 54 1
25 L 0 794 1
8 L 0 453 1
25 D 77 1451 1
25 D 77 54 1
25 D 77 794 1
8 D 77 453 1
5 L 11 731 1
5 L 11 1854 1
4 L 11 270 1
4 L 11 31 1
5 D 172 731 1
5 D 172 1854 1
4 D 172 270 1
4 D 172 31 1
4 L 11 403 1
4 L 11 1508 1
4 D 823 403 1
4 D 823 1508 1
3 L 4 773 1
3 L 4 1464 1
3 D 999 773 1
3 D 999 1464 1
3 L 4 1438 1
3 L 4 68 1
3 L 4 713 1
5 L 4 872 1
5 L 4 284 1
3 D 189 1438 1
3 D 189 68 1
3 D 189 713 1
5 D 189 872 1
5 D 189 284 1
3 L 4 816 1
3 L 4 992 1
3 L 4 1881 1
3 L 4 162 1
3 D 209 816 1
3 D 209 992 1
3 D 209 1881 1
3 D 209 162 1
4 L 10 1638 1
4 L 10 1172 1
4 L 10 561 1
26 L 10 175 1
26 L 10 1420 1
4 D 372 1638 1
4 D 372 1172 1
4 D 372 561 1
26 D 372 175 1
26 D 372 1420 1
5 L 4 567 1
5 L 4 559 1
3 L 4 678 1
5 D 769 567 1
5 D 769 559 1
3 D 769 678 1
10 L 1 286 1
10 L 1 282 1
16 L 1 1486 1
16 L 1 1448 1
16 L 1 927 1
10 D 781 286 1
10 D 781 282 1
16 D 781 1486 1
16 D 781 1448 1
16 D 781 927 1
21 L 8 1029 1
21 L 8 1101 1
21 D 782 1029 1
21 D 782 1101 1
4 L 10 763 1
4 L 10 836 1
4 L 10 1505 1
4 D 949 763 1
4 D 949 836 1
4 D 949 1505 1
1 L 3 427 1
1 L 3 1903 1
2 L 3 528 1
2 L 3 1863 1
6 L 3 1792 1
1 D 387 427 1
1 D 387 1903 1
2 D 387 528 1
2 D 387 1863 1
6 D 387 1792 1
1 L 3 1093 1
1 L 3 1191 1
1 L 3 71 1
2 L 3 832 1
1 D 527 1093 1
1 D 527 1191 1
1 D 527 71 1
2 D 527 832 1
3 L 4 391 1
3 L 4 1304 1
5 L 4 913 1
3 D 106 391 1
3 D 106 1304 1
5 D 106 913 1
10 L 14 1163 1
10 L 14 1383 1
10 L 14 557 1
10 L 14 1392 1
16 L 14 825 1
16 L 14 50 1
16 L 14 157 1
10 D 130 1163 1
10 D 130 1383 1
10 D 130 557 1
10 D 130 1392 1
16 D 130 825 1
16 D 130 50 1
16 D 130 157 1
3 L 11 348 1
3 L 11 1444 1
3 D 205 348 1
3 D 205 1444 1
14 L 2 1057 1
14 D 315 1057 1
10 L 1 1094 1
10 L 1 1662 1
16 L 1 807 1
10 D 525 1094 1
10 D 525 1662 1
16 D 525 807 1
6 L 15 1078 1
6 L 15 1983 1
6 L 15 1714 1
6 L 15 962 1
6 L 15 720 1
6 D 585 1078 1
6 D 585 1983 1
6 D 585 1714 1
6 D 585 962 1
6 D 585 720 1
1 L 9 1891 1
1 L 9 1300 1
1 L 9 1633 1
1 L 9 1086 1
1 L 9 1490 1
2 L 9 1423 1
1 D 639 1891 1
1 D 639 1300 1
1 D 639 1633 1
1 D 639 1086 1
1 D 639 1490 1
2 D 639 1423 1
6 L 15 1197 1
6 L 15 420 1
6 D 873 1197 1
6 D 873 420 1
5 L 4 604 1
5 D 82 604 1
21 L 6 1888 1
21 L 6 590 1
21 D 776 1888 1
21 D 776 590 1
1 L 9 1626 1
1 L 9 1488 1
2 L 9 732 1
1 D 981 1626 1
1 D 981 1488 1
2 D 981 732 1
0 L 12 1490 1
0 L 12 68 1
0 L 12 1762 1
0 D 38 1490 1
0 D 38 68 1
0 D 38 1762 1
21 L 6 1584 1
21 L 6 1525 1
21 L 6 688 1
21 D 43 1584 1
21 D 43 1525 1
21 D 43 688 1
6 L 15 1779 1
6 L 15 172 1
6 L 15 159 1
6 D 139 1779 1
6 D 139 172 1
6 D 139 159 1
10 L 1 1435 1
10 L 1 1267 1
16 L 1 1816 1
16 L 1 1855 1
10 D 812 1435 1
10 D 812 1267 1
16 D 812 1816 1
16 D 812 1855 1
6 L 15 622 1
6 L 15 270 1
6 L 15 8 1
6 D 300 622 1
6 D 300 270 1
6 D 300 8 1
10 L 14 628 1
10 L 14 73 1
10 D 477 628 1
10 D 477 73 1
3 L 11 1608 1
3 L 11 278 1
3 L 11 216 1
3 L 11 512 1
3 D 512 1608 1
3 D 512 278 1
3 D 512 216 1
3 D 512 512 1
26 L 10 1617 1
26 L 10 970 1
26 L 10 1163 1
26 L 10 1765 1
26 D 660 1617 1
26 D 660 970 1
26 D 660 1163 1
26 D 660 1765 1
1 L 3 392 1
1 L 3 549 1
1 D 884 392 1
1 D 884 549 1
21 L 6 1607 1
21 L 6 1997 1
21 L 6 1527 1
21 L 6 1299 1
10 L 6 534 1
21 D 989 1607 1
21 D 989 1997 1
21 D 989 1527 1
21 D 989 1299 1
10 D 989 534 1
9 L 0 1476 1
9 L 0 1449 1
17 L 5 8 1
9 D 144 1476 1
9 D 144 1449 1
17 D 144 8 1
6 L 15 1860 1
6 L 15 189 1
6 D 532 1860 1
6 D 532 189 1
2 L 3 1693 1
2 L 15 591 1
2 L 15 86 1
6 L 15 1999 1
6 L 15 1464 1
1 L 15 1331 1
2 D 637 1693 1
2 D 637 591 1
2 D 637 86 1
6 D 637 1999 1
6 D 637 1464 1
1 D 637 1331 1
16 L 1 1057 1
16 L 1 696 1
16 L 1 1357 1
22 L 1 649 1
22 L 1 553 1
16 D 423 1057 1
16 D 423 696 1
16 D 423 1357 1
22 D 423 649 1
22 D 423 553 1
14 L 8 1478 1
14 L 8 680 1
14 L 8 1554 1
14 L 8 278 1
1 L 8 841 1
1 L 8 955 1
1 L 8 1022 1
2 L 8 1559 1
6 L 8 1382 1
14 L 8 1116 1
10 L 8 1536 1
6 L 8 852 1
14 D 640 1478 1
14 D 640 680 1
14 D 640 1554 1
14 D 640 278 1
14 D 640 1116 1
1 D 640 841 1
1 D 640 955 1
1 D 640 1022 1
2 D 640 1559 1
6 D 640 1382 1
6 D 640 852 1
10 D 640 1536 1
5 L 4 690 1
5 L 4 765 1
5 L 4 919 1
0 L 4 1691 1
0 L 4 505 1
5 D 676 690 1
5 D 676 765 1
5 D 676 919 1
0 D 676 1691 1
0 D 676 505 1
11 L 0 1653 1
11 L 0 1508 1
11 D 858 1653 1
11 D 858 1508 1
16 L 14 488 1
16 L 14 901 1
16 L 14 459 1
16 D 157 488 1
16 D 157 901 1
16 D 157 459 1
22 L 1 1582 1
22 L 1 1279 1
22 L 1 1196 1
22 L 1 1713 1
23 L 1 407 1
23 L 1 958 1
23 L 1 1822 1
16 L 14 583 1
22 D 309 1582 1
22 D 309 1279 1
22 D 309 1196 1
22 D 309 1713 1
23 D 309 407 1
23 D 309 958 1
23 D 309 1822 1
16 D 309 583 1
0 L 4 1590 1
0 L 4 1640 1
0 L 4 1765 1
0 D 332 1590 1
0 D 332 1640 1
0 D 332 1765 1
28 L 0 342 1
28 L 0 908 1
28 D 536 342 1
28 D 536 908 1
3 L 11 669 1
3 D 761 669 1
5 L 12 1176 1
5 L 12 836 1
5 L 12 1777 1
0 L 12 730 1
5 D 882 1176 1
5 D 882 836 1
5 D 882 1777 1
0 D 882 730 1
1 L 8 764 1
1 L 8 1974 1
2 L 8 590 1
1 L 8 1266 1
2 L 8 276 1
1 L 8 1956 1
2 L 9 259 1
1 D 956 764 1
1 D 956 1974 1
1 D 956 1266 1
1 D 956 1956 1
2 D 956 590 1
2 D 956 276 1
2 D 956 259 1
1 L 15 139 1
1 L 15 1234 1
1 L 15 1118 1
1 D 80 139 1
1 D 80 1234 1
1 D 80 1118 1
29 L 0 346 1
29 L 0 736 1
19 L 0 929 1
19 L 0 1484 1
20 L 0 238 1
29 D 276 346 1
29 D 276 736 1
19 D 276 929 1
19 D 276 1484 1
20 D 276 238 1
1 L 15 1993 1
1 L 15 1843 1
1 L 15 1545 1
1 D 609 1993 1
1 D 609 1843 1
1 D 609 1545 1
11 L 4 1024 1
11 L 4 1713 1
11 L 4 1499 1
11 D 744 1024 1
11 D 744 1713 1
11 D 744 1499 1
19 L 0 68 1
19 L 0 109 1
19 L 0 1580 1
19 L 0 490 1
20 L 0 780 1
20 L 0 1265 1
19 L 0 959 1
20 L 0 1048 1
29 L 0 601 1
29 L 0 151 1
20 L 0 477 1
19 D 915 68 1
19 D 915 109 1
19 D 915 1580 1
19 D 915 490 1
19 D 915 959 1
20 D 915 780 1
20 D 915 1265 1
20 D 915 1048 1
20 D 915 477 1
29 D 915 601 1
29 D 915 151 1
1 L 15 815 1
1 D 19 815 1
6 L 8 1276 1
6 L 8 435 1
6 D 827 1276 1
6 D 827 435 1
2 L 9 1091 1
2 L 9 26 1
2 L 9 1785 1
10 L 9 1830 1
2 D 888 1091 1
2 D 888 26 1
2 D 888 1785 1
10 D 888 1830 1
16 L 14 1958 1
16 L 14 1843 1
16 D 8 1958 1
16 D 8 1843 1
2 L 3 1231 1
14 L 8 639 1
2 D 963 1231 1
14 D 963 639 1
1 L 15 736 1
1 L 15 1025 1
1 L 15 1166 1
1 D 129 736 1
1 D 129 1025 1
1 D 129 1166 1
19 L 0 1649 1
19 L 0 1558 1
19 L 0 71 1
19 L 0 688 1
20 L 0 323 1
20 L 0 136 1
24 L 5 1766 1
19 D 739 1649 1
19 D 739 1558 1
19 D 739 71 1
19 D 739 688 1
20 D 739 323 1
20 D 739 136 1
24 D 739 1766 1
11 L 4 914 1
11 L 4 701 1
1 L 4 1197 1
1 L 4 582 1
3 L 4 1771 1
11 D 878 914 1
11 D 878 701 1
1 D 878 1197 1
1 D 878 582 1
3 D 878 1771 1
1 L 11 1929 1
1 L 11 1890 1
1 L 11 1495 1
1 D 141 1929 1
1 D 141 1890 1
1 D 141 1495 1
22 L 1 54 1
22 L 1 1443 1
23 L 1 1063 1
23 L 1 1246 1
29 L 1 205 1
23 L 1 920 1
29 L 1 935 1
22 D 145 54 1
22 D 145 1443 1
23 D 145 1063 1
23 D 145 1246 1
23 D 145 920 1
29 D 145 205 1
29 D 145 935 1
19 L 0 1328 1
19 L 0 1087 1
19 D 295 1328 1
19 D 295 1087 1
4 L 10 104 1
4 L 10 429 1
4 D 360 104 1
4 D 360 429 1
20 L 0 1329 1
20 L 0 486 1
20 D 572 1329 1
20 D 572 486 1
24 L 0 1962 1
24 D 675 1962 1
22 L 14 445 1
22 L 14 1597 1
22 L 14 979 1
22 D 24 445 1
22 D 24 1597 1
22 D 24 979 1
12 L 0 1355 1
12 L 0 1643 1
12 L 0 28 1
12 D 336 1355 1
12 D 336 1643 1
12 D 336 28 1
3 L 4 591 1
3 L 4 1836 1
3 D 367 591 1
3 D 367 1836 1
13 L 0 975 1
13 L 0 564 1
13 D 649 975 1
13 D 649 564 1
2 L 15 848 1
2 L 15 352 1
2 L 15 334 1
2 L 15 1037 1
2 D 962 848 1
2 D 962 352 1
2 D 962 334 1
2 D 962 1037 1
21 L 6 837 1
10 L 8 794 1
10 L 8 1033 1
10 L 8 1433 1
6 L 8 1637 1
21 D 275 837 1
10 D 275 794 1
10 D 275 1033 1
10 D 275 1433 1
6 D 275 1637 1
7 L 0 1762 1
7 D 681 1762 1
11 L 4 455 1
11 L 4 163 1
3 L 4 1733 1
11 L 4 1012 1
3 L 4 1420 1
11 D 936 455 1
11 D 936 163 1
11 D 936 1012 1
3 D 936 1733 1
3 D 936 1420 1
3 L 4 1617 1
3 L 4 1094 1
3 L 4 1356 1
3 D 595 1617 1
3 D 595 1094 1
3 D 595 1356 1
11 L 4 635 1
11 L 4 22 1
11 L 4 481 1
3 L 4 1846 1
3 L 4 1744 1
2 L 4 388 1
3 L 4 398 1
19 L 4 1580 1
11 L 4 1887 1
19 L 4 1416 1
11 D 632 635 1
11 D 632 22 1
11 D 632 481 1
11 D 632 1887 1
3 D 632 1846 1
3 D 632 1744 1
3 D 632 398 1
2 D 632 388 1
19 D 632 1580 1
19 D 632 1416 1
2 L 7 1481 1
3 L 7 1863 1
2 L 7 1084 1
2 L 7 1204 1
3 L 7 488 1
2 D 5 1481 1
2 D 5 1084 1
2 D 5 1204 1
3 D 5 1863 1
3 D 5 488 1
14 L 15 920 1
14 L 15 397 1
14 L 15 5 1
14 L 15 1124 1
14 D 206 920 1
14 D 206 397 1
14 D 206 5 1
14 D 206 1124 1
8 L 0 137 1
8 D 400 137 1
14 L 3 1909 1
14 L 3 431 1
14 L 3 1425 1
6 L 3 115 1
6 L 3 17 1
6 L 15 1311 1
14 D 535 1909 1
14 D 535 431 1
14 D 535 1425 1
6 D 535 115 1
6 D 535 17 1
6 D 535 1311 1
6 L 3 1567 1
6 L 3 1108 1
6 L 3 621 1
6 L 3 1983 1
14 L 3 832 1
14 L 3 895 1
6 L 3 597 1
14 L 9 128 1
14 L 9 820 1
6 D 570 1567 1
6 D 570 1108 1
6 D 570 621 1
6 D 570 1983 1
6 D 570 597 1
14 D 570 832 1
14 D 570 895 1
14 D 570 128 1
14 D 570 820 1
23 L 14 34 1
23 L 14 1821 1
23 L 14 749 1
29 L 14 770 1
29 L 14 1489 1
23 D 667 34 1
23 D 667 1821 1
23 D 667 749 1
29 D 667 770 1
29 D 667 1489 1
26 L 10 1355 1
26 D 934 1355 1
11 L 4 386 1
11 L 4 1908 1
11 L 4 1022 1
11 L 4 751 1
19 L 4 1234 1
11 D 965 386 1
11 D 965 1908 1
11 D 965 1022 1
11 D 965 751 1
19 D 965 1234 1
11 L 4 1715 1
11 L 4 191 1
11 L 4 1186 1
11 L 4 275 1
19 L 4 860 1
11 D 302 1715 1
11 D 302 191 1
11 D 302 1186 1
11 D 302 275 1
19 D 302 860 1
25 L 0 56 1
25 L 0 1203 1
25 D 429 56 1
25 D 429 1203 1
15 L 0 748 1
15 L 0 105 1
15 L 0 1737 1
15 D 435 748 1
15 D 435 105 1
15 D 435 1737 1
11 L 4 71 1
11 L 4 153 1
11 L 4 1884 1
19 L 4 1792 1
11 D 443 71 1
11 D 443 153 1
11 D 443 1884 1
19 D 443 1792 1
18 L 0 101 1
18 L 0 1617 1
18 D 520 101 1
18 D 520 1617 1
6 L 2 1491 1
6 L 2 375 1
6 D 654 1491 1
6 D 654 375 1
11 L 4 1334 1
11 L 4 429 1
11 L 4 1647 1
11 D 748 1334 1
11 D 748 429 1
11 D 748 1647 1
27 L 0 1127 1
27 L 0 1896 1
27 L 0 1541 1
27 D 993 1127 1
27 D 993 1896 1
27 D 993 1541 1
9 L 0 816 1
9 L 0 190 1
9 D 182 816 1
9 D 182 190 1
23 L 14 970 1
23 L 14 184 1
23 L 14 499 1
29 L 14 1908 1
29 L 14 610 1
23 D 229 970 1
23 D 229 184 1
23 D 229 499 1
29 D 229 1908 1
29 D 229 610 1
17 L 0 483 1
17 L 0 1843 1
17 L 0 158 1
17 L 0 1409 1
17 D 707 483 1
17 D 707 1843 1
17 D 707 158 1
17 D 707 1409 1
19 L 4 900 1
19 L 4 1677 1
19 D 768 900 1
19 D 768 1677 1
11 L 4 97 1
11 L 4 1955 1
11 L 4 954 1
25 L 4 445 1
11 D 436 97 1
11 D 436 1955 1
11 D 436 954 1
25 D 436 445 1
28 L 0 1327 1
28 L 0 1034 1
28 D 440 1327 1
28 D 440 1034 1
11 L 4 558 1
11 L 4 1791 1
11 D 530 558 1
11 D 530 1791 1
10 L 8 701 1
10 L 8 159 1
10 L 8 1338 1
10 L 8 792 1
21 L 8 1625 1
14 L 9 1770 1
10 D 614 701 1
10 D 614 159 1
10 D 614 1338 1
10 D 614 792 1
21 D 614 1625 1
14 D 614 1770 1
2 L 15 1782 1
2 L 15 1514 1
2 D 49 1782 1
2 D 49 1514 1
3 L 7 462 1
0 L 12 856 1
0 L 12 1948 1
5 L 12 1379 1
3 D 297 462 1
0 D 297 856 1
0 D 297 1948 1
5 D 297 1379 1
2 L 15 1434 1
2 L 15 352 1
2 L 15 104 1
2 D 557 1434 1
2 D 557 352 1
2 D 557 104 1
23 L 1 1335 1
23 D 980 1335 1
12 L 0 1606 1
12 L 0 649 1
12 L 0 257 1
20 L 0 1915 1
12 D 66 1606 1
12 D 66 649 1
12 D 66 257 1
20 D 66 1915 1
0 L 7 806 1
0 L 7 1912 1
0 L 7 218 1
3 L 7 1542 1
0 D 87 806 1
0 D 87 1912 1
0 D 87 218 1
3 D 87 1542 1
6 L 2 1010 1
6 L 2 100 1
6 D 957 1010 1
6 D 957 100 1
25 L 4 1785 1
25 L 4 1095 1
0 L 4 563 1
25 D 48 1785 1
25 D 48 1095 1
0 D 48 563 1
0 L 4 67 1
0 L 4 1366 1
0 L 4 1868 1
25 L 4 1163 1
25 L 4 1043 1
0 D 277 67 1
0 D 277 1366 1
0 D 277 1868 1
25 D 277 1163 1
25 D 277 1043 1
2 L 15 1520 1
2 L 15 1464 1
2 L 15 688 1
2 D 352 1520 1
2 D 352 1464 1
2 D 352 688 1
0 L 11 852 1
0 L 11 427 1
25 L 11 1481 1
0 D 505 852 1
0 D 505 427 1
25 D 505 1481 1
4 L 10 1304 1
4 L 10 448 1
4 D 58 1304 1
4 D 58 448 1
2 L 15 95 1
2 L 15 409 1
2 L 15 975 1
2 D 175 95 1
2 D 175 409 1
2 D 175 975 1
0 L 11 1154 1
0 L 11 1983 1
0 L 11 914 1
0 L 11 254 1
25 L 11 887 1
1 L 11 286 1
0 D 197 1154 1
0 D 197 1983 1
0 D 197 914 1
0 D 197 254 1
25 D 197 887 1
1 D 197 286 1
0 L 11 26 1
0 L 11 153 1
0 L 11 1508 1
0 D 323 26 1
0 D 323 153 1
0 D 323 1508 1
3 L 4 1277 1
3 L 4 1420 1
3 L 4 1285 1
3 D 425 1277 1
3 D 425 1420 1
3 D 425 1285 1
2 L 15 189 1
2 L 15 871 1
2 L 15 482 1
2 L 15 617 1
2 L 15 299 1
3 L 15 201 1
2 D 586 189 1
2 D 586 871 1
2 D 586 482 1
2 D 586 617 1
2 D 586 299 1
3 D 586 201 1
12 L 0 898 1
12 L 0 335 1
12 D 822 898 1
12 D 822 335 1
19 L 4 1328 1
19 L 4 688 1
19 L 4 380 1
11 L 4 1611 1
11 L 4 454 1
17 L 4 442 1
17 L 4 1427 1
17 L 4 985 1
11 L 4 1482 1
19 D 431 1328 1
19 D 431 688 1
19 D 431 380 1
11 D 431 1611 1
11 D 431 454 1
11 D 431 1482 1
17 D 431 442 1
17 D 431 1427 1
17 D 431 985 1
10 L 8 218 1
10 L 8 1525 1
10 L 8 1633 1
14 L 8 911 1
21 L 9 328 1
10 D 469 218 1
10 D 469 1525 1
10 D 469 1633 1
14 D 469 911 1
21 D 469 328 1
20 L 0 99 1
13 L 0 66 1
24 L 0 624 1
20 L 0 371 1
13 L 0 1289 1
13 L 0 1279 1
24 L 0 1854 1
24 L 0 1523 1
7 L 0 52 1
7 L 0 1881 1
7 L 0 1243 1
8 L 0 1159 1
20 D 542 99 1
20 D 542 371 1
13 D 542 66 1
13 D 542 1289 1
13 D 542 1279 1
24 D 542 624 1
24 D 542 1854 1
24 D 542 1523 1
7 D 542 52 1
7 D 542 1881 1
7 D 542 1243 1
8 D 542 1159 1
10 L 9 421 1
10 L 9 1433 1
14 L 9 242 1
10 L 9 1832 1
14 L 9 1177 1
10 D 716 421 1
10 D 716 1433 1
10 D 716 1832 1
14 D 716 242 1
14 D 716 1177 1
11 L 4 2 1
11 L 4 720 1
11 L 4 363 1
17 L 4 172 1
5 L 7 22 1
11 D 760 2 1
11 D 760 720 1
11 D 760 363 1
17 D 760 172 1
5 D 760 22 1
19 L 4 462 1
19 L 4 153 1
19 L 4 1918 1
5 L 4 1447 1
5 L 4 228 1
11 L 4 1473 1
19 L 4 1448 1
11 L 4 777 1
17 L 4 1199 1
5 L 4 1086 1
17 L 4 832 1
15 L 4 1510 1
19 D 806 462 1
19 D 806 153 1
19 D 806 1918 1
19 D 806 1448 1
5 D 806 1447 1
5 D 806 228 1
5 D 806 1086 1
11 D 806 1473 1
11 D 806 777 1
17 D 806 1199 1
17 D 806 832 1
15 D 806 1510 1
29 L 1 1097 1
29 L 1 338 1
29 L 1 512 1
7 L 1 1329 1
29 D 67 1097 1
29 D 67 338 1
29 D 67 512 1
7 D 67 1329 1
2 L 7 1923 1
2 L 7 1221 1
2 L 7 1030 1
3 L 7 421 1
2 D 322 1923 1
2 D 322 1221 1
2 D 322 1030 1
3 D 322 421 1
2 L 12 1871 1
2 L 12 1527 1
3 L 12 1199 1
3 L 12 1909 1
2 L 12 1526 1
5 L 12 110 1
2 D 463 1871 1
2 D 463 1527 1
2 D 463 1526 1
3 D 463 1199 1
3 D 463 1909 1
5 D 463 110 1
11 L 4 1265 1
11 L 4 1070 1
11 L 4 1601 1
15 L 4 1571 1
11 D 699 1265 1
11 D 699 1070 1
11 D 699 1601 1
15 D 699 1571 1
7 L 1 1277 1
7 L 1 541 1
7 L 1 1939 1
29 L 14 1439 1
7 D 167 1277 1
7 D 167 541 1
7 D 167 1939 1
29 D 167 1439 1
22 L 6 747 1
16 L 6 801 1
22 L 6 1681 1
22 D 326 747 1
22 D 326 1681 1
16 D 326 801 1
17 L 4 1883 1
17 L 4 1289 1
17 L 4 1285 1
19 L 4 921 1
19 L 4 1594 1
17 D 432 1883 1
17 D 432 1289 1
17 D 432 1285 1
19 D 432 921 1
19 D 432 1594 1
8 L 0 1936 1
8 L 0 185 1
8 L 0 1822 1
8 L 0 725 1
8 D 37 1936 1
8 D 37 185 1
8 D 37 1822 1
8 D 37 725 1
11 L 4 424 1
11 L 4 353 1
15 L 4 1641 1
15 L 4 970 1
11 L 4 276 1
15 L 4 1944 1
11 D 235 424 1
11 D 235 353 1
11 D 235 276 1
15 D 235 1641 1
15 D 235 970 1
15 D 235 1944 1
21 L 8 759 1
21 L 8 527 1
10 L 8 1535 1
10 L 8 1266 1
14 L 9 1757 1
21 D 484 759 1
21 D 484 527 1
10 D 484 1535 1
10 D 484 1266 1
14 D 484 1757 1
10 L 3 1587 1
14 L 8 278 1
14 L 8 609 1
14 L 8 741 1
14 L 8 130 1
10 D 666 1587 1
14 D 666 278 1
14 D 666 609 1
14 D 666 741 1
14 D 666 130 1
2 L 12 1447 1
2 L 12 1075 1
2 L 12 1769 1
3 L 12 144 1
2 D 907 1447 1
2 D 907 1075 1
2 D 907 1769 1
3 D 907 144 1
11 L 4 1250 1
11 L 4 1558 1
15 L 4 572 1
11 D 240 1250 1
11 D 240 1558 1
15 D 240 572 1
17 L 4 1580 1
17 L 4 421 1
19 L 4 1559 1
17 D 412 1580 1
17 D 412 421 1
19 D 412 1559 1
11 L 4 859 1
15 L 4 1794 1
15 L 4 1075 1
11 D 896 859 1
15 D 896 1794 1
15 D 896 1075 1
11 L 4 1329 1
11 L 4 1270 1
11 D 634 1329 1
11 D 634 1270 1
1 L 11 1406 1
1 L 11 35 1
1 D 862 1406 1
1 D 862 35 1
2 L 7 468 1
2 L 7 1500 1
3 L 7 1467 1
2 D 926 468 1
2 D 926 1500 1
3 D 926 1467 1
7 L 14 1786 1
7 L 14 1653 1
29 L 14 1313 1
29 L 14 1641 1
7 D 108 1786 1
7 D 108 1653 1
29 D 108 1313 1
29 D 108 1641 1
15 L 4 1214 1
15 L 4 674 1
17 L 4 829 1
25 L 11 277 1
15 D 269 1214 1
15 D 269 674 1
17 D 269 829 1
25 D 269 277 1
26 L 10 1147 1
26 L 10 1643 1
26 L 10 1464 1
26 D 303 1147 1
26 D 303 1643 1
26 D 303 1464 1
7 L 1 1164 1
7 L 1 713 1
13 L 5 984 1
13 L 5 1977 1
7 D 620 1164 1
7 D 620 713 1
13 D 620 984 1
13 D 620 1977 1
10 L 8 383 1
10 L 8 1567 1
10 L 8 717 1
10 L 8 1427 1
14 L 8 727 1
14 L 8 1567 1
10 D 950 383 1
10 D 950 1567 1
10 D 950 717 1
10 D 950 1427 1
14 D 950 727 1
14 D 950 1567 1
21 L 8 723 1
21 L 8 1001 1
21 L 8 96 1
10 L 8 673 1
10 L 8 533 1
21 D 93 723 1
21 D 93 1001 1
21 D 93 96 1
10 D 93 673 1
10 D 93 533 1
6 L 2 346 1
6 L 2 1894 1
6 D 328 346 1
6 D 328 1894 1
15 L 4 1028 1
15 L 4 800 1
15 L 4 631 1
15 D 335 1028 1
15 D 335 800 1
15 D 335 631 1
4 L 10 1969 1
4 L 10 1025 1
4 L 10 265 1
4 D 943 1969 1
4 D 943 1025 1
4 D 943 265 1
14 L 15 1549 1
2 L 15 48 1
14 D 402 1549 1
2 D 402 48 1
7 L 1 1542 1
13 L 1 1559 1
7 L 1 1229 1
13 L 1 645 1
29 L 1 865 1
29 L 1 626 1
13 L 1 757 1
20 L 1 1920 1
20 L 1 1331 1
20 L 1 300 1
20 L 1 1000 1
29 L 1 1631 1
24 L 1 751 1
24 L 5 399 1
7 D 460 1542 1
7 D 460 1229 1
13 D 460 1559 1
13 D 460 645 1
13 D 460 757 1
29 D 460 865 1
29 D 460 626 1
29 D 460 1631 1
20 D 460 1920 1
20 D 460 1331 1
20 D 460 300 1
20 D 460 1000 1
24 D 460 751 1
24 D 460 399 1
19 L 11 560 1
19 L 11 790 1
17 L 11 462 1
17 L 11 976 1
25 L 11 468 1
25 L 11 401 1
19 L 11 466 1
25 L 11 1172 1
0 L 11 1824 1
17 L 11 1087 1
0 L 11 1371 1
19 D 925 560 1
19 D 925 790 1
19 D 925 466 1
17 D 925 462 1
17 D 925 976 1
17 D 925 1087 1
25 D 925 468 1
25 D 925 401 1
25 D 925 1172 1
0 D 925 1824 1
0 D 925 1371 1
3 L 7 1912 1
3 L 7 983 1
2 L 7 1863 1
3 D 361 1912 1
3 D 361 983 1
2 D 361 1863 1
10 L 8 946 1
10 L 9 964 1
21 L 9 929 1
10 L 9 218 1
10 L 9 1649 1
21 L 9 218 1
10 D 492 946 1
10 D 492 964 1
10 D 492 218 1
10 D 492 1649 1
21 D 492 929 1
21 D 492 218 1
10 L 9 77 1
14 L 15 1871 1
14 L 15 1877 1
14 L 15 52 1
10 D 299 77 1
14 D 299 1871 1
14 D 299 1877 1
14 D 299 52 1
26 L 10 406 1
26 L 10 1260 1
26 L 10 422 1
4 L 10 1402 1
26 D 552 406 1
26 D 552 1260 1
26 D 552 422 1
4 D 552 1402 1
2 L 4 573 1
2 L 4 809 1
2 L 4 1267 1
3 L 4 727 1
3 L 4 890 1
0 L 4 29 1
5 L 7 481 1
2 D 780 573 1
2 D 780 809 1
2 D 780 1267 1
3 D 780 727 1
3 D 780 890 1
0 D 780 29 1
5 D 780 481 1
0 L 4 1853 1
0 L 4 1449 1
0 L 4 370 1
0 D 941 1853 1
0 D 941 1449 1
0 D 941 370 1
21 L 3 1400 1
21 L 9 1227 1
21 L 9 1541 1
10 L 9 309 1
10 L 9 1243 1
14 L 9 2 1
21 D 583 1400 1
21 D 583 1227 1
21 D 583 1541 1
10 D 583 309 1
10 D 583 1243 1
14 D 583 2 1
2 L 7 1015 1
2 L 7 484 1
2 L 7 780 1
3 L 12 599 1
3 L 12 1198 1
2 D 588 1015 1
2 D 588 484 1
2 D 588 780 1
3 D 588 599 1
3 D 588 1198 1
17 L 11 455 1
17 L 11 419 1
19 L 11 1545 1
17 D 604 455 1
17 D 604 419 1
19 D 604 1545 1
10 L 8 163 1
10 L 8 1290 1
10 L 8 1363 1
10 L 8 1843 1
14 L 8 805 1
21 L 9 571 1
10 D 135 163 1
10 D 135 1290 1
10 D 135 1363 1
10 D 135 1843 1
14 D 135 805 1
21 D 135 571 1
7 L 14 1541 1
7 L 14 1196 1
13 L 14 167 1
7 L 14 456 1
7 D 304 1541 1
7 D 304 1196 1
7 D 304 456 1
13 D 304 167 1
20 L 0 1433 1
20 L 0 534 1
20 L 0 184 1
20 L 0 1530 1
20 D 811 1433 1
20 D 811 534 1
20 D 811 184 1
20 D 811 1530 1
10 L 15 823 1
10 L 15 921 1
10 L 15 1946 1
11 L 15 173 1
10 L 15 1887 1
11 L 15 1688 1
14 L 15 810 1
10 L 15 680 1
14 L 15 1545 1
21 L 15 890 1
10 D 916 823 1
10 D 916 921 1
10 D 916 1946 1
10 D 916 1887 1
10 D 916 680 1
11 D 916 173 1
11 D 916 1688 1
14 D 916 810 1
14 D 916 1545 1
21 D 916 890 1
10 L 3 674 1
10 L 3 1558 1
11 L 15 732 1
11 L 15 477 1
11 L 15 783 1
11 L 15 901 1
11 L 15 283 1
14 L 15 463 1
14 L 15 935 1
10 D 390 674 1
10 D 390 1558 1
11 D 390 732 1
11 D 390 477 1
11 D 390 783 1
11 D 390 901 1
11 D 390 283 1
14 D 390 463 1
14 D 390 935 1
10 L 15 1204 1
10 L 15 680 1
10 L 15 637 1
10 L 15 1688 1
11 L 15 626 1
11 L 15 270 1
11 L 15 1587 1
10 L 15 251 1
10 D 342 1204 1
10 D 342 680 1
10 D 342 637 1
10 D 342 1688 1
10 D 342 251 1
11 D 342 626 1
11 D 342 270 1
11 D 342 1587 1
2 L 13 107 1
2 L 13 265 1
3 L 13 554 1
2 D 250 107 1
2 D 250 265 1
3 D 250 554 1
14 L 15 1149 1
14 L 15 460 1
14 L 15 1595 1
21 L 15 335 1
14 L 15 6 1
14 D 261 1149 1
14 D 261 460 1
14 D 261 1595 1
14 D 261 6 1
21 D 261 335 1
7 L 8 1300 1
7 L 8 1691 1
7 L 8 1888 1
7 L 8 1893 1
7 D 363 1300 1
7 D 363 1691 1
7 D 363 1888 1
7 D 363 1893 1
2 L 7 525 1
2 L 7 816 1
3 L 7 1415 1
3 L 7 1078 1
2 L 7 429 1
2 D 626 525 1
2 D 626 816 1
2 D 626 429 1
3 D 626 1415 1
3 D 626 1078 1
24 L 5 442 1
24 L 5 642 1
29 L 5 822 1
29 L 5 816 1
29 L 5 1977 1
27 L 5 242 1
29 L 5 1940 1
27 L 5 1028 1
27 L 5 1062 1
12 L 5 356 1
18 L 5 417 1
29 L 5 1086 1
27 L 5 517 1
24 D 672 442 1
24 D 672 642 1
29 D 672 822 1
29 D 672 816 1
29 D 672 1977 1
29 D 672 1940 1
29 D 672 1086 1
27 D 672 242 1
27 D 672 1028 1
27 D 672 1062 1
27 D 672 517 1
12 D 672 356 1
18 D 672 417 1
5 L 4 977 1
5 L 4 1289 1
2 L 4 164 1
5 D 897 977 1
5 D 897 1289 1
2 D 897 164 1
2 L 4 899 1
2 L 4 1476 1
2 L 4 1891 1
5 L 4 1651 1
5 L 4 656 1
3 L 4 1240 1
3 L 4 567 1
2 D 930 899 1
2 D 930 1476 1
2 D 930 1891 1
5 D 930 1651 1
5 D 930 656 1
3 D 930 1240 1
3 D 930 567 1
2 L 4 77 1
2 L 4 242 1
2 L 4 983 1
2 D 704 77 1
2 D 704 242 1
2 D 704 983 1
3 L 4 1798 1
3 L 4 950 1
3 L 4 1163 1
3 L 4 364 1
5 L 4 1969 1
5 L 4 1696 1
5 L 7 856 1
3 D 800 1798 1
3 D 800 950 1
3 D 800 1163 1
3 D 800 364 1
5 D 800 1969 1
5 D 800 1696 1
5 D 800 856 1
16 L 6 1342 1
16 L 6 312 1
16 L 6 400 1
16 L 6 233 1
22 L 6 1138 1
22 L 6 26 1
16 D 419 1342 1
16 D 419 312 1
16 D 419 400 1
16 D 419 233 1
22 D 419 1138 1
22 D 419 26 1
16 L 8 299 1
16 L 8 1357 1
16 L 8 979 1
22 L 8 1457 1
22 L 8 1534 1
13 L 8 914 1
13 L 8 1089 1
6 L 8 634 1
16 D 483 299 1
16 D 483 1357 1
16 D 483 979 1
22 D 483 1457 1
22 D 483 1534 1
13 D 483 914 1
13 D 483 1089 1
6 D 483 634 1
3 L 4 600 1
25 L 11 1824 1
25 L 11 525 1
17 L 11 335 1
17 L 11 501 1
3 D 183 600 1
25 D 183 1824 1
25 D 183 525 1
17 D 183 335 1
17 D 183 501 1
3 L 11 460 1
3 L 11 130 1
17 L 11 1599 1
17 L 11 854 1
17 L 11 80 1
3 D 203 460 1
3 D 203 130 1
17 D 203 1599 1
17 D 203 854 1
17 D 203 80 1
5 L 4 157 1
5 L 4 1817 1
5 L 4 343 1
19 L 4 308 1
19 L 4 528 1
5 D 272 157 1
5 D 272 1817 1
5 D 272 343 1
19 D 272 308 1
19 D 272 528 1
25 L 11 1704 1
3 L 11 1357 1
25 D 107 1704 1
3 D 107 1357 1
4 L 10 877 1
4 L 10 998 1
4 L 10 1185 1
4 L 10 1911 1
26 L 10 797 1
26 L 10 691 1
17 L 10 1831 1
17 L 10 154 1
4 D 905 877 1
4 D 905 998 1
4 D 905 1185 1
4 D 905 1911 1
26 D 905 797 1
26 D 905 691 1
17 D 905 1831 1
17 D 905 154 1
10 L 12 441 1
10 L 12 953 1
10 L 12 509 1
10 L 12 1230 1
10 L 12 904 1
10 D 246 441 1
10 D 246 953 1
10 D 246 509 1
10 D 246 1230 1
10 D 246 904 1
12 L 1 1436 1
18 L 1 750 1
12 L 1 870 1
12 L 1 77 1
18 L 1 1969 1
18 L 1 97 1
24 L 5 704 1
12 D 764 1436 1
12 D 764 870 1
12 D 764 77 1
18 D 764 750 1
18 D 764 1969 1
18 D 764 97 1
24 D 764 704 1
6 L 6 107 1
13 L 6 48 1
6 L 14 343 1
12 L 14 1771 1
6 D 991 107 1
6 D 991 343 1
13 D 991 48 1
12 D 991 1771 1
4 L 10 426 1
4 L 10 105 1
4 L 10 1411 1
4 L 10 1950 1
17 L 10 1739 1
17 L 10 590 1
4 D 478 426 1
4 D 478 105 1
4 D 478 1411 1
4 D 478 1950 1
17 D 478 1739 1
17 D 478 590 1
11 L 15 1896 1
11 L 15 1530 1
14 L 15 703 1
11 L 15 116 1
11 D 648 1896 1
11 D 648 1530 1
11 D 648 116 1
14 D 648 703 1
18 L 0 704 1
24 L 1 1222 1
24 L 1 483 1
24 L 1 1316 1
24 L 1 1078 1
27 L 1 73 1
27 L 1 415 1
29 L 5 1724 1
18 D 840 704 1
24 D 840 1222 1
24 D 840 483 1
24 D 840 1316 1
24 D 840 1078 1
27 D 840 73 1
27 D 840 415 1
29 D 840 1724 1
16 L 8 1290 1
16 L 8 441 1
16 L 8 488 1
16 L 8 1086 1
16 L 8 1702 1
22 L 8 1372 1
22 L 8 607 1
22 L 8 290 1
22 L 8 1475 1
16 D 29 1290 1
16 D 29 441 1
16 D 29 488 1
16 D 29 1086 1
16 D 29 1702 1
22 D 29 1372 1
22 D 29 607 1
22 D 29 290 1
22 D 29 1475 1
16 L 8 937 1
16 L 8 1278 1
16 L 8 1530 1
16 L 8 1373 1
22 L 8 833 1
16 L 8 1420 1
22 L 8 679 1
11 L 8 1135 1
11 L 9 51 1
11 L 9 655 1
16 D 455 937 1
16 D 455 1278 1
16 D 455 1530 1
16 D 455 1373 1
16 D 455 1420 1
22 D 455 833 1
22 D 455 679 1
11 D 455 1135 1
11 D 455 51 1
11 D 455 655 1
11 L 8 81 1
11 L 8 220 1
11 L 8 1817 1
16 L 8 321 1
16 L 8 163 1
22 L 8 811 1
14 L 8 782 1
11 L 8 920 1
14 L 9 1828 1
11 D 559 81 1
11 D 559 220 1
11 D 559 1817 1
11 D 559 920 1
16 D 559 321 1
16 D 559 163 1
22 D 559 811 1
14 D 559 782 1
14 D 559 1828 1
18 L 0 1870 1
18 L 0 764 1
18 L 0 1547 1
24 L 0 806 1
18 L 0 1638 1
18 D 92 1870 1
18 D 92 764 1
18 D 92 1547 1
18 D 92 1638 1
24 D 92 806 1
21 L 3 824 1
11 L 8 1874 1
11 L 8 751 1
11 L 8 1720 1
14 L 8 1142 1
21 D 493 824 1
11 D 493 1874 1
11 D 493 751 1
11 D 493 1720 1
14 D 493 1142 1
5 L 4 1125 1
3 L 11 1009 1
3 L 11 725 1
5 D 655 1125 1
3 D 655 1009 1
3 D 655 725 1
6 L 14 1886 1
6 L 14 505 1
6 L 14 789 1
12 L 14 1486 1
6 L 14 63 1
12 L 14 660 1
12 L 14 1741 1
13 L 14 1910 1
6 D 1 1886 1
6 D 1 505 1
6 D 1 789 1
6 D 1 63 1
12 D 1 1486 1
12 D 1 660 1
12 D 1 1741 1
13 D 1 1910 1
16 L 3 1112 1
22 L 8 492 1
22 L 8 1342 1
22 L 8 904 1
11 L 8 1701 1
16 D 567 1112 1
22 D 567 492 1
22 D 567 1342 1
22 D 567 904 1
11 D 567 1701 1
19 L 4 795 1
19 L 4 1358 1
19 L 4 874 1
3 L 4 958 1
3 L 7 412 1
19 D 967 795 1
19 D 967 1358 1
19 D 967 874 1
3 D 967 958 1
3 D 967 412 1
11 L 15 141 1
11 L 15 1120 1
16 L 15 1342 1
16 L 15 1049 1
16 L 15 827 1
11 D 169 141 1
11 D 169 1120 1
16 D 169 1342 1
16 D 169 1049 1
16 D 169 827 1
22 L 9 277 1
22 L 9 392 1
22 L 9 534 1
14 L 9 1764 1
14 L 9 922 1
14 L 9 841 1
21 L 9 1309 1
21 L 9 384 1
21 L 9 1292 1
11 L 9 1489 1
22 D 164 277 1
22 D 164 392 1
22 D 164 534 1
14 D 164 1764 1
14 D 164 922 1
14 D 164 841 1
21 D 164 1309 1
21 D 164 384 1
21 D 164 1292 1
11 D 164 1489 1
3 L 4 1952 1
3 L 4 1120 1
3 L 4 602 1
19 L 4 214 1
19 L 4 1690 1
5 L 4 1569 1
5 L 4 32 1
3 D 265 1952 1
3 D 265 1120 1
3 D 265 602 1
19 D 265 214 1
19 D 265 1690 1
5 D 265 1569 1
5 D 265 32 1
11 L 2 1798 1
11 L 2 1837 1
11 L 2 314 1
14 L 2 1938 1
11 D 851 1798 1
11 D 851 1837 1
11 D 851 314 1
14 D 851 1938 1
18 L 0 795 1
18 L 0 44 1
18 L 0 1631 1
24 L 0 68 1
24 L 0 614 1
18 D 325 795 1
18 D 325 44 1
18 D 325 1631 1
24 D 325 68 1
24 D 325 614 1
3 L 4 1447 1
3 L 4 1572 1
5 L 4 267 1
3 D 546 1447 1
3 D 546 1572 1
5 D 546 267 1
21 L 8 582 1
21 L 8 898 1
21 L 8 1908 1
22 L 8 547 1
22 L 8 121 1
22 L 9 734 1
21 D 668 582 1
21 D 668 898 1
21 D 668 1908 1
22 D 668 547 1
22 D 668 121 1
22 D 668 734 1
27 L 1 1502 1
27 L 1 1021 1
27 L 1 480 1
29 L 5 476 1
29 L 5 1037 1
27 D 783 1502 1
27 D 783 1021 1
27 D 783 480 1
29 D 783 476 1
29 D 783 1037 1
19 L 4 1383 1
19 L 4 775 1
19 L 4 726 1
19 L 4 1769 1
3 L 4 204 1
19 L 4 184 1
3 L 4 1554 1
5 L 4 1164 1
19 D 793 1383 1
19 D 793 775 1
19 D 793 726 1
19 D 793 1769 1
19 D 793 184 1
3 D 793 204 1
3 D 793 1554 1
5 D 793 1164 1
18 L 0 983 1
18 L 0 1854 1
24 L 0 1473 1
18 L 0 1691 1
24 L 0 1924 1
27 L 0 1745 1
18 D 485 983 1
18 D 485 1854 1
18 D 485 1691 1
24 D 485 1473 1
24 D 485 1924 1
27 D 485 1745 1
11 L 2 463 1
11 L 2 896 1
14 L 2 1045 1
11 L 2 790 1
11 D 555 463 1
11 D 555 896 1
11 D 555 790 1
14 D 555 1045 1
26 L 10 1849 1
26 L 10 688 1
26 L 10 90 1
26 L 10 483 1
4 L 10 1788 1
4 L 10 1024 1
26 D 834 1849 1
26 D 834 688 1
26 D 834 90 1
26 D 834 483 1
4 D 834 1788 1
4 D 834 1024 1
16 L 15 114 1
16 L 15 18 1
0 L 15 475 1
16 L 15 1977 1
16 L 15 1000 1
16 D 683 114 1
16 D 683 18 1
16 D 683 1977 1
16 D 683 1000 1
0 D 683 475 1
3 L 4 1936 1
3 L 4 281 1
3 L 4 89 1
3 L 4 112 1
5 L 4 1956 1
3 D 693 1936 1
3 D 693 281 1
3 D 693 89 1
3 D 693 112 1
5 D 693 1956 1
11 L 2 597 1
11 D 68 597 1
0 L 15 29 1
0 L 15 222 1
16 L 15 577 1
0 L 15 822 1
16 L 15 1012 1
0 D 524 29 1
0 D 524 222 1
0 D 524 822 1
16 D 524 577 1
16 D 524 1012 1
0 L 15 1736 1
0 L 15 1640 1
16 L 15 1604 1
0 L 15 489 1
21 L 15 859 1
16 L 15 28 1
0 D 94 1736 1
0 D 94 1640 1
0 D 94 489 1
16 D 94 1604 1
16 D 94 28 1
21 D 94 859 1
22 L 8 586 1
22 L 8 1706 1
0 L 15 640 1
22 D 274 586 1
22 D 274 1706 1
0 D 274 640 1
0 L 3 342 1
16 L 15 1607 1
16 L 15 628 1
16 L 15 280 1
21 L 15 1270 1
21 L 15 795 1
0 D 415 342 1
16 D 415 1607 1
16 D 415 628 1
16 D 415 280 1
21 D 415 1270 1
21 D 415 795 1
0 L 7 753 1
0 L 7 113 1
0 L 7 15 1
16 L 7 1522 1
16 L 7 220 1
0 D 908 753 1
0 D 908 113 1
0 D 908 15 1
16 D 908 1522 1
16 D 908 220 1
6 L 14 1537 1
6 L 14 885 1
6 L 14 308 1
6 L 14 989 1
12 L 14 1488 1
12 L 14 857 1
12 L 14 680 1
12 L 14 591 1
12 L 14 769 1
13 L 14 1820 1
13 L 14 1594 1
29 L 14 786 1
6 D 127 1537 1
6 D 127 885 1
6 D 127 308 1
6 D 127 989 1
12 D 127 1488 1
12 D 127 857 1
12 D 127 680 1
12 D 127 591 1
12 D 127 769 1
13 D 127 1820 1
13 D 127 1594 1
29 D 127 786 1
19 L 4 1666 1
0 L 7 1410 1
19 D 731 1666 1
0 D 731 1410 1
25 L 11 1732 1
25 L 11 488 1
0 L 11 1222 1
0 L 11 866 1
25 D 814 1732 1
25 D 814 488 1
0 D 814 1222 1
0 D 814 866 1
18 L 0 1262 1
18 L 0 1091 1
18 L 0 1631 1
24 L 0 1828 1
24 L 0 684 1
24 L 0 1435 1
27 L 0 862 1
18 L 0 216 1
9 L 0 1162 1
18 D 508 1262 1
18 D 508 1091 1
18 D 508 1631 1
18 D 508 216 1
24 D 508 1828 1
24 D 508 684 1
24 D 508 1435 1
27 D 508 862 1
9 D 508 1162 1
19 L 4 1988 1
19 L 4 1645 1
3 L 4 286 1
19 L 4 1097 1
3 L 4 153 1
3 L 4 104 1
5 L 4 1009 1
0 L 11 356 1
19 D 817 1988 1
19 D 817 1645 1
19 D 817 1097 1
3 D 817 286 1
3 D 817 153 1
3 D 817 104 1
5 D 817 1009 1
0 D 817 356 1
9 L 0 988 1
18 L 0 127 1
18 L 0 1602 1
18 L 0 1025 1
9 L 0 225 1
24 L 5 200 1
9 D 264 988 1
9 D 264 225 1
18 D 264 127 1
18 D 264 1602 1
18 D 264 1025 1
24 D 264 200 1
0 L 4 262 1
0 L 4 607 1
0 L 4 299 1
3 L 4 1614 1
3 L 4 1571 1
5 L 4 1828 1
0 D 290 262 1
0 D 290 607 1
0 D 290 299 1
3 D 290 1614 1
3 D 290 1571 1
5 D 290 1828 1
9 L 0 772 1
9 L 0 1677 1
18 L 0 1200 1
18 L 0 1287 1
9 D 775 772 1
9 D 775 1677 1
18 D 775 1200 1
18 D 775 1287 1
19 L 4 1858 1
19 L 4 1854 1
0 L 4 1392 1
19 L 4 1316 1
0 L 4 733 1
3 L 4 375 1
19 L 4 1462 1
3 L 4 1400 1
3 L 4 1689 1
3 L 4 1987 1
5 L 4 278 1
5 L 4 1276 1
5 L 4 1476 1
16 L 4 1151 1
16 L 4 1034 1
19 D 399 1858 1
19 D 399 1854 1
19 D 399 1316 1
19 D 399 1462 1
0 D 399 1392 1
0 D 399 733 1
3 D 399 375 1
3 D 399 1400 1
3 D 399 1689 1
3 D 399 1987 1
5 D 399 278 1
5 D 399 1276 1
5 D 399 1476 1
16 D 399 1151 1
16 D 399 1034 1
21 L 15 1989 1
21 L 15 1064 1
22 L 15 83 1
21 D 474 1989 1
21 D 474 1064 1
22 D 474 83 1
0 L 4 1964 1
3 L 4 1344 1
0 D 40 1964 1
3 D 40 1344 1
21 L 15 1214 1
21 L 15 724 1
21 L 15 1561 1
22 L 15 675 1
21 D 74 1214 1
21 D 74 724 1
21 D 74 1561 1
22 D 74 675 1
5 L 4 1002 1
5 L 4 1370 1
16 L 7 600 1
25 L 11 668 1
5 D 389 1002 1
5 D 389 1370 1
16 D 389 600 1
25 D 389 668 1
21 L 3 1383 1
21 L 8 883 1
21 L 8 948 1
14 L 8 1200 1
21 D 439 1383 1
21 D 439 883 1
21 D 439 948 1
14 D 439 1200 1
22 L 3 725 1
14 L 8 1220 1
22 L 9 1090 1
22 D 722 725 1
22 D 722 1090 1
14 D 722 1220 1
5 L 11 1088 1
5 L 11 1945 1
5 L 11 1056 1
16 L 11 668 1
16 L 11 1971 1
5 L 11 732 1
16 L 11 1835 1
5 D 952 1088 1
5 D 952 1945 1
5 D 952 1056 1
5 D 952 732 1
16 D 952 668 1
16 D 952 1971 1
16 D 952 1835 1
21 L 15 147 1
21 L 15 1368 1
21 L 15 1916 1
14 L 15 422 1
21 D 126 147 1
21 D 126 1368 1
21 D 126 1916 1
14 D 126 422 1
19 L 4 1157 1
19 L 4 1703 1
19 L 4 388 1
25 L 4 1415 1
19 D 324 1157 1
19 D 324 1703 1
19 D 324 388 1
25 D 324 1415 1
0 L 4 1510 1
0 L 7 272 1
14 L 7 1275 1
14 L 7 288 1
21 L 7 1833 1
0 D 538 1510 1
0 D 538 272 1
14 D 538 1275 1
14 D 538 288 1
21 D 538 1833 1
22 L 8 1034 1
22 L 8 614 1
22 L 8 64 1
7 L 8 375 1
7 L 8 1896 1
7 L 9 1397 1
22 D 717 1034 1
22 D 717 614 1
22 D 717 64 1
7 D 717 375 1
7 D 717 1896 1
7 D 717 1397 1
7 L 8 1356 1
7 L 8 1147 1
7 L 8 68 1
22 L 8 1639 1
22 L 8 43 1
2 L 8 988 1
2 L 8 1054 1
2 L 8 1548 1
7 D 124 1356 1
7 D 124 1147 1
7 D 124 68 1
22 D 124 1639 1
22 D 124 43 1
2 D 124 988 1
2 D 124 1054 1
2 D 124 1548 1
2 L 15 1270 1
2 L 15 1378 1
2 L 15 214 1
7 L 15 1181 1
7 L 15 41 1
7 L 15 192 1
2 D 113 1270 1
2 D 113 1378 1
2 D 113 214 1
7 D 113 1181 1
7 D 113 41 1
7 D 113 192 1
22 L 3 1530 1
22 L 3 724 1
22 L 15 112 1
22 L 15 1661 1
2 L 15 1781 1
2 L 15 416 1
7 L 15 416 1
7 L 15 107 1
2 L 15 1221 1
0 L 15 32 1
0 L 15 114 1
0 L 15 1908 1
0 L 15 1666 1
14 L 15 1326 1
14 L 15 650 1
22 D 616 1530 1
22 D 616 724 1
22 D 616 112 1
22 D 616 1661 1
2 D 616 1781 1
2 D 616 416 1
2 D 616 1221 1
7 D 616 416 1
7 D 616 107 1
0 D 616 32 1
0 D 616 114 1
0 D 616 1908 1
0 D 616 1666 1
14 D 616 1326 1
14 D 616 650 1
0 L 3 733 1
0 L 3 1903 1
2 L 3 841 1
2 L 3 272 1
2 L 3 1782 1
2 L 3 1084 1
7 L 3 1361 1
7 L 3 35 1
14 L 3 1938 1
7 L 3 1743 1
22 L 3 525 1
0 D 59 733 1
0 D 59 1903 1
2 D 59 841 1
2 D 59 272 1
2 D 59 1782 1
2 D 59 1084 1
7 D 59 1361 1
7 D 59 35 1
7 D 59 1743 1
14 D 59 1938 1
22 D 59 525 1
5 L 11 1875 1
5 L 11 1512 1
21 L 12 1282 1
5 D 215 1875 1
5 D 215 1512 1
21 D 215 1282 1
24 L 0 1606 1
3 L 4 916 1
3 L 4 1489 1
3 L 4 1195 1
19 L 4 905 1
19 L 4 1672 1
19 L 4 638 1
24 D 381 1606 1
3 D 381 916 1
3 D 381 1489 1
3 D 381 1195 1
19 D 381 905 1
19 D 381 1672 1
19 D 381 638 1
3 L 4 1371 1
3 L 4 196 1
3 L 4 1056 1
19 L 4 676 1
24 L 4 1986 1
24 L 4 1843 1
24 L 4 1457 1
5 L 11 1546 1
5 L 11 1952 1
3 D 749 1371 1
3 D 749 196 1
3 D 749 1056 1
19 D 749 676 1
24 D 749 1986 1
24 D 749 1843 1
24 D 749 1457 1
5 D 749 1546 1
5 D 749 1952 1
27 L 0 409 1
27 L 0 1717 1
9 L 0 1832 1
27 L 5 723 1
27 D 17 409 1
27 D 17 1717 1
27 D 17 723 1
9 D 17 1832 1
0 L 8 1875 1
0 L 8 344 1
2 L 8 48 1
2 L 8 1172 1
0 L 8 704 1
0 L 8 50 1
0 L 8 985 1
7 L 8 470 1
7 L 8 1347 1
7 L 8 787 1
0 D 57 1875 1
0 D 57 344 1
0 D 57 704 1
0 D 57 50 1
0 D 57 985 1
2 D 57 48 1
2 D 57 1172 1
7 D 57 470 1
7 D 57 1347 1
7 D 57 787 1
0 L 8 1595 1
0 L 8 553 1
0 L 8 1094 1
2 L 8 1875 1
0 D 308 1595 1
0 D 308 553 1
0 D 308 1094 1
2 D 308 1875 1
3 L 4 473 1
21 L 11 1407 1
21 L 11 23 1
3 D 687 473 1
21 D 687 1407 1
21 D 687 23 1
5 L 4 1914 1
5 L 4 1012 1
19 L 4 795 1
5 L 4 1843 1
5 L 4 531 1
19 L 4 1741 1
24 L 4 1622 1
24 L 4 1464 1
19 L 4 727 1
3 L 4 393 1
3 L 4 1868 1
21 L 4 1782 1
3 L 4 1489 1
16 L 11 1140 1
5 D 746 1914 1
5 D 746 1012 1
5 D 746 1843 1
5 D 746 531 1
19 D 746 795 1
19 D 746 1741 1
19 D 746 727 1
24 D 746 1622 1
24 D 746 1464 1
3 D 746 393 1
3 D 746 1868 1
3 D 746 1489 1
21 D 746 1782 1
16 D 746 1140 1
3 L 4 1274 1
3 L 4 480 1
5 L 11 542 1
3 D 759 1274 1
3 D 759 480 1
5 D 759 542 1
16 L 4 384 1
16 L 4 1536 1
19 L 4 90 1
16 L 4 863 1
16 D 802 384 1
16 D 802 1536 1
16 D 802 863 1
19 D 802 90 1
3 L 11 1903 1
3 L 11 509 1
3 L 11 1098 1
5 L 12 914 1
3 D 976 1903 1
3 D 976 509 1
3 D 976 1098 1
5 D 976 914 1
17 L 10 1556 1
17 L 10 512 1
4 L 10 643 1
17 D 249 1556 1
17 D 249 512 1
4 D 249 643 1
3 L 13 353 1
14 L 15 652 1
14 L 15 1886 1
14 L 15 1482 1
3 D 268 353 1
14 D 268 652 1
14 D 268 1886 1
14 D 268 1482 1
21 L 4 1259 1
5 L 11 1402 1
5 L 11 1317 1
24 L 11 1549 1
24 L 11 1482 1
24 L 11 1958 1
21 L 11 875 1
16 L 11 982 1
21 L 11 192 1
16 L 11 1088 1
19 L 11 334 1
5 L 11 1487 1
16 L 11 1280 1
21 D 338 1259 1
21 D 338 875 1
21 D 338 192 1
5 D 338 1402 1
5 D 338 1317 1
5 D 338 1487 1
24 D 338 1549 1
24 D 338 1482 1
24 D 338 1958 1
16 D 338 982 1
16 D 338 1088 1
16 D 338 1280 1
19 D 338 334 1
6 L 14 1588 1
12 L 14 195 1
6 L 14 1589 1
6 L 14 208 1
12 L 14 808 1
13 L 14 823 1
6 D 641 1588 1
6 D 641 1589 1
6 D 641 208 1
12 D 641 195 1
12 D 641 808 1
13 D 641 823 1
7 L 2 1962 1
7 L 2 806 1
11 L 2 1455 1
7 D 711 1962 1
7 D 711 806 1
11 D 711 1455 1
0 L 8 1901 1
0 L 8 917 1
2 L 8 1830 1
2 L 8 796 1
2 L 8 253 1
22 L 8 422 1
22 L 9 489 1
22 L 9 324 1
0 D 886 1901 1
0 D 886 917 1
2 D 886 1830 1
2 D 886 796 1
2 D 886 253 1
22 D 886 422 1
22 D 886 489 1
22 D 886 324 1
25 L 4 1145 1
25 L 4 794 1
5 L 4 1199 1
16 L 4 93 1
16 L 4 392 1
16 L 4 241 1
5 L 4 598 1
19 L 4 1547 1
19 L 4 498 1
21 L 4 1948 1
24 L 4 829 1
3 L 7 1255 1
25 D 872 1145 1
25 D 872 794 1
5 D 872 1199 1
5 D 872 598 1
16 D 872 93 1
16 D 872 392 1
16 D 872 241 1
19 D 872 1547 1
19 D 872 498 1
21 D 872 1948 1
24 D 872 829 1
3 D 872 1255 1
3 L 4 640 1
3 L 11 877 1
3 L 11 1092 1
3 L 11 122 1
3 D 50 640 1
3 D 50 877 1
3 D 50 1092 1
3 D 50 122 1
6 L 6 1075 1
29 L 14 1744 1
29 L 14 823 1
29 L 14 500 1
29 L 14 1047 1
12 L 14 1123 1
6 D 84 1075 1
29 D 84 1744 1
29 D 84 823 1
29 D 84 500 1
29 D 84 1047 1
12 D 84 1123 1
0 L 8 1985 1
0 L 8 1638 1
0 L 8 834 1
2 L 8 1544 1
0 L 8 896 1
2 L 8 1499 1
22 L 8 10 1
2 L 8 382 1
22 L 8 312 1
22 L 8 1311 1
2 L 8 1202 1
13 L 8 1807 1
13 L 8 931 1
6 L 8 711 1
13 L 9 944 1
0 D 158 1985 1
0 D 158 1638 1
0 D 158 834 1
0 D 158 896 1
2 D 158 1544 1
2 D 158 1499 1
2 D 158 382 1
2 D 158 1202 1
22 D 158 10 1
22 D 158 312 1
22 D 158 1311 1
13 D 158 1807 1
13 D 158 931 1
13 D 158 944 1
6 D 158 711 1
9 L 0 966 1
9 L 0 108 1
27 L 1 41 1
27 L 1 1453 1
9 D 195 966 1
9 D 195 108 1
27 D 195 41 1
27 D 195 1453 1
14 L 15 983 1
14 L 15 1455 1
14 L 15 115 1
14 L 15 726 1
0 L 15 1913 1
14 D 333 983 1
14 D 333 1455 1
14 D 333 115 1
14 D 333 726 1
0 D 333 1913 1
5 L 4 644 1
5 L 4 220 1
5 L 4 31 1
16 L 4 127 1
5 L 4 1883 1
16 L 4 1062 1
19 L 4 486 1
19 L 4 1793 1
5 D 618 644 1
5 D 618 220 1
5 D 618 31 1
5 D 618 1883 1
16 D 618 127 1
16 D 618 1062 1
19 D 618 486 1
19 D 618 1793 1
2 L 3 192 1
2 L 15 1101 1
2 L 15 295 1
0 L 15 468 1
0 L 15 1135 1
2 D 901 192 1
2 D 901 1101 1
2 D 901 295 1
0 D 901 468 1
0 D 901 1135 1
6 L 3 815 1
6 L 3 1640 1
6 L 15 625 1
6 L 15 1715 1
0 L 15 1857 1
0 L 15 730 1
0 L 15 1833 1
2 L 15 1496 1
2 L 15 1896 1
6 D 453 815 1
6 D 453 1640 1
6 D 453 625 1
6 D 453 1715 1
0 D 453 1857 1
0 D 453 730 1
0 D 453 1833 1
2 D 453 1496 1
2 D 453 1896 1
3 L 7 145 1
3 L 7 1054 1
3 L 7 1994 1
3 L 7 1867 1
3 L 7 1147 1
5 L 7 1173 1
5 L 7 404 1
5 L 7 733 1
16 L 7 51 1
16 L 7 1611 1
3 D 279 145 1
3 D 279 1054 1
3 D 279 1994 1
3 D 279 1867 1
3 D 279 1147 1
5 D 279 1173 1
5 D 279 404 1
5 D 279 733 1
16 D 279 51 1
16 D 279 1611 1
0 L 15 372 1
0 L 15 1462 1
0 L 15 1807 1
0 L 15 1625 1
2 L 15 840 1
0 D 283 372 1
0 D 283 1462 1
0 D 283 1807 1
0 D 283 1625 1
2 D 283 840 1
12 L 14 917 1
12 L 14 780 1
29 L 14 900 1
12 D 789 917 1
12 D 789 780 1
29 D 789 900 1
18 L 0 1387 1
9 L 1 573 1
9 L 1 1990 1
9 L 1 1462 1
18 D 21 1387 1
9 D 21 573 1
9 D 21 1990 1
9 D 21 1462 1
9 L 1 1424 1
18 L 14 782 1
18 L 14 420 1
12 L 14 388 1
12 L 14 710 1
9 L 14 1307 1
29 L 14 1547 1
29 L 14 1996 1
9 L 14 114 1
29 L 14 1595 1
29 L 14 1482 1
27 L 14 1183 1
9 D 199 1424 1
9 D 199 1307 1
9 D 199 114 1
18 D 199 782 1
18 D 199 420 1
12 D 199 388 1
12 D 199 710 1
29 D 199 1547 1
29 D 199 1996 1
29 D 199 1595 1
29 D 199 1482 1
27 D 199 1183 1
21 L 11 1173 1
21 L 11 338 1
21 L 11 501 1
21 L 11 659 1
24 L 11 267 1
24 L 11 1832 1
21 D 350 1173 1
21 D 350 338 1
21 D 350 501 1
21 D 350 659 1
24 D 350 267 1
24 D 350 1832 1
28 L 0 465 1
28 L 0 1363 1
8 L 0 1905 1
8 L 0 879 1
28 D 468 465 1
28 D 468 1363 1
8 D 468 1905 1
8 D 468 879 1
25 L 4 931 1
25 L 4 1628 1
25 L 4 1559 1
25 L 4 1425 1
25 L 4 1715 1
19 L 4 1987 1
19 L 4 1086 1
19 L 4 1207 1
19 L 4 942 1
3 L 7 1056 1
25 D 964 931 1
25 D 964 1628 1
25 D 964 1559 1
25 D 964 1425 1
25 D 964 1715 1
19 D 964 1987 1
19 D 964 1086 1
19 D 964 1207 1
19 D 964 942 1
3 D 964 1056 1
5 L 4 394 1
5 L 4 1287 1
16 L 4 1209 1
5 D 220 394 1
5 D 220 1287 1
16 D 220 1209 1
26 L 10 893 1
21 L 11 1049 1
21 L 11 1233 1
26 D 924 893 1
21 D 924 1049 1
21 D 924 1233 1
3 L 7 105 1
3 L 7 1488 1
3 L 7 1746 1
19 L 7 398 1
3 L 7 1021 1
19 L 7 967 1
19 L 7 1569 1
25 L 7 1683 1
19 L 7 5 1
3 D 977 105 1
3 D 977 1488 1
3 D 977 1746 1
3 D 977 1021 1
19 D 977 398 1
19 D 977 967 1
19 D 977 1569 1
19 D 977 5 1
25 D 977 1683 1
8 L 0 1451 1
8 L 0 1241 1
8 L 0 1113 1
28 L 0 139 1
28 L 0 1943 1
28 L 0 1142 1
8 D 109 1451 1
8 D 109 1241 1
8 D 109 1113 1
28 D 109 139 1
28 D 109 1943 1
28 D 109 1142 1
8 L 0 252 1
8 L 0 335 1
8 L 0 270 1
28 L 0 764 1
8 D 146 252 1
8 D 146 335 1
8 D 146 270 1
28 D 146 764 1
8 L 0 795 1
8 L 0 523 1
8 L 0 25 1
28 L 0 1260 1
8 D 395 795 1
8 D 395 523 1
8 D 395 25 1
28 D 395 1260 1
6 L 3 1688 1
6 L 15 119 1
6 L 15 1489 1
14 L 15 399 1
6 L 15 720 1
14 L 15 114 1
6 D 987 1688 1
6 D 987 119 1
6 D 987 1489 1
6 D 987 720 1
14 D 987 399 1
14 D 987 114 1
8 L 0 333 1
9 L 1 1550 1
9 L 1 446 1
9 L 1 1589 1
9 L 1 244 1
8 D 434 333 1
9 D 434 1550 1
9 D 434 446 1
9 D 434 1589 1
9 D 434 244 1
0 L 15 693 1
0 L 15 560 1
2 L 15 673 1
2 L 15 855 1
3 L 15 1641 1
0 D 593 693 1
0 D 593 560 1
2 D 593 673 1
2 D 593 855 1
3 D 593 1641 1
28 L 0 1579 1
28 L 0 1703 1
28 L 0 1062 1
28 L 0 1627 1
5 L 0 748 1
28 D 932 1579 1
28 D 932 1703 1
28 D 932 1062 1
28 D 932 1627 1
5 D 932 748 1
13 L 8 1640 1
13 L 8 638 1
13 L 8 1159 1
13 L 8 78 1
22 L 8 26 1
22 L 8 16 1
13 L 8 1290 1
22 L 9 1402 1
13 D 259 1640 1
13 D 259 638 1
13 D 259 1159 1
13 D 259 78 1
13 D 259 1290 1
22 D 259 26 1
22 D 259 16 1
22 D 259 1402 1
16 L 4 843 1
16 L 4 133 1
5 L 4 1680 1
5 L 4 1501 1
28 L 4 1802 1
28 L 4 1587 1
19 L 7 417 1
19 L 7 950 1
16 D 674 843 1
16 D 674 133 1
5 D 674 1680 1
5 D 674 1501 1
28 D 674 1802 1
28 D 674 1587 1
19 D 674 417 1
19 D 674 950 1
0 L 15 537 1
0 L 15 1527 1
0 L 15 905 1
0 L 15 1523 1
2 L 15 764 1
0 D 210 537 1
0 D 210 1527 1
0 D 210 905 1
0 D 210 1523 1
2 D 210 764 1
8 L 0 1662 1
8 L 0 324 1
8 L 0 1715 1
9 L 0 719 1
9 L 0 1312 1
8 D 227 1662 1
8 D 227 324 1
8 D 227 1715 1
9 D 227 719 1
9 D 227 1312 1
8 L 0 911 1
8 L 0 1533 1
9 L 0 1634 1
8 L 0 1196 1
8 L 0 299 1
9 L 0 1640 1
23 L 0 312 1
23 L 0 1045 1
20 L 0 1043 1
8 D 713 911 1
8 D 713 1533 1
8 D 713 1196 1
8 D 713 299 1
9 D 713 1634 1
9 D 713 1640 1
23 D 713 312 1
23 D 713 1045 1
20 D 713 1043 1
25 L 7 1266 1
25 L 7 717 1
3 L 7 624 1
25 L 7 1553 1
3 L 7 1659 1
5 L 7 1045 1
3 L 7 1757 1
5 L 7 1005 1
5 L 7 1345 1
25 D 842 1266 1
25 D 842 717 1
25 D 842 1553 1
3 D 842 624 1
3 D 842 1659 1
3 D 842 1757 1
5 D 842 1045 1
5 D 842 1005 1
5 D 842 1345 1
8 L 0 1131 1
8 L 0 713 1
9 L 0 161 1
9 L 0 1040 1
20 L 0 501 1
9 L 0 1490 1
8 L 0 297 1
20 L 0 1613 1
20 L 0 278 1
8 D 951 1131 1
8 D 951 713 1
8 D 951 297 1
9 D 951 161 1
9 D 951 1040 1
9 D 951 1490 1
20 D 951 501 1
20 D 951 1613 1
20 D 951 278 1
8 L 0 1803 1
8 L 0 1528 1
23 L 5 1201 1
8 D 91 1803 1
8 D 91 1528 1
23 D 91 1201 1
12 L 6 1 1
18 L 14 1186 1
18 L 14 1803 1
18 L 14 937 1
27 L 14 102 1
29 L 14 1027 1
29 L 14 183 1
27 L 14 1054 1
12 D 369 1 1
18 D 369 1186 1
18 D 369 1803 1
18 D 369 937 1
27 D 369 102 1
27 D 369 1054 1
29 D 369 1027 1
29 D 369 183 1
16 L 4 1411 1
16 L 4 328 1
16 L 4 54 1
16 L 4 1646 1
3 L 7 1979 1
16 D 615 1411 1
16 D 615 328 1
16 D 615 54 1
16 D 615 1646 1
3 D 615 1979 1
9 L 0 1911 1
9 L 0 82 1
20 L 0 1690 1
20 L 0 243 1
20 L 0 468 1
8 L 0 270 1
9 L 0 1355 1
8 L 0 871 1
9 D 792 1911 1
9 D 792 82 1
9 D 792 1355 1
20 D 792 1690 1
20 D 792 243 1
20 D 792 468 1
8 D 792 270 1
8 D 792 871 1
12 L 14 460 1
12 L 14 1830 1
18 L 14 221 1
18 L 14 392 1
18 L 14 670 1
12 D 314 460 1
12 D 314 1830 1
18 D 314 221 1
18 D 314 392 1
18 D 314 670 1
4 L 10 560 1
4 L 10 1285 1
17 L 10 862 1
17 L 10 1395 1
17 L 10 1087 1
24 L 10 296 1
4 D 778 560 1
4 D 778 1285 1
17 D 778 862 1
17 D 778 1395 1
17 D 778 1087 1
24 D 778 296 1
19 L 4 307 1
19 L 4 97 1
19 L 4 383 1
28 L 4 449 1
19 L 4 1080 1
28 L 4 1005 1
19 D 184 307 1
19 D 184 97 1
19 D 184 383 1
19 D 184 1080 1
28 D 184 449 1
28 D 184 1005 1
27 L 1 158 1
29 L 14 439 1
29 L 14 919 1
29 L 14 1020 1
29 L 14 1590 1
27 L 14 975 1
27 L 14 86 1
27 L 14 645 1
12 L 14 1527 1
12 L 14 594 1
18 L 14 891 1
27 D 241 158 1
27 D 241 975 1
27 D 241 86 1
27 D 241 645 1
29 D 241 439 1
29 D 241 919 1
29 D 241 1020 1
29 D 241 1590 1
12 D 241 1527 1
12 D 241 594 1
18 D 241 891 1
3 L 4 1822 1
3 L 4 789 1
3 L 4 405 1
16 L 4 1871 1
3 L 4 182 1
16 L 4 730 1
16 L 4 83 1
3 D 397 1822 1
3 D 397 789 1
3 D 397 405 1
3 D 397 182 1
16 D 397 1871 1
16 D 397 730 1
16 D 397 83 1
8 L 0 659 1
8 L 0 820 1
8 L 0 1052 1
9 L 0 1547 1
8 D 935 659 1
8 D 935 820 1
8 D 935 1052 1
9 D 935 1547 1
3 L 4 1402 1
3 L 4 742 1
3 L 4 719 1
3 L 4 63 1
16 L 4 508 1
3 D 663 1402 1
3 D 663 742 1
3 D 663 719 1
3 D 663 63 1
16 D 663 508 1
6 L 15 476 1
14 L 15 1108 1
14 L 15 974 1
14 L 15 587 1
6 D 70 476 1
14 D 70 1108 1
14 D 70 974 1
14 D 70 587 1
4 L 10 634 1
21 L 11 290 1
21 L 11 1863 1
4 D 112 634 1
21 D 112 290 1
21 D 112 1863 1
12 L 1 1464 1
12 L 1 1078 1
12 L 1 1342 1
18 L 1 232 1
18 L 1 1348 1
12 L 1 283 1
18 L 1 443 1
27 L 1 1468 1
27 L 1 1255 1
29 L 1 474 1
12 D 155 1464 1
12 D 155 1078 1
12 D 155 1342 1
12 D 155 283 1
18 D 155 232 1
18 D 155 1348 1
18 D 155 443 1
27 D 155 1468 1
27 D 155 1255 1
29 D 155 474 1
5 L 13 1103 1
0 L 15 644 1
0 L 15 798 1
5 D 510 1103 1
0 D 510 644 1
0 D 510 798 1
25 L 4 96 1
25 L 4 478 1
25 L 4 845 1
12 L 5 837 1
25 D 579 96 1
25 D 579 478 1
25 D 579 845 1
12 D 579 837 1
12 L 4 388 1
25 L 4 469 1
25 L 4 1104 1
25 L 4 1567 1
19 L 4 1453 1
12 L 4 1651 1
12 D 671 388 1
12 D 671 1651 1
25 D 671 469 1
25 D 671 1104 1
25 D 671 1567 1
19 D 671 1453 1
18 L 6 21 1
18 L 6 239 1
27 L 6 1305 1
18 D 117 21 1
18 D 117 239 1
27 D 117 1305 1
20 L 0 1818 1
20 L 0 1986 1
23 L 0 965 1
23 L 0 775 1
20 L 0 1835 1
29 L 0 1285 1
29 L 0 984 1
20 D 327 1818 1
20 D 327 1986 1
20 D 327 1835 1
23 D 327 965 1
23 D 327 775 1
29 D 327 1285 1
29 D 327 984 1
12 L 4 10 1
12 L 4 419 1
26 L 11 118 1
26 L 11 743 1
4 L 11 1560 1
12 D 698 10 1
12 D 698 419 1
26 D 698 118 1
26 D 698 743 1
4 D 698 1560 1
20 L 0 48 1
4 L 4 693 1
4 L 4 1144 1
4 L 4 1002 1
20 D 777 48 1
4 D 777 693 1
4 D 777 1144 1
4 D 777 1002 1
12 L 11 111 1
12 L 11 1224 1
12 L 11 1120 1
26 L 11 1414 1
26 L 11 119 1
12 D 912 111 1
12 D 912 1224 1
12 D 912 1120 1
26 D 912 1414 1
26 D 912 119 1
21 L 11 1660 1
21 L 11 1197 1
21 L 11 963 1
12 L 11 1973 1
12 L 11 1523 1
12 L 11 121 1
26 L 11 1416 1
26 L 11 1249 1
19 L 11 749 1
19 L 11 739 1
19 L 11 1359 1
21 D 917 1660 1
21 D 917 1197 1
21 D 917 963 1
12 D 917 1973 1
12 D 917 1523 1
12 D 917 121 1
26 D 917 1416 1
26 D 917 1249 1
19 D 917 749 1
19 D 917 739 1
19 D 917 1359 1
25 L 7 524 1
12 L 11 99 1
12 L 11 647 1
19 L 11 1062 1
19 L 11 929 1
19 L 11 762 1
25 D 260 524 1
12 D 260 99 1
12 D 260 647 1
19 D 260 1062 1
19 D 260 929 1
19 D 260 762 1
13 L 3 51 1
22 L 8 1475 1
22 L 8 71 1
6 L 8 1986 1
13 L 9 239 1
22 L 9 59 1
13 D 652 51 1
13 D 652 239 1
22 D 652 1475 1
22 D 652 71 1
22 D 652 59 1
6 D 652 1986 1
23 L 0 1243 1
23 L 0 1595 1
29 L 0 887 1
29 L 0 642 1
23 L 0 900 1
23 D 816 1243 1
23 D 816 1595 1
23 D 816 900 1
29 D 816 887 1
29 D 816 642 1
2 L 3 1857 1
2 L 3 1955 1
2 L 3 944 1
14 L 3 1988 1
14 L 3 967 1
14 L 3 1265 1
0 L 3 461 1
0 L 3 1329 1
14 L 3 1538 1
0 L 3 1327 1
2 L 3 1956 1
5 L 3 362 1
5 L 3 898 1
6 L 3 956 1
6 L 3 1506 1
6 L 15 572 1
2 D 865 1857 1
2 D 865 1955 1
2 D 865 944 1
2 D 865 1956 1
14 D 865 1988 1
14 D 865 967 1
14 D 865 1265 1
14 D 865 1538 1
0 D 865 461 1
0 D 865 1329 1
0 D 865 1327 1
5 D 865 362 1
5 D 865 898 1
6 D 865 956 1
6 D 865 1506 1
6 D 865 572 1
12 L 11 520 1
12 L 11 594 1
12 L 11 696 1
19 L 11 1042 1
12 D 913 520 1
12 D 913 594 1
12 D 913 696 1
19 D 913 1042 1
23 L 0 384 1
23 L 0 1977 1
23 L 0 1280 1
23 L 0 297 1
23 L 0 1090 1
23 L 5 1512 1
23 D 20 384 1
23 D 20 1977 1
23 D 20 1280 1
23 D 20 297 1
23 D 20 1090 1
23 D 20 1512 1
18 L 6 870 1
18 L 6 1250 1
18 L 6 1234 1
27 L 6 1802 1
27 L 6 214 1
18 D 795 870 1
18 D 795 1250 1
18 D 795 1234 1
27 D 795 1802 1
27 D 795 214 1
21 L 4 1863 1
21 L 4 360 1
26 L 4 110 1
21 L 4 659 1
26 L 7 754 1
21 D 516 1863 1
21 D 516 360 1
21 D 516 659 1
26 D 516 110 1
26 D 516 754 1
21 L 4 927 1
21 L 4 1885 1
21 L 4 1843 1
26 L 4 727 1
26 L 4 1484 1
26 L 4 1091 1
4 L 4 1608 1
25 L 11 1538 1
21 D 636 927 1
21 D 636 1885 1
21 D 636 1843 1
26 D 636 727 1
26 D 636 1484 1
26 D 636 1091 1
4 D 636 1608 1
25 D 636 1538 1
4 L 7 1988 1
4 L 7 563 1
21 L 7 560 1
21 L 7 1259 1
25 L 7 533 1
25 L 7 1173 1
4 D 541 1988 1
4 D 541 563 1
21 D 541 560 1
21 D 541 1259 1
25 D 541 533 1
25 D 541 1173 1
4 L 7 660 1
4 L 7 661 1
4 L 7 1097 1
4 L 7 591 1
21 L 7 859 1
21 L 12 1333 1
4 D 445 660 1
4 D 445 661 1
4 D 445 1097 1
4 D 445 591 1
21 D 445 859 1
21 D 445 1333 1
0 L 15 85 1
0 L 15 942 1
0 L 15 1853 1
2 L 15 1751 1
2 L 15 622 1
2 L 15 723 1
2 L 15 283 1
0 D 673 85 1
0 D 673 942 1
0 D 673 1853 1
2 D 673 1751 1
2 D 673 622 1
2 D 673 723 1
2 D 673 283 1
26 L 4 139 1
26 L 4 1444 1
26 L 4 216 1
20 L 4 1867 1
20 L 4 427 1
12 L 11 428 1
26 D 747 139 1
26 D 747 1444 1
26 D 747 216 1
20 D 747 1867 1
20 D 747 427 1
12 D 747 428 1
23 L 0 1053 1
23 L 0 720 1
23 L 0 1054 1
12 L 4 507 1
23 D 752 1053 1
23 D 752 720 1
23 D 752 1054 1
12 D 752 507 1
20 L 4 1471 1
19 L 11 1525 1
19 L 11 432 1
19 L 11 865 1
20 L 11 1313 1
26 L 11 107 1
20 D 773 1471 1
20 D 773 1313 1
19 D 773 1525 1
19 D 773 432 1
19 D 773 865 1
26 D 773 107 1
4 L 4 512 1
4 L 4 1002 1
4 L 4 549 1
4 L 4 920 1
4 L 4 1115 1
21 L 4 1327 1
21 L 4 890 1
4 L 4 252 1
21 L 4 1423 1
25 L 4 1347 1
25 L 4 284 1
25 L 4 235 1
0 L 7 1836 1
4 D 852 512 1
4 D 852 1002 1
4 D 852 549 1
4 D 852 920 1
4 D 852 1115 1
4 D 852 252 1
21 D 852 1327 1
21 D 852 890 1
21 D 852 1423 1
25 D 852 1347 1
25 D 852 284 1
25 D 852 235 1
0 D 852 1836 1
5 L 15 488 1
5 L 15 1997 1
5 L 15 1988 1
5 L 15 459 1
6 L 15 1052 1
6 L 15 174 1
5 D 796 488 1
5 D 796 1997 1
5 D 796 1988 1
5 D 796 459 1
6 D 796 1052 1
6 D 796 174 1
14 L 15 1097 1
14 L 15 755 1
2 L 15 1536 1
14 D 285 1097 1
14 D 285 755 1
2 D 285 1536 1
29 L 0 1880 1
0 L 4 890 1
0 L 4 1658 1
0 L 4 1617 1
29 D 750 1880 1
0 D 750 890 1
0 D 750 1658 1
0 D 750 1617 1
13 L 8 1615 1
13 L 8 1510 1
22 L 9 459 1
22 L 9 694 1
5 L 9 1243 1
6 L 9 1747 1
13 D 262 1615 1
13 D 262 1510 1
22 D 262 459 1
22 D 262 694 1
5 D 262 1243 1
6 D 262 1747 1
4 L 4 1448 1
4 L 4 1405 1
4 L 4 108 1
4 L 4 662 1
21 L 4 1441 1
21 L 4 787 1
4 D 347 1448 1
4 D 347 1405 1
4 D 347 108 1
4 D 347 662 1
21 D 347 1441 1
21 D 347 787 1
12 L 0 1601 1
25 L 4 1646 1
25 L 4 535 1
25 L 4 1825 1
0 L 4 830 1
29 L 4 1747 1
19 L 11 1680 1
12 D 767 1601 1
25 D 767 1646 1
25 D 767 535 1
25 D 767 1825 1
0 D 767 830 1
29 D 767 1747 1
19 D 767 1680 1
2 L 15 1358 1
2 L 15 1476 1
2 L 15 1251 1
14 L 15 1019 1
14 L 15 616 1
14 L 15 764 1
5 L 15 941 1
2 D 868 1358 1
2 D 868 1476 1
2 D 868 1251 1
14 D 868 1019 1
14 D 868 616 1
14 D 868 764 1
5 D 868 941 1
0 L 4 1455 1
0 L 4 1838 1
12 L 4 1790 1
12 L 4 671 1
2 L 13 1272 1
0 D 590 1455 1
0 D 590 1838 1
12 D 590 1790 1
12 D 590 671 1
2 D 590 1272 1
20 L 11 1451 1
20 L 11 1825 1
26 L 11 220 1
26 L 11 411 1
26 L 11 364 1
20 L 11 1601 1
26 L 11 278 1
1 L 11 548 1
1 L 11 411 1
20 D 628 1451 1
20 D 628 1825 1
20 D 628 1601 1
26 D 628 220 1
26 D 628 411 1
26 D 628 364 1
26 D 628 278 1
1 D 628 548 1
1 D 628 411 1
6 L 8 1902 1
6 L 8 1457 1
13 L 8 398 1
6 D 659 1902 1
6 D 659 1457 1
13 D 659 398 1
22 L 8 1154 1
22 L 8 684 1
22 L 8 727 1
6 L 8 906 1
6 L 8 1810 1
13 L 8 565 1
6 L 8 1031 1
13 L 8 1253 1
13 L 8 840 1
5 L 8 172 1
5 L 9 1511 1
22 D 703 1154 1
22 D 703 684 1
22 D 703 727 1
6 D 703 906 1
6 D 703 1810 1
6 D 703 1031 1
13 D 703 565 1
13 D 703 1253 1
13 D 703 840 1
5 D 703 172 1
5 D 703 1511 1
0 L 4 1833 1
0 L 4 1556 1
0 L 4 1607 1
2 L 4 1215 1
14 L 15 701 1
0 D 790 1833 1
0 D 790 1556 1
0 D 790 1607 1
2 D 790 1215 1
14 D 790 701 1
15 L 1 1342 1
15 L 1 1280 1
15 L 1 1191 1
28 L 1 370 1
15 L 1 1646 1
28 L 1 384 1
28 L 1 383 1
28 L 1 183 1
23 L 1 1988 1
23 L 1 1506 1
8 L 5 1450 1
15 D 46 1342 1
15 D 46 1280 1
15 D 46 1191 1
15 D 46 1646 1
28 D 46 370 1
28 D 46 384 1
28 D 46 383 1
28 D 46 183 1
23 D 46 1988 1
23 D 46 1506 1
8 D 46 1450 1
5 L 8 1823 1
6 L 8 12 1
13 L 9 1322 1
13 L 9 1621 1
13 L 9 68 1
13 L 9 954 1
13 L 9 1091 1
5 D 608 1823 1
6 D 608 12 1
13 D 608 1322 1
13 D 608 1621 1
13 D 608 68 1
13 D 608 954 1
13 D 608 1091 1
12 L 4 597 1
12 L 4 1310 1
1 L 4 444 1
1 L 4 136 1
12 L 4 694 1
1 L 4 783 1
20 L 4 1661 1
20 L 4 168 1
20 L 4 328 1
26 L 4 941 1
1 L 4 145 1
12 D 503 597 1
12 D 503 1310 1
12 D 503 694 1
1 D 503 444 1
1 D 503 136 1
1 D 503 783 1
1 D 503 145 1
20 D 503 1661 1
20 D 503 168 1
20 D 503 328 1
26 D 503 941 1
5 L 3 1375 1
5 L 15 433 1
5 L 15 475 1
5 D 770 1375 1
5 D 770 433 1
5 D 770 475 1
1 L 4 1141 1
1 L 4 26 1
1 L 4 153 1
12 L 4 1937 1
12 L 4 487 1
12 L 4 1023 1
20 L 4 756 1
1 D 785 1141 1
1 D 785 26 1
1 D 785 153 1
12 D 785 1937 1
12 D 785 487 1
12 D 785 1023 1
20 D 785 756 1
22 L 8 1111 1
6 L 9 49 1
6 L 9 1097 1
13 L 9 66 1
13 L 9 629 1
22 L 9 367 1
5 L 9 270 1
22 L 9 1991 1
13 L 9 1457 1
5 L 9 537 1
4 L 9 1783 1
22 D 170 1111 1
22 D 170 367 1
22 D 170 1991 1
6 D 170 49 1
6 D 170 1097 1
13 D 170 66 1
13 D 170 629 1
13 D 170 1457 1
5 D 170 270 1
5 D 170 537 1
4 D 170 1783 1
26 L 4 1135 1
26 L 4 1548 1
26 L 4 883 1
26 L 4 1535 1
19 L 4 802 1
1 L 7 365 1
26 D 691 1135 1
26 D 691 1548 1
26 D 691 883 1
26 D 691 1535 1
19 D 691 802 1
1 D 691 365 1
1 L 4 1300 1
1 L 4 875 1
1 L 4 172 1
19 L 4 646 1
1 L 4 621 1
26 L 4 1896 1
19 L 4 1267 1
26 L 4 1669 1
26 L 4 692 1
12 L 7 546 1
12 L 7 1529 1
1 D 805 1300 1
1 D 805 875 1
1 D 805 172 1
1 D 805 621 1
19 D 805 646 1
19 D 805 1267 1
26 D 805 1896 1
26 D 805 1669 1
26 D 805 692 1
12 D 805 546 1
12 D 805 1529 1
4 L 3 613 1
4 L 3 756 1
5 L 3 1631 1
6 L 15 1209 1
4 D 256 613 1
4 D 256 756 1
5 D 256 1631 1
6 D 256 1209 1
20 L 13 1804 1
20 L 13 727 1
1 L 13 788 1
1 L 13 643 1
12 L 13 1375 1
12 L 13 1807 1
20 D 766 1804 1
20 D 766 727 1
1 D 766 788 1
1 D 766 643 1
12 D 766 1375 1
12 D 766 1807 1
17 L 10 1014 1
24 L 11 1019 1
24 L 11 71 1
17 D 955 1014 1
24 D 955 1019 1
24 D 955 71 1
13 L 8 730 1
13 L 8 164 1
22 L 8 1013 1
13 L 8 491 1
4 L 15 1203 1
13 D 54 730 1
13 D 54 164 1
13 D 54 491 1
22 D 54 1013 1
4 D 54 1203 1
5 L 15 107 1
5 L 15 429 1
6 L 15 1599 1
1 L 15 1468 1
5 D 252 107 1
5 D 252 429 1
6 D 252 1599 1
1 D 252 1468 1
8 L 1 1173 1
8 L 1 691 1
8 L 1 1841 1
15 L 1 1897 1
8 D 447 1173 1
8 D 447 691 1
8 D 447 1841 1
15 D 447 1897 1
19 L 4 1154 1
19 L 4 1333 1
12 L 7 1489 1
12 L 7 1747 1
19 D 804 1154 1
19 D 804 1333 1
12 D 804 1489 1
12 D 804 1747 1
1 L 15 1974 1
1 L 15 1677 1
5 L 15 81 1
5 L 15 193 1
1 L 15 299 1
5 L 15 783 1
1 D 875 1974 1
1 D 875 1677 1
1 D 875 299 1
5 D 875 81 1
5 D 875 193 1
5 D 875 783 1
4 L 8 1158 1
4 L 8 1561 1
4 L 8 15 1
13 L 8 1874 1
13 L 8 1490 1
22 L 8 474 1
22 L 9 1261 1
4 D 611 1158 1
4 D 611 1561 1
4 D 611 15 1
13 D 611 1874 1
13 D 611 1490 1
22 D 611 474 1
22 D 611 1261 1
23 L 1 1184 1
23 L 1 1821 1
28 L 1 1145 1
23 L 1 551 1
28 L 1 869 1
28 L 14 1878 1
23 D 643 1184 1
23 D 643 1821 1
23 D 643 551 1
28 D 643 1145 1
28 D 643 869 1
28 D 643 1878 1
23 L 0 941 1
23 L 0 1002 1
23 L 0 1322 1
28 L 0 697 1
28 L 0 958 1
23 D 730 941 1
23 D 730 1002 1
23 D 730 1322 1
28 D 730 697 1
28 D 730 958 1
4 L 8 859 1
4 L 8 477 1
4 L 8 905 1
13 L 8 1453 1
13 L 8 1782 1
22 L 8 167 1
22 L 8 808 1
6 L 9 486 1
4 D 69 859 1
4 D 69 477 1
4 D 69 905 1
13 D 69 1453 1
13 D 69 1782 1
22 D 69 167 1
22 D 69 808 1
6 D 69 486 1
8 L 1 610 1
18 L 6 1424 1
18 L 14 1887 1
18 L 14 1433 1
8 L 14 1634 1
15 L 14 693 1
15 L 14 666 1
4 L 14 911 1
18 L 14 1204 1
8 D 543 610 1
8 D 543 1634 1
18 D 543 1424 1
18 D 543 1887 1
18 D 543 1433 1
18 D 543 1204 1
15 D 543 693 1
15 D 543 666 1
4 D 543 911 1
12 L 7 749 1
12 L 7 1034 1
12 L 7 1563 1
12 L 7 1480 1
19 L 7 113 1
19 L 7 1455 1
12 L 7 1550 1
20 L 7 1569 1
19 L 13 1319 1
19 L 13 1742 1
12 D 825 749 1
12 D 825 1034 1
12 D 825 1563 1
12 D 825 1480 1
12 D 825 1550 1
19 D 825 113 1
19 D 825 1455 1
19 D 825 1319 1
19 D 825 1742 1
20 D 825 1569 1
26 L 4 1987 1
26 L 4 1555 1
26 L 4 1184 1
25 L 4 54 1
25 L 4 759 1
25 L 4 1482 1
29 L 4 1411 1
25 L 4 384 1
29 L 4 1309 1
29 L 4 1488 1
29 L 4 1048 1
3 L 4 676 1
3 L 4 1535 1
26 D 946 1987 1
26 D 946 1555 1
26 D 946 1184 1
25 D 946 54 1
25 D 946 759 1
25 D 946 1482 1
25 D 946 384 1
29 D 946 1411 1
29 D 946 1309 1
29 D 946 1488 1
29 D 946 1048 1
3 D 946 676 1
3 D 946 1535 1
17 L 11 1027 1
24 L 11 1580 1
17 L 11 1395 1
24 L 11 1043 1
24 L 11 360 1
17 D 119 1027 1
17 D 119 1395 1
24 D 119 1580 1
24 D 119 1043 1
24 D 119 360 1
3 L 4 1455 1
3 L 4 1712 1
3 L 4 1916 1
17 L 11 1433 1
17 L 11 1529 1
3 D 794 1455 1
3 D 794 1712 1
3 D 794 1916 1
17 D 794 1433 1
17 D 794 1529 1
3 L 4 1825 1
3 L 4 142 1
24 L 11 1165 1
3 D 288 1825 1
3 D 288 142 1
24 D 288 1165 1
1 L 3 1597 1
1 L 3 1995 1
1 L 3 1918 1
5 L 3 1006 1
5 L 3 641 1
6 L 3 278 1
1 D 398 1597 1
1 D 398 1995 1
1 D 398 1918 1
5 D 398 1006 1
5 D 398 641 1
6 D 398 278 1
4 L 1 1801 1
8 L 14 1357 1
15 L 14 1694 1
8 L 14 335 1
15 L 14 1520 1
18 L 14 30 1
18 L 14 854 1
4 L 14 1369 1
4 L 14 237 1
15 L 14 1523 1
4 D 489 1801 1
4 D 489 1369 1
4 D 489 237 1
8 D 489 1357 1
8 D 489 335 1
15 D 489 1694 1
15 D 489 1520 1
15 D 489 1523 1
18 D 489 30 1
18 D 489 854 1
13 L 8 1540 1
13 L 8 1289 1
13 L 8 1881 1
22 L 8 1513 1
22 L 8 1041 1
13 D 898 1540 1
13 D 898 1289 1
13 D 898 1881 1
22 D 898 1513 1
22 D 898 1041 1
9 L 0 1482 1
9 L 0 49 1
16 L 0 1580 1
16 L 0 1265 1
23 L 5 1257 1
9 D 64 1482 1
9 D 64 49 1
16 D 64 1580 1
16 D 64 1265 1
23 D 64 1257 1
1 L 3 114 1
1 L 15 338 1
5 L 15 49 1
1 D 540 114 1
1 D 540 338 1
5 D 540 49 1
28 L 10 1818 1
25 L 11 266 1
28 D 560 1818 1
25 D 560 266 1
6 L 8 1 1
1 L 15 362 1
1 L 15 1713 1
6 D 658 1 1
1 D 658 362 1
1 D 658 1713 1
9 L 0 1696 1
17 L 4 1780 1
17 L 4 1526 1
17 L 4 163 1
26 L 4 1243 1
26 L 11 526 1
9 D 685 1696 1
17 D 685 1780 1
17 D 685 1526 1
17 D 685 163 1
26 D 685 1243 1
26 D 685 526 1
29 L 4 1158 1
29 L 4 367 1
29 L 4 885 1
9 L 4 242 1
29 L 4 1029 1
9 L 11 1615 1
29 D 45 1158 1
29 D 45 367 1
29 D 45 885 1
29 D 45 1029 1
9 D 45 242 1
9 D 45 1615 1
9 L 4 1830 1
9 L 4 401 1
17 L 4 1622 1
12 L 7 90 1
12 L 7 1759 1
12 L 7 1555 1
9 D 90 1830 1
9 D 90 401 1
17 D 90 1622 1
12 D 90 90 1
12 D 90 1759 1
12 D 90 1555 1
16 L 0 151 1
16 L 0 832 1
23 L 0 971 1
16 L 0 1459 1
23 L 0 1719 1
23 L 0 749 1
3 L 0 782 1
16 D 416 151 1
16 D 416 832 1
16 D 416 1459 1
23 D 416 971 1
23 D 416 1719 1
23 D 416 749 1
3 D 416 782 1
1 L 3 1408 1
13 L 8 1790 1
13 L 8 1482 1
22 L 8 1003 1
1 D 581 1408 1
13 D 581 1790 1
13 D 581 1482 1
22 D 581 1003 1
9 L 4 1027 1
29 L 11 361 1
29 L 11 605 1
26 L 11 1973 1
29 L 11 1505 1
24 L 11 1733 1
24 L 11 713 1
19 L 13 1274 1
9 D 596 1027 1
29 D 596 361 1
29 D 596 605 1
29 D 596 1505 1
26 D 596 1973 1
24 D 596 1733 1
24 D 596 713 1
19 D 596 1274 1
6 L 15 1118 1
6 L 15 1983 1
6 L 15 1324 1
6 L 15 1440 1
6 L 15 1018 1
5 L 15 1316 1
5 L 15 477 1
6 D 833 1118 1
6 D 833 1983 1
6 D 833 1324 1
6 D 833 1440 1
6 D 833 1018 1
5 D 833 1316 1
5 D 833 477 1
3 L 0 1005 1
3 L 0 488 1
3 L 5 588 1
3 D 221 1005 1
3 D 221 488 1
3 D 221 588 1
12 L 4 1871 1
12 L 4 1084 1
12 L 4 1457 1
17 L 4 1804 1
9 L 4 1447 1
12 L 4 1649 1
9 L 4 437 1
17 L 4 220 1
12 D 340 1871 1
12 D 340 1084 1
12 D 340 1457 1
12 D 340 1649 1
17 D 340 1804 1
17 D 340 220 1
9 D 340 1447 1
9 D 340 437 1
4 L 1 1197 1
4 L 1 1501 1
4 L 1 1349 1
8 L 1 786 1
8 L 1 1491 1
8 L 1 994 1
4 D 942 1197 1
4 D 942 1501 1
4 D 942 1349 1
8 D 942 786 1
8 D 942 1491 1
8 D 942 994 1
9 L 4 1078 1
9 L 4 741 1
9 L 4 688 1
9 L 4 1267 1
12 L 4 1073 1
20 L 7 1555 1
12 L 7 1632 1
9 D 257 1078 1
9 D 257 741 1
9 D 257 688 1
9 D 257 1267 1
12 D 257 1073 1
12 D 257 1632 1
20 D 257 1555 1
9 L 13 642 1
5 L 15 1883 1
5 L 15 1217 1
5 L 15 1919 1
6 L 15 481 1
6 L 15 1097 1
5 L 15 1759 1
9 L 15 1227 1
9 D 500 642 1
9 D 500 1227 1
5 D 500 1883 1
5 D 500 1217 1
5 D 500 1919 1
5 D 500 1759 1
6 D 500 481 1
6 D 500 1097 1
1 L 8 957 1
1 L 8 1393 1
13 L 8 1911 1
1 D 564 957 1
1 D 564 1393 1
13 D 564 1911 1
12 L 7 1973 1
12 L 7 1456 1
20 L 7 929 1
20 L 7 534 1
5 L 7 177 1
12 L 7 446 1
20 L 7 375 1
5 L 7 825 1
10 L 12 1210 1
6 L 13 507 1
12 D 836 1973 1
12 D 836 1456 1
12 D 836 446 1
20 D 836 929 1
20 D 836 534 1
20 D 836 375 1
5 D 836 177 1
5 D 836 825 1
10 D 836 1210 1
6 D 836 507 1
7 L 2 15 1
7 L 2 1291 1
11 L 2 76 1
11 L 2 1447 1
22 L 8 918 1
7 D 871 15 1
7 D 871 1291 1
11 D 871 76 1
11 D 871 1447 1
22 D 871 918 1
17 L 4 178 1
5 L 7 1092 1
5 L 7 252 1
5 L 7 1156 1
5 L 7 675 1
6 L 7 739 1
6 L 7 338 1
6 L 7 1842 1
10 L 7 374 1
10 L 7 1029 1
17 D 433 178 1
5 D 433 1092 1
5 D 433 252 1
5 D 433 1156 1
5 D 433 675 1
6 D 433 739 1
6 D 433 338 1
6 D 433 1842 1
10 D 433 374 1
10 D 433 1029 1
3 L 0 1211 1
3 L 0 221 1
16 L 0 1973 1
3 L 0 193 1
23 L 0 1436 1
16 L 0 1690 1
3 L 0 182 1
23 L 0 158 1
4 L 0 773 1
3 L 0 513 1
4 L 0 688 1
8 L 0 492 1
16 L 0 1002 1
8 L 1 1356 1
4 L 5 1194 1
3 D 864 1211 1
3 D 864 221 1
3 D 864 193 1
3 D 864 182 1
3 D 864 513 1
16 D 864 1973 1
16 D 864 1690 1
16 D 864 1002 1
23 D 864 1436 1
23 D 864 158 1
4 D 864 773 1
4 D 864 688 1
4 D 864 1194 1
8 D 864 492 1
8 D 864 1356 1
9 L 15 186 1
9 L 15 1341 1
9 L 15 808 1
1 L 15 438 1
9 L 15 532 1
1 L 15 985 1
1 L 15 1299 1
9 D 101 186 1
9 D 101 1341 1
9 D 101 808 1
9 D 101 532 1
1 D 101 438 1
1 D 101 985 1
1 D 101 1299 1
15 L 6 1722 1
15 L 6 1563 1
15 L 6 898 1
18 L 6 1770 1
18 L 6 1423 1
7 L 8 1918 1
15 D 219 1722 1
15 D 219 1563 1
15 D 219 898 1
18 D 219 1770 1
18 D 219 1423 1
7 D 219 1918 1
25 L 10 964 1
25 L 10 1238 1
25 L 10 1832 1
28 L 10 1240 1
25 L 10 145 1
28 L 10 1389 1
28 L 10 1283 1
28 L 10 786 1
25 D 223 964 1
25 D 223 1238 1
25 D 223 1832 1
25 D 223 145 1
28 D 223 1240 1
28 D 223 1389 1
28 D 223 1283 1
28 D 223 786 1
5 L 4 732 1
19 L 11 111 1
19 L 11 684 1
19 L 11 688 1
19 L 11 1448 1
24 L 11 1833 1
24 L 11 733 1
5 D 370 732 1
19 D 370 111 1
19 D 370 684 1
19 D 370 688 1
19 D 370 1448 1
24 D 370 1833 1
24 D 370 733 1
6 L 4 792 1
12 L 7 1589 1
12 L 7 314 1
12 L 7 89 1
12 L 7 515 1
20 L 7 1672 1
20 L 7 324 1
10 L 7 1932 1
17 L 7 656 1
17 L 7 501 1
10 L 7 1135 1
10 L 7 605 1
6 L 13 1926 1
6 D 417 792 1
6 D 417 1926 1
12 D 417 1589 1
12 D 417 314 1
12 D 417 89 1
12 D 417 515 1
20 D 417 1672 1
20 D 417 324 1
10 D 417 1932 1
10 D 417 1135 1
10 D 417 605 1
17 D 417 656 1
17 D 417 501 1
7 L 6 1018 1
11 L 8 726 1
11 L 8 1306 1
11 L 8 730 1
11 L 8 1042 1
22 L 9 1373 1
7 D 568 1018 1
11 D 568 726 1
11 D 568 1306 1
11 D 568 730 1
11 D 568 1042 1
22 D 568 1373 1
26 L 11 1093 1
26 L 11 1482 1
26 L 11 882 1
26 L 11 861 1
29 L 11 853 1
26 D 653 1093 1
26 D 653 1482 1
26 D 653 882 1
26 D 653 861 1
29 D 653 853 1
3 L 0 432 1
3 L 0 922 1
3 L 0 1023 1
4 L 0 471 1
4 L 0 1331 1
8 L 1 1470 1
3 D 454 432 1
3 D 454 922 1
3 D 454 1023 1
4 D 454 471 1
4 D 454 1331 1
8 D 454 1470 1
21 L 4 1684 1
21 L 11 348 1
21 L 11 145 1
21 L 11 1992 1
5 L 11 51 1
5 L 11 1285 1
19 L 11 1672 1
21 D 994 1684 1
21 D 994 348 1
21 D 994 145 1
21 D 994 1992 1
5 D 994 51 1
5 D 994 1285 1
19 D 994 1672 1
5 L 4 858 1
19 L 11 1951 1
19 L 11 1342 1
19 L 11 490 1
19 L 11 560 1
21 L 11 1526 1
21 L 11 1901 1
21 L 11 767 1
5 L 11 985 1
5 D 243 858 1
5 D 243 985 1
19 D 243 1951 1
19 D 243 1342 1
19 D 243 490 1
19 D 243 560 1
21 D 243 1526 1
21 D 243 1901 1
21 D 243 767 1
16 L 0 28 1
16 L 0 57 1
16 L 0 1607 1
23 L 0 360 1
23 L 0 1251 1
23 L 0 900 1
3 L 0 382 1
23 L 0 383 1
3 L 0 1062 1
16 D 449 28 1
16 D 449 57 1
16 D 449 1607 1
23 D 449 360 1
23 D 449 1251 1
23 D 449 900 1
23 D 449 383 1
3 D 449 382 1
3 D 449 1062 1
0 L 4 778 1
0 L 4 411 1
0 L 4 765 1
0 L 4 414 1
2 L 4 1361 1
2 L 4 1849 1
2 L 4 1833 1
0 D 706 778 1
0 D 706 411 1
0 D 706 765 1
0 D 706 414 1
2 D 706 1361 1
2 D 706 1849 1
2 D 706 1833 1
14 L 4 536 1
14 L 4 1719 1
14 L 4 1661 1
14 L 4 1715 1
3 L 4 820 1
3 L 4 15 1
3 L 4 1023 1
16 L 4 1788 1
16 L 4 1331 1
16 L 4 818 1
6 L 7 1987 1
6 L 7 795 1
14 D 4 536 1
14 D 4 1719 1
14 D 4 1661 1
14 D 4 1715 1
3 D 4 820 1
3 D 4 15 1
3 D 4 1023 1
16 D 4 1788 1
16 D 4 1331 1
16 D 4 818 1
6 D 4 1987 1
6 D 4 795 1
3 L 4 905 1
3 L 4 1482 1
3 L 4 1303 1
6 L 4 1264 1
3 D 718 905 1
3 D 718 1482 1
3 D 718 1303 1
6 D 718 1264 1
14 L 4 170 1
14 L 4 1086 1
14 L 4 232 1
14 L 4 967 1
16 L 4 1896 1
16 L 4 1713 1
16 L 4 1059 1
23 L 4 1664 1
23 L 4 1280 1
23 L 4 1131 1
5 L 11 1881 1
14 D 0 170 1
14 D 0 1086 1
14 D 0 232 1
14 D 0 967 1
16 D 0 1896 1
16 D 0 1713 1
16 D 0 1059 1
23 D 0 1664 1
23 D 0 1280 1
23 D 0 1131 1
5 D 0 1881 1
7 L 8 1832 1
7 L 8 130 1
11 L 8 1128 1
11 L 8 455 1
22 L 8 49 1
22 L 8 1935 1
11 L 8 871 1
15 L 8 1127 1
15 L 8 722 1
15 L 9 247 1
15 L 9 1601 1
7 D 339 1832 1
7 D 339 130 1
11 D 339 1128 1
11 D 339 455 1
11 D 339 871 1
22 D 339 49 1
22 D 339 1935 1
15 D 339 1127 1
15 D 339 722 1
15 D 339 247 1
15 D 339 1601 1
7 L 3 567 1
7 L 3 1915 1
1 L 15 1690 1
1 L 15 1540 1
7 L 15 696 1
9 L 15 1753 1
7 L 15 316 1
7 D 154 567 1
7 D 154 1915 1
7 D 154 696 1
7 D 154 316 1
1 D 154 1690 1
1 D 154 1540 1
9 D 154 1753 1
11 L 8 363 1
15 L 9 1155 1
15 L 9 1029 1
15 L 9 818 1
22 L 9 205 1
22 L 9 406 1
11 L 9 167 1
22 L 9 1383 1
22 L 9 1267 1
1 L 9 1654 1
1 L 9 964 1
1 L 9 1139 1
7 L 9 707 1
7 L 9 163 1
11 D 393 363 1
11 D 393 167 1
15 D 393 1155 1
15 D 393 1029 1
15 D 393 818 1
22 D 393 205 1
22 D 393 406 1
22 D 393 1383 1
22 D 393 1267 1
1 D 393 1654 1
1 D 393 964 1
1 D 393 1139 1
7 D 393 707 1
7 D 393 163 1
5 L 4 1549 1
9 L 15 1875 1
9 L 15 220 1
1 L 15 1590 1
9 L 15 936 1
5 D 642 1549 1
9 D 642 1875 1
9 D 642 220 1
9 D 642 936 1
1 D 642 1590 1
14 L 4 395 1
10 L 7 1708 1
10 L 7 115 1
10 L 7 1617 1
10 L 7 299 1
10 L 7 651 1
12 L 7 1766 1
12 L 7 1452 1
12 L 7 1740 1
17 L 7 1184 1
12 L 7 621 1
14 D 997 395 1
10 D 997 1708 1
10 D 997 115 1
10 D 997 1617 1
10 D 997 299 1
10 D 997 651 1
12 D 997 1766 1
12 D 997 1452 1
12 D 997 1740 1
12 D 997 621 1
17 D 997 1184 1
18 L 6 1643 1
7 L 8 435 1
7 L 8 1606 1
7 L 8 1482 1
7 L 8 438 1
11 L 8 1737 1
11 L 8 994 1
18 D 787 1643 1
7 D 787 435 1
7 D 787 1606 1
7 D 787 1482 1
7 D 787 438 1
11 D 787 1737 1
11 D 787 994 1
10 L 4 215 1
10 L 4 1259 1
19 L 11 637 1
19 L 11 1665 1
19 L 11 902 1
21 L 11 419 1
21 L 11 330 1
21 L 11 1790 1
16 L 11 580 1
19 L 11 1952 1
16 L 11 361 1
23 L 11 782 1
10 L 11 1514 1
10 D 65 215 1
10 D 65 1259 1
10 D 65 1514 1
19 D 65 637 1
19 D 65 1665 1
19 D 65 902 1
19 D 65 1952 1
21 D 65 419 1
21 D 65 330 1
21 D 65 1790 1
16 D 65 580 1
16 D 65 361 1
23 D 65 782 1
4 L 0 444 1
4 L 0 433 1
4 L 0 1922 1
4 L 0 789 1
8 L 0 10 1
4 L 0 992 1
8 L 0 526 1
3 L 0 257 1
3 L 0 1549 1
4 L 0 684 1
6 L 0 1799 1
8 L 0 1919 1
6 L 0 1776 1
0 L 0 1492 1
3 L 0 769 1
0 L 0 1317 1
0 L 5 1943 1
13 L 5 1777 1
4 D 701 444 1
4 D 701 433 1
4 D 701 1922 1
4 D 701 789 1
4 D 701 992 1
4 D 701 684 1
8 D 701 10 1
8 D 701 526 1
8 D 701 1919 1
3 D 701 257 1
3 D 701 1549 1
3 D 701 769 1
6 D 701 1799 1
6 D 701 1776 1
0 D 701 1492 1
0 D 701 1317 1
0 D 701 1943 1
13 D 701 1777 1
0 L 1 1278 1
0 L 1 1253 1
0 L 1 1819 1
0 L 1 1147 1
3 L 1 1632 1
3 L 14 616 1
0 D 319 1278 1
0 D 319 1253 1
0 D 319 1819 1
0 D 319 1147 1
3 D 319 1632 1
3 D 319 616 1
10 L 11 521 1
10 L 11 1913 1
16 L 11 1384 1
20 L 12 1672 1
10 D 551 521 1
10 D 551 1913 1
16 D 551 1384 1
20 D 551 1672 1
4 L 0 616 1
4 L 0 697 1
0 L 1 1902 1
3 L 1 1723 1
0 L 1 1901 1
4 D 78 616 1
4 D 78 697 1
0 D 78 1902 1
0 D 78 1901 1
3 D 78 1723 1
12 L 4 1484 1
12 L 4 1554 1
12 L 4 1309 1
12 L 4 1024 1
14 L 4 1898 1
14 L 4 1888 1
14 L 4 1441 1
14 L 4 1279 1
14 L 4 1488 1
17 L 4 876 1
17 L 4 446 1
17 L 4 534 1
17 L 7 439 1
12 D 280 1484 1
12 D 280 1554 1
12 D 280 1309 1
12 D 280 1024 1
14 D 280 1898 1
14 D 280 1888 1
14 D 280 1441 1
14 D 280 1279 1
14 D 280 1488 1
17 D 280 876 1
17 D 280 446 1
17 D 280 534 1
17 D 280 439 1
15 L 2 1103 1
15 L 2 849 1
22 L 2 1647 1
22 L 2 759 1
15 L 2 517 1
15 L 2 1063 1
7 L 2 1586 1
22 L 2 133 1
7 L 2 27 1
11 L 2 1104 1
11 L 2 975 1
15 D 635 1103 1
15 D 635 849 1
15 D 635 517 1
15 D 635 1063 1
22 D 635 1647 1
22 D 635 759 1
22 D 635 133 1
7 D 635 1586 1
7 D 635 27 1
11 D 635 1104 1
11 D 635 975 1
6 L 0 304 1
12 L 4 296 1
12 L 4 433 1
12 L 4 916 1
14 L 4 1137 1
14 L 4 379 1
17 L 4 1180 1
6 D 885 304 1
12 D 885 296 1
12 D 885 433 1
12 D 885 916 1
14 D 885 1137 1
14 D 885 379 1
17 D 885 1180 1
10 L 12 1779 1
10 L 12 896 1
16 L 12 1910 1
20 L 12 1474 1
20 L 12 1646 1
1 L 15 1732 1
10 D 114 1779 1
10 D 114 896 1
16 D 114 1910 1
20 D 114 1474 1
20 D 114 1646 1
1 D 114 1732 1
8 L 0 1324 1
8 L 5 1685 1
13 L 5 1434 1
13 L 5 779 1
0 L 5 1637 1
8 L 5 694 1
13 L 5 1737 1
3 L 5 656 1
4 L 5 1794 1
4 L 5 1958 1
3 L 5 211 1
0 L 5 238 1
0 L 5 1513 1
3 L 5 78 1
5 L 5 300 1
8 D 384 1324 1
8 D 384 1685 1
8 D 384 694 1
13 D 384 1434 1
13 D 384 779 1
13 D 384 1737 1
0 D 384 1637 1
0 D 384 238 1
0 D 384 1513 1
3 D 384 656 1
3 D 384 211 1
3 D 384 78 1
4 D 384 1794 1
4 D 384 1958 1
5 D 384 300 1
0 L 1 1470 1
3 L 5 733 1
4 L 5 195 1
4 L 5 1661 1
5 L 5 1989 1
3 L 5 1753 1
18 L 14 570 1
0 D 405 1470 1
3 D 405 733 1
3 D 405 1753 1
4 D 405 195 1
4 D 405 1661 1
5 D 405 1989 1
18 D 405 570 1
1 L 13 330 1
2 L 15 1148 1
2 L 15 1593 1
9 L 15 1436 1
9 L 15 834 1
2 L 15 1147 1
1 D 444 330 1
2 D 444 1148 1
2 D 444 1593 1
2 D 444 1147 1
9 D 444 1436 1
9 D 444 834 1
7 L 8 1516 1
0 L 14 597 1
0 L 14 1264 1
0 L 14 1593 1
0 L 14 1843 1
0 L 14 712 1
3 L 14 1502 1
3 L 14 1563 1
3 L 14 124 1
3 L 14 541 1
4 L 14 1337 1
4 L 14 248 1
4 L 14 251 1
7 D 499 1516 1
0 D 499 597 1
0 D 499 1264 1
0 D 499 1593 1
0 D 499 1843 1
0 D 499 712 1
3 D 499 1502 1
3 D 499 1563 1
3 D 499 124 1
3 D 499 541 1
4 D 499 1337 1
4 D 499 248 1
4 D 499 251 1
6 L 4 598 1
6 L 4 691 1
12 L 4 1079 1
12 L 4 220 1
6 L 4 1084 1
12 L 4 446 1
14 L 4 1728 1
14 L 4 614 1
14 L 4 42 1
6 L 4 1047 1
6 D 191 598 1
6 D 191 691 1
6 D 191 1084 1
6 D 191 1047 1
12 D 191 1079 1
12 D 191 220 1
12 D 191 446 1
14 D 191 1728 1
14 D 191 614 1
14 D 191 42 1
5 L 1 1138 1
11 L 8 953 1
11 L 8 1866 1
5 D 765 1138 1
11 D 765 953 1
11 D 765 1866 1
18 L 1 1855 1
18 L 1 508 1
18 L 1 1326 1
8 L 1 125 1
8 L 1 420 1
8 L 1 129 1
8 L 1 1307 1
13 L 1 1739 1
18 L 1 1978 1
13 L 1 1908 1
0 L 14 249 1
18 D 204 1855 1
18 D 204 508 1
18 D 204 1326 1
18 D 204 1978 1
8 D 204 125 1
8 D 204 420 1
8 D 204 129 1
8 D 204 1307 1
13 D 204 1739 1
13 D 204 1908 1
0 D 204 249 1
1 L 7 1595 1
1 L 7 474 1
2 L 7 435 1
2 L 7 95 1
9 L 7 1584 1
2 L 7 1727 1
10 L 7 1386 1
2 L 7 1383 1
1 D 853 1595 1
1 D 853 474 1
2 D 853 435 1
2 D 853 95 1
2 D 853 1727 1
2 D 853 1383 1
9 D 853 1584 1
10 D 853 1386 1
0 L 0 610 1
0 L 0 756 1
8 L 0 1559 1
0 L 0 919 1
13 L 0 1903 1
8 L 0 1220 1
13 L 0 857 1
0 L 5 490 1
0 D 161 610 1
0 D 161 756 1
0 D 161 919 1
0 D 161 490 1
8 D 161 1559 1
8 D 161 1220 1
13 D 161 1903 1
13 D 161 857 1
3 L 6 1679 1
5 L 8 1538 1
5 L 8 857 1
5 L 8 1050 1
3 D 529 1679 1
5 D 529 1538 1
5 D 529 857 1
5 D 529 1050 1
0 L 0 66 1
0 L 0 1178 1
8 L 0 850 1
8 L 0 1334 1
0 L 0 500 1
8 L 0 1075 1
13 L 0 1513 1
13 L 0 730 1
0 D 702 66 1
0 D 702 1178 1
0 D 702 500 1
8 D 702 850 1
8 D 702 1334 1
8 D 702 1075 1
13 D 702 1513 1
13 D 702 730 1
15 L 3 666 1
15 L 3 83 1
15 L 15 1101 1
15 L 15 907 1
1 L 15 861 1
1 L 15 899 1
1 L 15 1227 1
2 L 15 1322 1
2 L 15 58 1
2 L 15 337 1
1 L 15 1956 1
15 D 855 666 1
15 D 855 83 1
15 D 855 1101 1
15 D 855 907 1
1 D 855 861 1
1 D 855 899 1
1 D 855 1227 1
1 D 855 1956 1
2 D 855 1322 1
2 D 855 58 1
2 D 855 337 1
19 L 11 127 1
21 L 11 1816 1
19 L 11 1037 1
21 L 11 557 1
23 L 11 292 1
21 L 11 684 1
23 L 11 181 1
6 L 11 1860 1
6 L 11 996 1
6 L 11 1354 1
12 L 11 262 1
14 L 11 30 1
19 D 669 127 1
19 D 669 1037 1
21 D 669 1816 1
21 D 669 557 1
21 D 669 684 1
23 D 669 292 1
23 D 669 181 1
6 D 669 1860 1
6 D 669 996 1
6 D 669 1354 1
12 D 669 262 1
14 D 669 30 1
22 L 9 1192 1
1 L 15 1061 1
1 L 15 1455 1
1 L 15 1960 1
22 D 345 1192 1
1 D 345 1061 1
1 D 345 1455 1
1 D 345 1960 1
3 L 8 1198 1
3 L 8 1350 1
3 L 8 1651 1
3 L 8 749 1
5 L 8 41 1
4 L 14 1117 1
3 D 459 1198 1
3 D 459 1350 1
3 D 459 1651 1
3 D 459 749 1
5 D 459 41 1
4 D 459 1117 1
9 L 13 20 1
2 L 15 1829 1
2 L 15 967 1
2 L 15 559 1
9 D 736 20 1
2 D 736 1829 1
2 D 736 967 1
2 D 736 559 1
17 L 4 420 1
17 L 4 350 1
17 L 4 468 1
10 L 4 793 1
10 L 4 910 1
10 L 4 1221 1
2 L 4 327 1
10 L 4 789 1
17 D 376 420 1
17 D 376 350 1
17 D 376 468 1
10 D 376 793 1
10 D 376 910 1
10 D 376 1221 1
10 D 376 789 1
2 D 376 327 1
3 L 8 1628 1
3 L 8 456 1
3 L 8 1229 1
3 L 8 1084 1
4 L 8 1810 1
4 L 8 1550 1
4 L 8 1508 1
5 L 8 350 1
5 L 8 468 1
4 L 8 1589 1
1 L 8 1790 1
3 L 8 901 1
5 L 8 487 1
3 D 26 1628 1
3 D 26 456 1
3 D 26 1229 1
3 D 26 1084 1
3 D 26 901 1
4 D 26 1810 1
4 D 26 1550 1
4 D 26 1508 1
4 D 26 1589 1
5 D 26 350 1
5 D 26 468 1
5 D 26 487 1
1 D 26 1790 1
2 L 4 327 1
2 L 4 659 1
10 L 4 43 1
2 L 4 840 1
6 L 11 961 1
16 L 13 1696 1
2 D 178 327 1
2 D 178 659 1
2 D 178 840 1
10 D 178 43 1
6 D 178 961 1
16 D 178 1696 1
0 L 0 1091 1
0 L 0 890 1
2 L 4 607 1
2 L 4 1704 1
6 L 4 334 1
6 L 4 312 1
0 D 519 1091 1
0 D 519 890 1
2 D 519 607 1
2 D 519 1704 1
6 D 519 334 1
6 D 519 312 1
15 L 3 1742 1
15 L 3 476 1
22 L 3 172 1
22 L 3 282 1
9 L 3 1901 1
9 L 3 1413 1
17 L 3 1285 1
9 L 3 1060 1
22 L 3 787 1
17 L 3 71 1
17 L 9 404 1
15 D 545 1742 1
15 D 545 476 1
22 D 545 172 1
22 D 545 282 1
22 D 545 787 1
9 D 545 1901 1
9 D 545 1413 1
9 D 545 1060 1
17 D 545 1285 1
17 D 545 71 1
17 D 545 404 1
20 L 7 1851 1
20 L 12 1715 1
20 L 12 1938 1
10 L 12 1818 1
20 D 982 1851 1
20 D 982 1715 1
20 D 982 1938 1
10 D 982 1818 1
8 L 0 1898 1
8 L 0 238 1
13 L 0 1545 1
8 L 0 421 1
8 D 565 1898 1
8 D 565 238 1
8 D 565 421 1
13 D 565 1545 1
25 L 10 1264 1
25 L 10 97 1
12 L 11 576 1
25 D 911 1264 1
25 D 911 97 1
12 D 911 576 1
16 L 4 975 1
16 L 4 287 1
16 L 4 105 1
0 L 4 186 1
2 L 4 75 1
16 D 909 975 1
16 D 909 287 1
16 D 909 105 1
0 D 909 186 1
2 D 909 75 1
6 L 4 794 1
6 L 4 1419 1
0 L 4 643 1
0 L 4 1329 1
2 L 4 377 1
16 L 4 1491 1
2 L 4 1862 1
16 L 4 1177 1
6 D 566 794 1
6 D 566 1419 1
0 D 566 643 1
0 D 566 1329 1
2 D 566 377 1
2 D 566 1862 1
16 D 566 1491 1
16 D 566 1177 1
9 L 3 381 1
1 L 8 1802 1
1 L 8 852 1
1 L 8 866 1
3 L 8 1441 1
3 L 8 1925 1
3 L 8 537 1
1 L 8 1025 1
3 L 8 1870 1
4 L 8 1871 1
4 L 8 1043 1
5 L 8 16 1
9 L 9 808 1
9 D 763 381 1
9 D 763 808 1
1 D 763 1802 1
1 D 763 852 1
1 D 763 866 1
1 D 763 1025 1
3 D 763 1441 1
3 D 763 1925 1
3 D 763 537 1
3 D 763 1870 1
4 D 763 1871 1
4 D 763 1043 1
5 D 763 16 1
0 L 4 761 1
0 L 4 1634 1
2 L 4 1504 1
6 L 4 19 1
2 L 4 1488 1
10 L 7 624 1
0 D 860 761 1
0 D 860 1634 1
2 D 860 1504 1
2 D 860 1488 1
6 D 860 19 1
10 D 860 624 1
20 L 7 404 1
20 L 7 160 1
0 L 7 1794 1
0 L 7 1415 1
2 L 7 326 1
2 L 7 835 1
6 L 7 26 1
6 L 7 1909 1
20 L 12 874 1
6 L 13 1947 1
10 L 13 717 1
20 D 644 404 1
20 D 644 160 1
20 D 644 874 1
0 D 644 1794 1
0 D 644 1415 1
2 D 644 326 1
2 D 644 835 1
6 D 644 26 1
6 D 644 1909 1
6 D 644 1947 1
10 D 644 717 1
16 L 4 1831 1
16 L 4 1030 1
0 L 4 914 1
0 L 4 1673 1
2 L 4 377 1
6 L 7 1041 1
6 L 7 1672 1
16 D 86 1831 1
16 D 86 1030 1
0 D 86 914 1
0 D 86 1673 1
2 D 86 377 1
6 D 86 1041 1
6 D 86 1672 1
8 L 0 230 1
18 L 1 1444 1
18 L 1 83 1
18 L 1 86 1
7 L 1 1541 1
7 L 1 762 1
7 L 1 1927 1
8 D 131 230 1
18 D 131 1444 1
18 D 131 83 1
18 D 131 86 1
7 D 131 1541 1
7 D 131 762 1
7 D 131 1927 1
15 L 3 1719 1
15 L 3 551 1
15 L 3 1853 1
15 L 3 288 1
17 L 3 1610 1
1 L 8 825 1
15 D 859 1719 1
15 D 859 551 1
15 D 859 1853 1
15 D 859 288 1
17 D 859 1610 1
1 D 859 825 1
12 L 10 913 1
14 L 11 1792 1
19 L 11 1020 1
14 L 11 1966 1
19 L 11 745 1
21 L 11 1214 1
12 D 2 913 1
14 D 2 1792 1
14 D 2 1966 1
19 D 2 1020 1
19 D 2 745 1
21 D 2 1214 1
23 L 11 971 1
23 L 11 1488 1
23 L 11 1718 1
12 L 11 19 1
12 L 11 1617 1
12 L 11 1981 1
14 L 11 1382 1
23 D 622 971 1
23 D 622 1488 1
23 D 622 1718 1
12 D 622 19 1
12 D 622 1617 1
12 D 622 1981 1
14 D 622 1382 1
3 L 8 926 1
3 L 8 38 1
4 L 8 403 1
3 L 8 1810 1
4 L 8 26 1
4 L 8 841 1
5 L 8 855 1
9 L 9 118 1
9 L 9 635 1
3 D 737 926 1
3 D 737 38 1
3 D 737 1810 1
4 D 737 403 1
4 D 737 26 1
4 D 737 841 1
5 D 737 855 1
9 D 737 118 1
9 D 737 635 1
0 L 4 101 1
2 L 4 1233 1
2 L 4 1883 1
0 L 4 1069 1
6 L 4 1033 1
6 L 4 1874 1
0 L 4 265 1
2 L 4 434 1
16 L 4 719 1
16 L 4 1913 1
16 L 4 45 1
10 L 7 1551 1
10 L 7 1661 1
0 D 937 101 1
0 D 937 1069 1
0 D 937 265 1
2 D 937 1233 1
2 D 937 1883 1
2 D 937 434 1
6 D 937 1033 1
6 D 937 1874 1
16 D 937 719 1
16 D 937 1913 1
16 D 937 45 1
10 D 937 1551 1
10 D 937 1661 1
7 L 1 1644 1
7 L 1 1962 1
8 L 1 15 1
7 L 1 1589 1
8 L 1 296 1
8 L 1 1238 1
7 D 148 1644 1
7 D 148 1962 1
7 D 148 1589 1
8 D 148 15 1
8 D 148 296 1
8 D 148 1238 1
20 L 7 1712 1
20 L 7 392 1
20 L 7 1586 1
0 L 7 1168 1
0 L 7 680 1
2 L 7 1481 1
2 L 7 531 1
0 L 7 1339 1
6 L 7 262 1
2 L 7 200 1
10 L 7 1164 1
20 D 79 1712 1
20 D 79 392 1
20 D 79 1586 1
0 D 79 1168 1
0 D 79 680 1
0 D 79 1339 1
2 D 79 1481 1
2 D 79 531 1
2 D 79 200 1
6 D 79 262 1
10 D 79 1164 1
13 L 0 421 1
13 L 0 1380 1
13 L 0 466 1
18 L 5 1803 1
13 D 214 421 1
13 D 214 1380 1
13 D 214 466 1
18 D 214 1803 1
13 L 0 522 1
18 L 0 690 1
7 L 5 320 1
13 D 591 522 1
18 D 591 690 1
7 D 591 320 1
7 L 0 699 1
7 L 0 1568 1
7 L 0 1566 1
13 L 0 1065 1
7 L 0 1176 1
13 L 0 1005 1
13 L 0 953 1
18 L 0 547 1
7 D 73 699 1
7 D 73 1568 1
7 D 73 1566 1
7 D 73 1176 1
13 D 73 1065 1
13 D 73 1005 1
13 D 73 953 1
18 D 73 547 1
22 L 3 248 1
22 L 15 99 1
1 L 15 975 1
1 L 15 8 1
1 L 15 123 1
22 D 494 248 1
22 D 494 99 1
1 D 494 975 1
1 D 494 8 1
1 D 494 123 1
1 L 15 1159 1
1 L 15 1944 1
22 L 15 785 1
1 L 15 298 1
22 L 15 404 1
1 L 15 1843 1
1 D 245 1159 1
1 D 245 1944 1
1 D 245 298 1
1 D 245 1843 1
22 D 245 785 1
22 D 245 404 1
15 L 3 136 1
15 L 3 994 1
15 L 3 675 1
17 L 3 484 1
17 L 3 172 1
1 L 3 442 1
15 L 3 622 1
17 L 3 484 1
1 L 3 904 1
22 L 3 1673 1
15 D 569 136 1
15 D 569 994 1
15 D 569 675 1
15 D 569 622 1
17 D 569 484 1
17 D 569 172 1
17 D 569 484 1
1 D 569 442 1
1 D 569 904 1
22 D 569 1673 1
1 L 3 734 1
1 L 9 1105 1
1 L 9 1092 1
15 L 9 1584 1
15 L 9 1831 1
17 L 9 1003 1
17 L 9 1537 1
22 L 9 270 1
3 L 9 1256 1
3 L 9 453 1
22 L 9 1167 1
4 L 9 1779 1
4 L 9 1214 1
5 L 9 805 1
1 D 138 734 1
1 D 138 1105 1
1 D 138 1092 1
15 D 138 1584 1
15 D 138 1831 1
17 D 138 1003 1
17 D 138 1537 1
22 D 138 270 1
22 D 138 1167 1
3 D 138 1256 1
3 D 138 453 1
4 D 138 1779 1
4 D 138 1214 1
5 D 138 805 1
1 L 3 1529 1
1 L 3 1233 1
3 L 3 1909 1
4 L 3 1902 1
4 L 3 337 1
3 L 3 1297 1
5 L 3 565 1
5 L 3 1713 1
15 L 3 917 1
17 L 3 1447 1
5 L 9 115 1
22 L 15 868 1
1 D 407 1529 1
1 D 407 1233 1
3 D 407 1909 1
3 D 407 1297 1
4 D 407 1902 1
4 D 407 337 1
5 D 407 565 1
5 D 407 1713 1
5 D 407 115 1
15 D 407 917 1
17 D 407 1447 1
22 D 407 868 1
1 L 15 41 1
1 L 15 996 1
1 L 15 529 1
3 L 15 735 1
4 L 15 1704 1
1 D 708 41 1
1 D 708 996 1
1 D 708 529 1
3 D 708 735 1
4 D 708 1704 1
7 L 0 1125 1
16 L 4 1311 1
16 L 4 1013 1
16 L 4 490 1
16 L 4 694 1
16 L 4 251 1
0 L 4 1195 1
0 L 4 431 1
2 L 4 1243 1
0 L 4 848 1
2 L 4 31 1
19 L 11 1706 1
7 D 848 1125 1
16 D 848 1311 1
16 D 848 1013 1
16 D 848 490 1
16 D 848 694 1
16 D 848 251 1
0 D 848 1195 1
0 D 848 431 1
0 D 848 848 1
2 D 848 1243 1
2 D 848 31 1
19 D 848 1706 1
8 L 14 184 1
8 L 14 229 1
8 L 14 1965 1
11 L 14 774 1
9 L 14 785 1
27 L 14 427 1
9 L 14 877 1
13 L 14 1250 1
8 L 14 820 1
8 D 695 184 1
8 D 695 229 1
8 D 695 1965 1
8 D 695 820 1
11 D 695 774 1
9 D 695 785 1
9 D 695 877 1
27 D 695 427 1
13 D 695 1250 1
5 L 8 1047 1
5 L 8 1841 1
8 L 14 1183 1
5 D 202 1047 1
5 D 202 1841 1
8 D 202 1183 1
18 L 0 1039 1
18 L 1 1289 1
18 L 1 400 1
9 L 1 1413 1
18 L 1 631 1
9 L 1 89 1
18 D 292 1039 1
18 D 292 1289 1
18 D 292 400 1
18 D 292 631 1
9 D 292 1413 1
9 D 292 89 1
6 L 7 160 1
6 L 7 168 1
10 L 7 862 1
20 L 7 1599 1
10 L 7 1797 1
6 L 7 287 1
1 L 7 747 1
3 L 7 1435 1
1 L 7 1097 1
4 L 7 703 1
20 L 7 159 1
4 L 13 1577 1
6 D 301 160 1
6 D 301 168 1
6 D 301 287 1
10 D 301 862 1
10 D 301 1797 1
20 D 301 1599 1
20 D 301 159 1
1 D 301 747 1
1 D 301 1097 1
3 D 301 1435 1
4 D 301 703 1
4 D 301 1577 1
0 L 4 122 1
0 L 4 347 1
2 L 4 1820 1
0 L 4 1619 1
2 L 4 537 1
7 L 4 139 1
1 L 7 949 1
1 L 7 1809 1
0 D 650 122 1
0 D 650 347 1
0 D 650 1619 1
2 D 650 1820 1
2 D 650 537 1
7 D 650 139 1
1 D 650 949 1
1 D 650 1809 1
9 L 1 1735 1
11 L 6 1698 1
11 L 6 1337 1
13 L 6 1200 1
11 L 6 300 1
11 L 6 1316 1
13 L 6 1012 1
27 L 6 719 1
27 L 6 360 1
27 L 14 682 1
9 D 919 1735 1
11 D 919 1698 1
11 D 919 1337 1
11 D 919 300 1
11 D 919 1316 1
13 D 919 1200 1
13 D 919 1012 1
27 D 919 719 1
27 D 919 360 1
27 D 919 682 1
15 L 3 683 1
5 L 8 121 1
5 L 8 1887 1
5 L 8 1270 1
5 L 8 1916 1
8 L 8 41 1
5 L 8 501 1
8 L 8 391 1
15 D 188 683 1
5 D 188 121 1
5 D 188 1887 1
5 D 188 1270 1
5 D 188 1916 1
5 D 188 501 1
8 D 188 41 1
8 D 188 391 1
18 L 0 1839 1
18 L 0 759 1
18 L 0 1482 1
16 L 0 1446 1
0 L 4 1341 1
18 D 291 1839 1
18 D 291 759 1
18 D 291 1482 1
16 D 291 1446 1
0 D 291 1341 1
1 L 4 54 1
1 L 4 1653 1
1 L 4 432 1
1 L 4 959 1
1 L 4 748 1
2 L 4 1854 1
1 L 4 1703 1
2 L 4 1808 1
2 L 4 742 1
7 L 4 942 1
7 L 4 104 1
19 L 4 499 1
19 L 4 1092 1
7 L 4 1554 1
3 L 4 1049 1
4 L 7 1680 1
4 L 7 1057 1
1 D 394 54 1
1 D 394 1653 1
1 D 394 432 1
1 D 394 959 1
1 D 394 748 1
1 D 394 1703 1
2 D 394 1854 1
2 D 394 1808 1
2 D 394 742 1
7 D 394 942 1
7 D 394 104 1
7 D 394 1554 1
19 D 394 499 1
19 D 394 1092 1
3 D 394 1049 1
4 D 394 1680 1
4 D 394 1057 1
0 L 0 1976 1
0 L 0 1554 1
0 L 0 901 1
16 L 0 688 1
1 L 4 861 1
0 D 623 1976 1
0 D 623 1554 1
0 D 623 901 1
16 D 623 688 1
1 D 623 861 1
2 L 4 1338 1
2 L 4 621 1
2 L 4 1723 1
2 L 4 360 1
3 L 4 190 1
3 L 4 375 1
4 L 4 1120 1
3 L 4 94 1
3 L 4 1202 1
21 L 11 1880 1
21 L 11 521 1
2 D 705 1338 1
2 D 705 621 1
2 D 705 1723 1
2 D 705 360 1
3 D 705 190 1
3 D 705 375 1
3 D 705 94 1
3 D 705 1202 1
4 D 705 1120 1
21 D 705 1880 1
21 D 705 521 1
0 L 0 734 1
0 L 0 1297 1
1 L 0 1452 1
1 L 5 1811 1
0 D 403 734 1
0 D 403 1297 1
1 D 403 1452 1
1 D 403 1811 1
17 L 3 1644 1
17 L 3 223 1
17 L 3 1864 1
22 L 3 739 1
22 L 3 1971 1
5 L 3 1879 1
22 L 3 201 1
5 L 3 600 1
22 L 3 954 1
8 L 9 1945 1
17 D 51 1644 1
17 D 51 223 1
17 D 51 1864 1
22 D 51 739 1
22 D 51 1971 1
22 D 51 201 1
22 D 51 954 1
5 D 51 1879 1
5 D 51 600 1
8 D 51 1945 1
2 L 4 1943 1
2 L 4 1088 1
2 L 4 751 1
3 L 4 1534 1
4 L 4 1728 1
4 L 4 567 1
21 L 4 1545 1
2 L 4 1138 1
21 L 4 1115 1
7 L 4 745 1
7 L 4 1875 1
6 L 7 412 1
10 L 7 676 1
2 D 354 1943 1
2 D 354 1088 1
2 D 354 751 1
2 D 354 1138 1
3 D 354 1534 1
4 D 354 1728 1
4 D 354 567 1
21 D 354 1545 1
21 D 354 1115 1
7 D 354 745 1
7 D 354 1875 1
6 D 354 412 1
10 D 354 676 1
9 L 1 427 1
11 L 1 1574 1
9 L 1 753 1
9 L 1 841 1
11 L 1 467 1
11 L 1 114 1
9 D 294 427 1
9 D 294 753 1
9 D 294 841 1
11 D 294 1574 1
11 D 294 467 1
11 D 294 114 1
15 L 8 764 1
15 L 8 214 1
5 L 8 770 1
15 L 8 1641 1
5 L 8 1598 1
8 L 8 1654 1
5 L 8 727 1
15 D 128 764 1
15 D 128 214 1
15 D 128 1641 1
5 D 128 770 1
5 D 128 1598 1
5 D 128 727 1
8 D 128 1654 1
17 L 8 1671 1
17 L 8 1304 1
22 L 8 749 1
22 L 8 555 1
22 L 8 1877 1
5 L 8 779 1
5 L 8 1214 1
8 L 8 1580 1
17 L 8 604 1
22 L 8 1567 1
5 L 8 1289 1
17 D 343 1671 1
17 D 343 1304 1
17 D 343 604 1
22 D 343 749 1
22 D 343 555 1
22 D 343 1877 1
22 D 343 1567 1
5 D 343 779 1
5 D 343 1214 1
5 D 343 1289 1
8 D 343 1580 1
13 L 6 638 1
5 L 8 1240 1
5 L 8 1372 1
5 L 8 513 1
5 L 8 1537 1
5 L 8 168 1
8 L 8 1966 1
8 L 8 1094 1
8 L 8 1754 1
27 L 14 1612 1
13 D 362 638 1
5 D 362 1240 1
5 D 362 1372 1
5 D 362 513 1
5 D 362 1537 1
5 D 362 168 1
8 D 362 1966 1
8 D 362 1094 1
8 D 362 1754 1
27 D 362 1612 1
0 L 0 1602 1
0 L 0 1598 1
0 L 0 1607 1
0 L 0 1604 1
1 L 0 385 1
1 L 0 1005 1
16 L 0 1453 1
1 L 0 1904 1
16 L 0 878 1
16 L 0 438 1
18 L 0 1359 1
18 L 0 1005 1
18 L 0 920 1
9 L 0 786 1
18 L 0 53 1
9 L 5 306 1
0 D 914 1602 1
0 D 914 1598 1
0 D 914 1607 1
0 D 914 1604 1
1 D 914 385 1
1 D 914 1005 1
1 D 914 1904 1
16 D 914 1453 1
16 D 914 878 1
16 D 914 438 1
18 D 914 1359 1
18 D 914 1005 1
18 D 914 920 1
18 D 914 53 1
9 D 914 786 1
9 D 914 306 1
20 L 7 1294 1
20 L 7 687 1
20 L 7 1602 1
2 L 7 872 1
5 L 8 1906 1
20 D 194 1294 1
20 D 194 687 1
20 D 194 1602 1
2 D 194 872 1
5 D 194 1906 1
0 L 1 1923 1
0 L 1 1699 1
0 L 1 68 1
0 L 1 1459 1
1 L 1 594 1
1 L 1 673 1
0 L 5 187 1
9 L 5 1939 1
0 D 665 1923 1
0 D 665 1699 1
0 D 665 68 1
0 D 665 1459 1
0 D 665 187 1
1 D 665 594 1
1 D 665 673 1
9 D 665 1939 1
19 L 4 1192 1
19 L 4 1619 1
19 L 4 180 1
3 L 4 1740 1
19 L 4 283 1
3 L 4 1137 1
4 L 4 153 1
4 L 4 843 1
2 L 7 1542 1
19 D 133 1192 1
19 D 133 1619 1
19 D 133 180 1
19 D 133 283 1
3 D 133 1740 1
3 D 133 1137 1
4 D 133 153 1
4 D 133 843 1
2 D 133 1542 1
8 L 8 1208 1
8 L 8 1345 1
13 L 8 563 1
13 L 8 815 1
8 L 8 1491 1
13 L 8 575 1
17 L 9 1899 1
17 L 9 486 1
8 D 414 1208 1
8 D 414 1345 1
8 D 414 1491 1
13 D 414 563 1
13 D 414 815 1
13 D 414 575 1
17 D 414 1899 1
17 D 414 486 1
8 L 3 297 1
8 L 3 1257 1
13 L 3 1854 1
13 L 3 1555 1
17 L 3 650 1
13 L 3 1550 1
8 L 3 636 1
17 L 3 807 1
15 L 3 1236 1
15 L 15 1945 1
8 D 470 297 1
8 D 470 1257 1
8 D 470 636 1
13 D 470 1854 1
13 D 470 1555 1
13 D 470 1550 1
17 D 470 650 1
17 D 470 807 1
15 D 470 1236 1
15 D 470 1945 1
27 L 6 824 1
22 L 8 548 1
22 L 8 1219 1
8 L 8 917 1
8 L 8 1037 1
13 L 8 795 1
27 D 684 824 1
22 D 684 548 1
22 D 684 1219 1
8 D 684 917 1
8 D 684 1037 1
13 D 684 795 1
16 L 0 1624 1
16 L 0 971 1
16 L 0 1457 1
18 L 0 750 1
18 L 0 1764 1
18 L 0 1042 1
0 L 0 157 1
18 L 0 517 1
0 L 0 1625 1
1 L 0 802 1
1 L 0 129 1
0 L 0 1915 1
1 L 0 649 1
1 L 0 1420 1
9 L 0 552 1
6 L 4 903 1
11 L 5 1803 1
16 D 809 1624 1
16 D 809 971 1
16 D 809 1457 1
18 D 809 750 1
18 D 809 1764 1
18 D 809 1042 1
18 D 809 517 1
0 D 809 157 1
0 D 809 1625 1
0 D 809 1915 1
1 D 809 802 1
1 D 809 129 1
1 D 809 649 1
1 D 809 1420 1
9 D 809 552 1
6 D 809 903 1
11 D 809 1803 1
0 L 0 541 1
7 L 4 1554 1
7 L 4 111 1
7 L 4 1188 1
10 L 4 1097 1
10 L 4 529 1
0 D 815 541 1
7 D 815 1554 1
7 D 815 111 1
7 D 815 1188 1
10 D 815 1097 1
10 D 815 529 1
25 L 10 1786 1
25 L 10 1820 1
25 L 10 1719 1
28 L 10 1106 1
28 L 10 183 1
28 L 10 1184 1
12 L 10 257 1
12 L 10 1255 1
12 L 10 1055 1
14 L 10 1087 1
14 L 10 1073 1
25 D 9 1786 1
25 D 9 1820 1
25 D 9 1719 1
28 D 9 1106 1
28 D 9 183 1
28 D 9 1184 1
12 D 9 257 1
12 D 9 1255 1
12 D 9 1055 1
14 D 9 1087 1
14 D 9 1073 1
5 L 7 338 1
20 L 7 922 1
20 L 7 1270 1
5 L 7 1580 1
5 L 7 1142 1
2 L 7 1453 1
20 L 7 1087 1
5 D 313 338 1
5 D 313 1580 1
5 D 313 1142 1
20 D 313 922 1
20 D 313 1270 1
20 D 313 1087 1
2 D 313 1453 1
3 L 7 1002 1
3 L 7 1470 1
4 L 7 935 1
4 L 7 424 1
4 L 7 483 1
19 L 7 711 1
2 L 7 32 1
2 L 7 401 1
5 L 7 1540 1
2 L 7 1526 1
3 L 7 1139 1
20 L 7 1413 1
3 D 12 1002 1
3 D 12 1470 1
3 D 12 1139 1
4 D 12 935 1
4 D 12 424 1
4 D 12 483 1
19 D 12 711 1
2 D 12 32 1
2 D 12 401 1
2 D 12 1526 1
5 D 12 1540 1
20 D 12 1413 1
1 L 0 1704 1
1 L 0 863 1
6 L 0 1902 1
1 L 0 1703 1
9 L 0 1133 1
6 L 0 1170 1
9 L 0 841 1
9 L 0 919 1
1 L 0 342 1
9 L 0 732 1
11 L 0 1160 1
16 L 5 616 1
1 D 222 1704 1
1 D 222 863 1
1 D 222 1703 1
1 D 222 342 1
6 D 222 1902 1
6 D 222 1170 1
9 D 222 1133 1
9 D 222 841 1
9 D 222 919 1
9 D 222 732 1
11 D 222 1160 1
16 D 222 616 1
8 L 6 877 1
8 L 6 15 1
8 L 6 915 1
13 L 6 1817 1
13 L 6 803 1
13 L 6 123 1
22 L 6 1569 1
8 D 41 877 1
8 D 41 15 1
8 D 41 915 1
13 D 41 1817 1
13 D 41 803 1
13 D 41 123 1
22 D 41 1569 1
23 L 11 1658 1
23 L 11 1910 1
23 L 11 1135 1
24 L 11 628 1
2 L 12 353 1
23 D 534 1658 1
23 D 534 1910 1
23 D 534 1135 1
24 D 534 628 1
2 D 534 353 1
21 L 4 56 1
21 L 4 1810 1
21 L 4 1139 1
0 L 4 348 1
3 L 7 1598 1
21 D 645 56 1
21 D 645 1810 1
21 D 645 1139 1
0 D 645 348 1
3 D 645 1598 1
18 L 0 336 1
0 L 4 1378 1
4 L 7 93 1
2 L 11 666 1
2 L 11 1433 1
18 D 890 336 1
0 D 890 1378 1
4 D 890 93 1
2 D 890 666 1
2 D 890 1433 1
1 L 0 650 1
1 L 0 401 1
1 L 0 1853 1
6 L 0 931 1
6 L 0 1589 1
6 L 0 1476 1
6 L 0 779 1
9 L 1 1837 1
1 D 134 650 1
1 D 134 401 1
1 D 134 1853 1
6 D 134 931 1
6 D 134 1589 1
6 D 134 1476 1
6 D 134 779 1
9 D 134 1837 1
0 L 4 1108 1
2 L 4 747 1
2 L 4 534 1
15 L 15 1635 1
0 D 281 1108 1
2 D 281 747 1
2 D 281 534 1
15 D 281 1635 1
17 L 15 130 1
17 L 15 1080 1
17 L 15 1462 1
0 L 15 682 1
17 L 15 1042 1
0 L 15 243 1
0 L 15 1616 1
2 L 15 1417 1
17 D 774 130 1
17 D 774 1080 1
17 D 774 1462 1
17 D 774 1042 1
0 D 774 682 1
0 D 774 243 1
0 D 774 1616 1
2 D 774 1417 1
4 L 4 305 1
4 L 4 1321 1
23 L 11 1492 1
4 D 906 305 1
4 D 906 1321 1
23 D 906 1492 1
18 L 4 1039 1
18 L 4 1831 1
18 L 4 1842 1
5 L 7 1255 1
5 L 7 1285 1
5 L 7 196 1
24 L 11 648 1
18 D 856 1039 1
18 D 856 1831 1
18 D 856 1842 1
5 D 856 1255 1
5 D 856 1285 1
5 D 856 196 1
24 D 856 648 1
0 L 3 724 1
0 L 15 849 1
0 L 15 1484 1
2 L 15 747 1
2 L 15 920 1
17 L 15 86 1
17 L 15 1331 1
17 L 15 1627 1
15 L 15 1144 1
15 L 15 1082 1
19 L 15 1864 1
0 D 140 724 1
0 D 140 849 1
0 D 140 1484 1
2 D 140 747 1
2 D 140 920 1
17 D 140 86 1
17 D 140 1331 1
17 D 140 1627 1
15 D 140 1144 1
15 D 140 1082 1
19 D 140 1864 1
8 L 2 159 1
8 L 2 1687 1
13 L 2 38 1
22 L 2 747 1
13 L 2 756 1
22 L 2 1609 1
8 L 2 253 1
27 L 2 1785 1
27 L 2 1073 1
8 L 2 243 1
0 L 2 1385 1
8 D 413 159 1
8 D 413 1687 1
8 D 413 253 1
8 D 413 243 1
13 D 413 38 1
13 D 413 756 1
22 D 413 747 1
22 D 413 1609 1
27 D 413 1785 1
27 D 413 1073 1
0 D 413 1385 1
11 L 0 843 1
11 L 0 334 1
16 L 0 1406 1
16 L 0 613 1
16 L 0 1480 1
1 L 0 859 1
11 D 30 843 1
11 D 30 334 1
16 D 30 1406 1
16 D 30 613 1
16 D 30 1480 1
1 D 30 859 1
5 L 4 658 1
5 L 4 1002 1
5 L 4 922 1
18 L 4 905 1
18 L 4 154 1
5 L 4 1350 1
24 L 4 1451 1
18 L 4 447 1
2 L 15 1922 1
5 D 346 658 1
5 D 346 1002 1
5 D 346 922 1
5 D 346 1350 1
18 D 346 905 1
18 D 346 154 1
18 D 346 447 1
24 D 346 1451 1
2 D 346 1922 1
12 L 10 1576 1
26 L 11 1771 1
26 L 11 921 1
26 L 11 1289 1
29 L 11 1098 1
12 D 490 1576 1
26 D 490 1771 1
26 D 490 921 1
26 D 490 1289 1
29 D 490 1098 1